--------------- Build Started: 08/09/2019 22:09:56 Project: weston_1, Configuration: ARM GCC 5.4-2016-q2-update Debug ---------------
cydsfit.exe -.appdatapath "C:\Users\JeffSnyder\AppData\Local\Cypress Semiconductor\PSoC Creator\4.2" -.fdsnotice -.fdswarpdepfile=warp_dependencies.txt -.fdselabdepfile=elab_dependencies.txt -.fdsbldfile=generated_files.txt -.fdsreffile=referenced_files.txt -p C:\Users\JeffSnyder\Documents\SnyderphonicsDevKit\weston_1\weston_1.cydsn\weston_1.cyprj -d CY8C5888LTI-LP097 -s C:\Users\JeffSnyder\Documents\SnyderphonicsDevKit\weston_1\weston_1.cydsn\Generated_Source\PSoC5 -- -yv2 -q10 -ygs -o2 -v3 -.fftcfgtype=LE
Elaborating Design...
HDL Generation...
Synthesis...
Tech Mapping...
Analog Placement...
Log: apr.M0058: The analog placement iterative improvement is 67% done. (App=cydsfit)
Log: apr.M0058: The analog placement iterative improvement is 90% done. (App=cydsfit)
Analog Routing...
Analog Code Generation...
Digital Placement...
Digital Routing...
Bitstream Generation...
Bitstream Verification...
Static timing analysis...
API Generation...
Dependency Generation...
Cleanup...
arm-none-eabi-gcc.exe -mcpu=cortex-m3 -mthumb -I. -IGenerated_Source\PSoC5 -Wa,-alh=.\CortexM3\ARM_GCC_541\Debug/main.lst -g -D DEBUG -D CY_CORE_ID=0 -Wall -ffunction-sections -ffat-lto-objects -Og -c main.c -o .\CortexM3\ARM_GCC_541\Debug\main.o
arm-none-eabi-ar.exe -rs .\CortexM3\ARM_GCC_541\Debug\weston_1.a .\CortexM3\ARM_GCC_541\Debug\MIDI1_UART.o .\CortexM3\ARM_GCC_541\Debug\MIDI1_UART_PM.o .\CortexM3\ARM_GCC_541\Debug\MIDI1_UART_INT.o .\CortexM3\ARM_GCC_541\Debug\MIDI1_UART_BOOT.o .\CortexM3\ARM_GCC_541\Debug\MIDI1_UART_IntClock.o .\CortexM3\ARM_GCC_541\Debug\cy_em_eeprom.o .\CortexM3\ARM_GCC_541\Debug\CyDmac.o .\CortexM3\ARM_GCC_541\Debug\CyFlash.o .\CortexM3\ARM_GCC_541\Debug\CyLib.o .\CortexM3\ARM_GCC_541\Debug\cyPm.o .\CortexM3\ARM_GCC_541\Debug\CySpc.o .\CortexM3\ARM_GCC_541\Debug\cyutils.o .\CortexM3\ARM_GCC_541\Debug\CapSense.o .\CortexM3\ARM_GCC_541\Debug\CapSense_CSHL.o .\CortexM3\ARM_GCC_541\Debug\CapSense_INT.o .\CortexM3\ARM_GCC_541\Debug\CapSense_Pins.o .\CortexM3\ARM_GCC_541\Debug\CapSense_PM.o .\CortexM3\ARM_GCC_541\Debug\CapSense_SMS_Wrapper.o .\CortexM3\ARM_GCC_541\Debug\CapSense_TunerHelper.o .\CortexM3\ARM_GCC_541\Debug\Em_EEPROM.o .\CortexM3\ARM_GCC_541\Debug\CapSense_CompCH0.o .\CortexM3\ARM_GCC_541\Debug\CapSense_CompCH0_PM.o .\CortexM3\ARM_GCC_541\Debug\CapSense_IdacCH0.o .\CortexM3\ARM_GCC_541\Debug\CapSense_IdacCH0_PM.o .\CortexM3\ARM_GCC_541\Debug\CapSense_AMuxCH0.o .\CortexM3\ARM_GCC_541\Debug\CapSense_IntClock.o .\CortexM3\ARM_GCC_541\Debug\LED1.o .\CortexM3\ARM_GCC_541\Debug\USB.o .\CortexM3\ARM_GCC_541\Debug\USB_audio.o .\CortexM3\ARM_GCC_541\Debug\USB_boot.o .\CortexM3\ARM_GCC_541\Debug\USB_cdc.o .\CortexM3\ARM_GCC_541\Debug\USB_cls.o .\CortexM3\ARM_GCC_541\Debug\USB_descr.o .\CortexM3\ARM_GCC_541\Debug\USB_drv.o .\CortexM3\ARM_GCC_541\Debug\USB_episr.o .\CortexM3\ARM_GCC_541\Debug\USB_hid.o .\CortexM3\ARM_GCC_541\Debug\USB_pm.o .\CortexM3\ARM_GCC_541\Debug\USB_std.o .\CortexM3\ARM_GCC_541\Debug\USB_vnd.o .\CortexM3\ARM_GCC_541\Debug\USB_midi.o .\CortexM3\ARM_GCC_541\Debug\USB_msc.o .\CortexM3\ARM_GCC_541\Debug\USB_Dm.o .\CortexM3\ARM_GCC_541\Debug\USB_Dp.o .\CortexM3\ARM_GCC_541\Debug\CyBootAsmGnu.o
arm-none-eabi-ar.exe: creating .\CortexM3\ARM_GCC_541\Debug\weston_1.a
arm-none-eabi-gcc.exe -Wl,--start-group -o C:\Users\JeffSnyder\Documents\SnyderphonicsDevKit\weston_1\weston_1.cydsn\CortexM3\ARM_GCC_541\Debug\weston_1.elf .\CortexM3\ARM_GCC_541\Debug\main.o .\CortexM3\ARM_GCC_541\Debug\cyfitter_cfg.o .\CortexM3\ARM_GCC_541\Debug\cymetadata.o .\CortexM3\ARM_GCC_541\Debug\Cm3Start.o .\CortexM3\ARM_GCC_541\Debug\weston_1.a "C:\Program Files (x86)\Cypress\PSoC Creator\4.2\PSoC Creator\psoc\content\CyComponentLibrary\CyComponentLibrary.cylib\CapSense_CSD_v3_50\Library\CapSenseLibrary_GCC.a" "C:\Program Files (x86)\Cypress\PSoC Creator\4.2\PSoC Creator\psoc\content\cycomponentlibrary\CyComponentLibrary.cylib\CortexM3\ARM_GCC_541\Debug\CyComponentLibrary.a" -mcpu=cortex-m3 -mthumb -L Generated_Source\PSoC5 -Wl,-Map,.\CortexM3\ARM_GCC_541\Debug/weston_1.map -T Generated_Source\PSoC5\cm3gcc.ld -specs=nano.specs -Wl,--gc-sections -g -ffunction-sections -Og -ffat-lto-objects -Wl,--end-group
cyelftool.exe -C C:\Users\JeffSnyder\Documents\SnyderphonicsDevKit\weston_1\weston_1.cydsn\CortexM3\ARM_GCC_541\Debug\weston_1.elf --flash_row_size 256 --flash_size 262144 --flash_offset 0x00000000
No ELF section .cychecksum found, creating one
Application checksum calculated and stored in ELF section .cychecksum
Checksum calculated and stored in ELF section .cymeta
cyelftool.exe -S C:\Users\JeffSnyder\Documents\SnyderphonicsDevKit\weston_1\weston_1.cydsn\CortexM3\ARM_GCC_541\Debug\weston_1.elf
Flash used: 19530 of 262144 bytes (7.5%).
SRAM used: 3449 of 65536 bytes (5.3%). Stack: 2048 bytes. Heap: 128 bytes.
--------------- Build Succeeded: 08/09/2019 22:10:26 ---------------
