ARM GAS  C:\Users\JEFFSN~1\AppData\Local\Temp\ccUoPXeE.s 			page 1


   1              		.syntax unified
   2              		.cpu cortex-m3
   3              		.fpu softvfp
   4              		.eabi_attribute 20, 1
   5              		.eabi_attribute 21, 1
   6              		.eabi_attribute 23, 3
   7              		.eabi_attribute 24, 1
   8              		.eabi_attribute 25, 1
   9              		.eabi_attribute 26, 1
  10              		.eabi_attribute 30, 1
  11              		.eabi_attribute 34, 1
  12              		.eabi_attribute 18, 4
  13              		.thumb
  14              		.syntax unified
  15              		.file	"CapSense_1_TunerHelper.c"
  16              		.text
  17              	.Ltext0:
  18              		.cfi_sections	.debug_frame
  19              		.section	.text.CapSense_1_TunerStart,"ax",%progbits
  20              		.align	2
  21              		.global	CapSense_1_TunerStart
  22              		.thumb
  23              		.thumb_func
  24              		.type	CapSense_1_TunerStart, %function
  25              	CapSense_1_TunerStart:
  26              	.LFB0:
  27              		.file 1 "Generated_Source\\PSoC5\\CapSense_1_TunerHelper.c"
   1:Generated_Source\PSoC5/CapSense_1_TunerHelper.c **** /*******************************************************************************
   2:Generated_Source\PSoC5/CapSense_1_TunerHelper.c **** * File Name: CapSense_1_TunerHelper.c
   3:Generated_Source\PSoC5/CapSense_1_TunerHelper.c **** * Version 3.50
   4:Generated_Source\PSoC5/CapSense_1_TunerHelper.c **** *
   5:Generated_Source\PSoC5/CapSense_1_TunerHelper.c **** * Description:
   6:Generated_Source\PSoC5/CapSense_1_TunerHelper.c **** *  This file provides the source code of Tuner helper APIs for the CapSense CSD 
   7:Generated_Source\PSoC5/CapSense_1_TunerHelper.c **** *  component.
   8:Generated_Source\PSoC5/CapSense_1_TunerHelper.c **** *
   9:Generated_Source\PSoC5/CapSense_1_TunerHelper.c **** * Note:
  10:Generated_Source\PSoC5/CapSense_1_TunerHelper.c **** *
  11:Generated_Source\PSoC5/CapSense_1_TunerHelper.c **** ********************************************************************************
  12:Generated_Source\PSoC5/CapSense_1_TunerHelper.c **** * Copyright 2008-2013, Cypress Semiconductor Corporation.  All rights reserved.
  13:Generated_Source\PSoC5/CapSense_1_TunerHelper.c **** * You may use this file only in accordance with the license, terms, conditions,
  14:Generated_Source\PSoC5/CapSense_1_TunerHelper.c **** * disclaimers, and limitations in the end user license agreement accompanying
  15:Generated_Source\PSoC5/CapSense_1_TunerHelper.c **** * the software package with which this file was provided.
  16:Generated_Source\PSoC5/CapSense_1_TunerHelper.c **** *******************************************************************************/
  17:Generated_Source\PSoC5/CapSense_1_TunerHelper.c **** 
  18:Generated_Source\PSoC5/CapSense_1_TunerHelper.c **** #include "CapSense_1_TunerHelper.h"
  19:Generated_Source\PSoC5/CapSense_1_TunerHelper.c **** 
  20:Generated_Source\PSoC5/CapSense_1_TunerHelper.c **** #if (CapSense_1_TUNER_API_GENERATE)
  21:Generated_Source\PSoC5/CapSense_1_TunerHelper.c ****     volatile CapSense_1_MAILBOXES CapSense_1_mailboxesComm;
  22:Generated_Source\PSoC5/CapSense_1_TunerHelper.c **** #endif  /* (CapSense_1_TUNER_API_GENERATE) */
  23:Generated_Source\PSoC5/CapSense_1_TunerHelper.c **** 
  24:Generated_Source\PSoC5/CapSense_1_TunerHelper.c **** 
  25:Generated_Source\PSoC5/CapSense_1_TunerHelper.c **** /*******************************************************************************
  26:Generated_Source\PSoC5/CapSense_1_TunerHelper.c **** * Function Name: CapSense_1_TunerStart
  27:Generated_Source\PSoC5/CapSense_1_TunerHelper.c **** ********************************************************************************
  28:Generated_Source\PSoC5/CapSense_1_TunerHelper.c **** *
  29:Generated_Source\PSoC5/CapSense_1_TunerHelper.c **** * Summary:
  30:Generated_Source\PSoC5/CapSense_1_TunerHelper.c **** *  Initializes CapSense CSD component and EzI2C communication componenet to use
ARM GAS  C:\Users\JEFFSN~1\AppData\Local\Temp\ccUoPXeE.s 			page 2


  31:Generated_Source\PSoC5/CapSense_1_TunerHelper.c **** *  mailbox data structure for communication with Tuner GUI.
  32:Generated_Source\PSoC5/CapSense_1_TunerHelper.c **** *  Start the scanning, after initialization complete.
  33:Generated_Source\PSoC5/CapSense_1_TunerHelper.c **** *
  34:Generated_Source\PSoC5/CapSense_1_TunerHelper.c **** * Parameters:
  35:Generated_Source\PSoC5/CapSense_1_TunerHelper.c **** *  None
  36:Generated_Source\PSoC5/CapSense_1_TunerHelper.c **** *
  37:Generated_Source\PSoC5/CapSense_1_TunerHelper.c **** * Return:
  38:Generated_Source\PSoC5/CapSense_1_TunerHelper.c **** *  None
  39:Generated_Source\PSoC5/CapSense_1_TunerHelper.c **** *
  40:Generated_Source\PSoC5/CapSense_1_TunerHelper.c **** * Reentrant:
  41:Generated_Source\PSoC5/CapSense_1_TunerHelper.c **** *  No
  42:Generated_Source\PSoC5/CapSense_1_TunerHelper.c **** *
  43:Generated_Source\PSoC5/CapSense_1_TunerHelper.c **** * Note:
  44:Generated_Source\PSoC5/CapSense_1_TunerHelper.c **** *  All widgets are enabled by default except proximity widgets. Proximity widgets 
  45:Generated_Source\PSoC5/CapSense_1_TunerHelper.c **** *  must be manually enabled as their long scan time is incompatible 
  46:Generated_Source\PSoC5/CapSense_1_TunerHelper.c **** *  with the fast response required of other widget types. 
  47:Generated_Source\PSoC5/CapSense_1_TunerHelper.c **** *
  48:Generated_Source\PSoC5/CapSense_1_TunerHelper.c **** *******************************************************************************/
  49:Generated_Source\PSoC5/CapSense_1_TunerHelper.c **** void CapSense_1_TunerStart(void) 
  50:Generated_Source\PSoC5/CapSense_1_TunerHelper.c **** {
  28              		.loc 1 50 0
  29              		.cfi_startproc
  30              		@ args = 0, pretend = 0, frame = 0
  31              		@ frame_needed = 0, uses_anonymous_args = 0
  32              		@ link register save eliminated.
  33 0000 7047     		bx	lr
  34              		.cfi_endproc
  35              	.LFE0:
  36              		.size	CapSense_1_TunerStart, .-CapSense_1_TunerStart
  37 0002 00BF     		.section	.text.CapSense_1_TunerComm,"ax",%progbits
  38              		.align	2
  39              		.global	CapSense_1_TunerComm
  40              		.thumb
  41              		.thumb_func
  42              		.type	CapSense_1_TunerComm, %function
  43              	CapSense_1_TunerComm:
  44              	.LFB1:
  51:Generated_Source\PSoC5/CapSense_1_TunerHelper.c ****     #if (CapSense_1_TUNER_API_GENERATE)
  52:Generated_Source\PSoC5/CapSense_1_TunerHelper.c ****         
  53:Generated_Source\PSoC5/CapSense_1_TunerHelper.c ****         /* Init mbx and quick check */
  54:Generated_Source\PSoC5/CapSense_1_TunerHelper.c ****         CapSense_1_InitMailbox(&CapSense_1_mailboxesComm.csdMailbox);
  55:Generated_Source\PSoC5/CapSense_1_TunerHelper.c ****         CapSense_1_mailboxesComm.numMailBoxes = CapSense_1_DEFAULT_MAILBOXES_NUMBER;
  56:Generated_Source\PSoC5/CapSense_1_TunerHelper.c ****         
  57:Generated_Source\PSoC5/CapSense_1_TunerHelper.c ****         /* Start CapSense and baselines */
  58:Generated_Source\PSoC5/CapSense_1_TunerHelper.c ****         CapSense_1_Start();
  59:Generated_Source\PSoC5/CapSense_1_TunerHelper.c ****         
  60:Generated_Source\PSoC5/CapSense_1_TunerHelper.c ****         /* Initialize baselines */ 
  61:Generated_Source\PSoC5/CapSense_1_TunerHelper.c ****         CapSense_1_InitializeAllBaselines();
  62:Generated_Source\PSoC5/CapSense_1_TunerHelper.c ****         CapSense_1_InitializeAllBaselines();
  63:Generated_Source\PSoC5/CapSense_1_TunerHelper.c ****         
  64:Generated_Source\PSoC5/CapSense_1_TunerHelper.c ****         /* Start EzI2C, clears buf pointers */
  65:Generated_Source\PSoC5/CapSense_1_TunerHelper.c ****         EZI2C_Start();
  66:Generated_Source\PSoC5/CapSense_1_TunerHelper.c ****         
  67:Generated_Source\PSoC5/CapSense_1_TunerHelper.c ****         /* Setup EzI2C buffers */
  68:Generated_Source\PSoC5/CapSense_1_TunerHelper.c ****         EZI2C_SetBuffer1(sizeof(CapSense_1_mailboxesComm), sizeof(CapSense_1_mailboxesComm),
  69:Generated_Source\PSoC5/CapSense_1_TunerHelper.c ****                                         (void *) &CapSense_1_mailboxesComm);
  70:Generated_Source\PSoC5/CapSense_1_TunerHelper.c ****         
ARM GAS  C:\Users\JEFFSN~1\AppData\Local\Temp\ccUoPXeE.s 			page 3


  71:Generated_Source\PSoC5/CapSense_1_TunerHelper.c ****         /* Starts scan all enabled sensors */
  72:Generated_Source\PSoC5/CapSense_1_TunerHelper.c ****         CapSense_1_ScanEnabledWidgets();
  73:Generated_Source\PSoC5/CapSense_1_TunerHelper.c ****     
  74:Generated_Source\PSoC5/CapSense_1_TunerHelper.c ****     #endif  /* (CapSense_1_TUNER_API_GENERATE) */
  75:Generated_Source\PSoC5/CapSense_1_TunerHelper.c **** }
  76:Generated_Source\PSoC5/CapSense_1_TunerHelper.c **** 
  77:Generated_Source\PSoC5/CapSense_1_TunerHelper.c **** 
  78:Generated_Source\PSoC5/CapSense_1_TunerHelper.c **** /*******************************************************************************
  79:Generated_Source\PSoC5/CapSense_1_TunerHelper.c **** * Function Name: CapSense_1_TunerComm
  80:Generated_Source\PSoC5/CapSense_1_TunerHelper.c **** ********************************************************************************
  81:Generated_Source\PSoC5/CapSense_1_TunerHelper.c **** *
  82:Generated_Source\PSoC5/CapSense_1_TunerHelper.c **** * Summary:
  83:Generated_Source\PSoC5/CapSense_1_TunerHelper.c **** *  This function is blocking. It waits till scaning loop is completed and apply
  84:Generated_Source\PSoC5/CapSense_1_TunerHelper.c **** *  new parameters from Tuner GUI if available (manual tuning mode only). Updates
  85:Generated_Source\PSoC5/CapSense_1_TunerHelper.c **** *  enabled baselines and state of widgets. Waits while Tuner GUI reports that 
  86:Generated_Source\PSoC5/CapSense_1_TunerHelper.c **** *  content of mailbox could be modified. Then loads the report data into outbox 
  87:Generated_Source\PSoC5/CapSense_1_TunerHelper.c **** *  and sets the busy flag. Starts new scanning loop.
  88:Generated_Source\PSoC5/CapSense_1_TunerHelper.c **** *  
  89:Generated_Source\PSoC5/CapSense_1_TunerHelper.c **** * Parameters:
  90:Generated_Source\PSoC5/CapSense_1_TunerHelper.c **** *  None
  91:Generated_Source\PSoC5/CapSense_1_TunerHelper.c **** *
  92:Generated_Source\PSoC5/CapSense_1_TunerHelper.c **** * Return:
  93:Generated_Source\PSoC5/CapSense_1_TunerHelper.c **** *  None
  94:Generated_Source\PSoC5/CapSense_1_TunerHelper.c **** *
  95:Generated_Source\PSoC5/CapSense_1_TunerHelper.c **** * Reentrant:
  96:Generated_Source\PSoC5/CapSense_1_TunerHelper.c **** *  No
  97:Generated_Source\PSoC5/CapSense_1_TunerHelper.c **** *
  98:Generated_Source\PSoC5/CapSense_1_TunerHelper.c **** *******************************************************************************/
  99:Generated_Source\PSoC5/CapSense_1_TunerHelper.c **** void CapSense_1_TunerComm(void) 
 100:Generated_Source\PSoC5/CapSense_1_TunerHelper.c **** {
  45              		.loc 1 100 0
  46              		.cfi_startproc
  47              		@ args = 0, pretend = 0, frame = 0
  48              		@ frame_needed = 0, uses_anonymous_args = 0
  49              		@ link register save eliminated.
  50 0000 7047     		bx	lr
  51              		.cfi_endproc
  52              	.LFE1:
  53              		.size	CapSense_1_TunerComm, .-CapSense_1_TunerComm
  54 0002 00BF     		.text
  55              	.Letext0:
  56              		.section	.debug_info,"",%progbits
  57              	.Ldebug_info0:
  58 0000 AD000000 		.4byte	0xad
  59 0004 0400     		.2byte	0x4
  60 0006 00000000 		.4byte	.Ldebug_abbrev0
  61 000a 04       		.byte	0x4
  62 000b 01       		.uleb128 0x1
  63 000c 5E000000 		.4byte	.LASF16
  64 0010 0C       		.byte	0xc
  65 0011 4D010000 		.4byte	.LASF17
  66 0015 1B000000 		.4byte	.LASF18
  67 0019 00000000 		.4byte	.Ldebug_ranges0+0
  68 001d 00000000 		.4byte	0
  69 0021 00000000 		.4byte	.Ldebug_line0
  70 0025 02       		.uleb128 0x2
  71 0026 01       		.byte	0x1
ARM GAS  C:\Users\JEFFSN~1\AppData\Local\Temp\ccUoPXeE.s 			page 4


  72 0027 06       		.byte	0x6
  73 0028 AC010000 		.4byte	.LASF0
  74 002c 02       		.uleb128 0x2
  75 002d 01       		.byte	0x1
  76 002e 08       		.byte	0x8
  77 002f 31010000 		.4byte	.LASF1
  78 0033 02       		.uleb128 0x2
  79 0034 02       		.byte	0x2
  80 0035 05       		.byte	0x5
  81 0036 C4010000 		.4byte	.LASF2
  82 003a 02       		.uleb128 0x2
  83 003b 02       		.byte	0x2
  84 003c 07       		.byte	0x7
  85 003d 99010000 		.4byte	.LASF3
  86 0041 02       		.uleb128 0x2
  87 0042 04       		.byte	0x4
  88 0043 05       		.byte	0x5
  89 0044 44010000 		.4byte	.LASF4
  90 0048 02       		.uleb128 0x2
  91 0049 04       		.byte	0x4
  92 004a 07       		.byte	0x7
  93 004b EC000000 		.4byte	.LASF5
  94 004f 02       		.uleb128 0x2
  95 0050 08       		.byte	0x8
  96 0051 05       		.byte	0x5
  97 0052 00000000 		.4byte	.LASF6
  98 0056 02       		.uleb128 0x2
  99 0057 08       		.byte	0x8
 100 0058 07       		.byte	0x7
 101 0059 FE000000 		.4byte	.LASF7
 102 005d 03       		.uleb128 0x3
 103 005e 04       		.byte	0x4
 104 005f 05       		.byte	0x5
 105 0060 696E7400 		.ascii	"int\000"
 106 0064 02       		.uleb128 0x2
 107 0065 04       		.byte	0x4
 108 0066 07       		.byte	0x7
 109 0067 0E000000 		.4byte	.LASF8
 110 006b 02       		.uleb128 0x2
 111 006c 04       		.byte	0x4
 112 006d 04       		.byte	0x4
 113 006e 2B010000 		.4byte	.LASF9
 114 0072 02       		.uleb128 0x2
 115 0073 08       		.byte	0x8
 116 0074 04       		.byte	0x4
 117 0075 92010000 		.4byte	.LASF10
 118 0079 02       		.uleb128 0x2
 119 007a 01       		.byte	0x1
 120 007b 08       		.byte	0x8
 121 007c 3F010000 		.4byte	.LASF11
 122 0080 02       		.uleb128 0x2
 123 0081 08       		.byte	0x8
 124 0082 04       		.byte	0x4
 125 0083 B8010000 		.4byte	.LASF12
 126 0087 02       		.uleb128 0x2
 127 0088 04       		.byte	0x4
 128 0089 07       		.byte	0x7
ARM GAS  C:\Users\JEFFSN~1\AppData\Local\Temp\ccUoPXeE.s 			page 5


 129 008a CE010000 		.4byte	.LASF13
 130 008e 04       		.uleb128 0x4
 131 008f 15010000 		.4byte	.LASF14
 132 0093 01       		.byte	0x1
 133 0094 31       		.byte	0x31
 134 0095 00000000 		.4byte	.LFB0
 135 0099 02000000 		.4byte	.LFE0-.LFB0
 136 009d 01       		.uleb128 0x1
 137 009e 9C       		.byte	0x9c
 138 009f 04       		.uleb128 0x4
 139 00a0 7D010000 		.4byte	.LASF15
 140 00a4 01       		.byte	0x1
 141 00a5 63       		.byte	0x63
 142 00a6 00000000 		.4byte	.LFB1
 143 00aa 02000000 		.4byte	.LFE1-.LFB1
 144 00ae 01       		.uleb128 0x1
 145 00af 9C       		.byte	0x9c
 146 00b0 00       		.byte	0
 147              		.section	.debug_abbrev,"",%progbits
 148              	.Ldebug_abbrev0:
 149 0000 01       		.uleb128 0x1
 150 0001 11       		.uleb128 0x11
 151 0002 01       		.byte	0x1
 152 0003 25       		.uleb128 0x25
 153 0004 0E       		.uleb128 0xe
 154 0005 13       		.uleb128 0x13
 155 0006 0B       		.uleb128 0xb
 156 0007 03       		.uleb128 0x3
 157 0008 0E       		.uleb128 0xe
 158 0009 1B       		.uleb128 0x1b
 159 000a 0E       		.uleb128 0xe
 160 000b 55       		.uleb128 0x55
 161 000c 17       		.uleb128 0x17
 162 000d 11       		.uleb128 0x11
 163 000e 01       		.uleb128 0x1
 164 000f 10       		.uleb128 0x10
 165 0010 17       		.uleb128 0x17
 166 0011 00       		.byte	0
 167 0012 00       		.byte	0
 168 0013 02       		.uleb128 0x2
 169 0014 24       		.uleb128 0x24
 170 0015 00       		.byte	0
 171 0016 0B       		.uleb128 0xb
 172 0017 0B       		.uleb128 0xb
 173 0018 3E       		.uleb128 0x3e
 174 0019 0B       		.uleb128 0xb
 175 001a 03       		.uleb128 0x3
 176 001b 0E       		.uleb128 0xe
 177 001c 00       		.byte	0
 178 001d 00       		.byte	0
 179 001e 03       		.uleb128 0x3
 180 001f 24       		.uleb128 0x24
 181 0020 00       		.byte	0
 182 0021 0B       		.uleb128 0xb
 183 0022 0B       		.uleb128 0xb
 184 0023 3E       		.uleb128 0x3e
 185 0024 0B       		.uleb128 0xb
ARM GAS  C:\Users\JEFFSN~1\AppData\Local\Temp\ccUoPXeE.s 			page 6


 186 0025 03       		.uleb128 0x3
 187 0026 08       		.uleb128 0x8
 188 0027 00       		.byte	0
 189 0028 00       		.byte	0
 190 0029 04       		.uleb128 0x4
 191 002a 2E       		.uleb128 0x2e
 192 002b 00       		.byte	0
 193 002c 3F       		.uleb128 0x3f
 194 002d 19       		.uleb128 0x19
 195 002e 03       		.uleb128 0x3
 196 002f 0E       		.uleb128 0xe
 197 0030 3A       		.uleb128 0x3a
 198 0031 0B       		.uleb128 0xb
 199 0032 3B       		.uleb128 0x3b
 200 0033 0B       		.uleb128 0xb
 201 0034 27       		.uleb128 0x27
 202 0035 19       		.uleb128 0x19
 203 0036 11       		.uleb128 0x11
 204 0037 01       		.uleb128 0x1
 205 0038 12       		.uleb128 0x12
 206 0039 06       		.uleb128 0x6
 207 003a 40       		.uleb128 0x40
 208 003b 18       		.uleb128 0x18
 209 003c 9742     		.uleb128 0x2117
 210 003e 19       		.uleb128 0x19
 211 003f 00       		.byte	0
 212 0040 00       		.byte	0
 213 0041 00       		.byte	0
 214              		.section	.debug_aranges,"",%progbits
 215 0000 24000000 		.4byte	0x24
 216 0004 0200     		.2byte	0x2
 217 0006 00000000 		.4byte	.Ldebug_info0
 218 000a 04       		.byte	0x4
 219 000b 00       		.byte	0
 220 000c 0000     		.2byte	0
 221 000e 0000     		.2byte	0
 222 0010 00000000 		.4byte	.LFB0
 223 0014 02000000 		.4byte	.LFE0-.LFB0
 224 0018 00000000 		.4byte	.LFB1
 225 001c 02000000 		.4byte	.LFE1-.LFB1
 226 0020 00000000 		.4byte	0
 227 0024 00000000 		.4byte	0
 228              		.section	.debug_ranges,"",%progbits
 229              	.Ldebug_ranges0:
 230 0000 00000000 		.4byte	.LFB0
 231 0004 02000000 		.4byte	.LFE0
 232 0008 00000000 		.4byte	.LFB1
 233 000c 02000000 		.4byte	.LFE1
 234 0010 00000000 		.4byte	0
 235 0014 00000000 		.4byte	0
 236              		.section	.debug_line,"",%progbits
 237              	.Ldebug_line0:
 238 0000 6B000000 		.section	.debug_str,"MS",%progbits,1
 238      02004600 
 238      00000201 
 238      FB0E0D00 
 238      01010101 
ARM GAS  C:\Users\JEFFSN~1\AppData\Local\Temp\ccUoPXeE.s 			page 7


 239              	.LASF6:
 240 0000 6C6F6E67 		.ascii	"long long int\000"
 240      206C6F6E 
 240      6720696E 
 240      7400
 241              	.LASF8:
 242 000e 756E7369 		.ascii	"unsigned int\000"
 242      676E6564 
 242      20696E74 
 242      00
 243              	.LASF18:
 244 001b 433A5C55 		.ascii	"C:\\Users\\JeffSnyder\\Documents\\PSoC Creator\\wes"
 244      73657273 
 244      5C4A6566 
 244      66536E79 
 244      6465725C 
 245 0049 746F6E5F 		.ascii	"ton_1\\weston_1.cydsn\000"
 245      315C7765 
 245      73746F6E 
 245      5F312E63 
 245      7964736E 
 246              	.LASF16:
 247 005e 474E5520 		.ascii	"GNU C11 5.4.1 20160609 (release) [ARM/embedded-5-br"
 247      43313120 
 247      352E342E 
 247      31203230 
 247      31363036 
 248 0091 616E6368 		.ascii	"anch revision 237715] -mcpu=cortex-m3 -mthumb -g -O"
 248      20726576 
 248      6973696F 
 248      6E203233 
 248      37373135 
 249 00c4 67202D66 		.ascii	"g -ffunction-sections -ffat-lto-objects\000"
 249      66756E63 
 249      74696F6E 
 249      2D736563 
 249      74696F6E 
 250              	.LASF5:
 251 00ec 6C6F6E67 		.ascii	"long unsigned int\000"
 251      20756E73 
 251      69676E65 
 251      6420696E 
 251      7400
 252              	.LASF7:
 253 00fe 6C6F6E67 		.ascii	"long long unsigned int\000"
 253      206C6F6E 
 253      6720756E 
 253      7369676E 
 253      65642069 
 254              	.LASF14:
 255 0115 43617053 		.ascii	"CapSense_1_TunerStart\000"
 255      656E7365 
 255      5F315F54 
 255      756E6572 
 255      53746172 
 256              	.LASF9:
 257 012b 666C6F61 		.ascii	"float\000"
ARM GAS  C:\Users\JEFFSN~1\AppData\Local\Temp\ccUoPXeE.s 			page 8


 257      7400
 258              	.LASF1:
 259 0131 756E7369 		.ascii	"unsigned char\000"
 259      676E6564 
 259      20636861 
 259      7200
 260              	.LASF11:
 261 013f 63686172 		.ascii	"char\000"
 261      00
 262              	.LASF4:
 263 0144 6C6F6E67 		.ascii	"long int\000"
 263      20696E74 
 263      00
 264              	.LASF17:
 265 014d 47656E65 		.ascii	"Generated_Source\\PSoC5\\CapSense_1_TunerHelper.c\000"
 265      72617465 
 265      645F536F 
 265      75726365 
 265      5C50536F 
 266              	.LASF15:
 267 017d 43617053 		.ascii	"CapSense_1_TunerComm\000"
 267      656E7365 
 267      5F315F54 
 267      756E6572 
 267      436F6D6D 
 268              	.LASF10:
 269 0192 646F7562 		.ascii	"double\000"
 269      6C6500
 270              	.LASF3:
 271 0199 73686F72 		.ascii	"short unsigned int\000"
 271      7420756E 
 271      7369676E 
 271      65642069 
 271      6E7400
 272              	.LASF0:
 273 01ac 7369676E 		.ascii	"signed char\000"
 273      65642063 
 273      68617200 
 274              	.LASF12:
 275 01b8 6C6F6E67 		.ascii	"long double\000"
 275      20646F75 
 275      626C6500 
 276              	.LASF2:
 277 01c4 73686F72 		.ascii	"short int\000"
 277      7420696E 
 277      7400
 278              	.LASF13:
 279 01ce 73697A65 		.ascii	"sizetype\000"
 279      74797065 
 279      00
 280              		.ident	"GCC: (GNU Tools for ARM Embedded Processors) 5.4.1 20160609 (release) [ARM/embedded-5-bran
