ARM GAS  C:\Users\JEFFSN~1\AppData\Local\Temp\ccitLZiW.s 			page 1


   1              		.syntax unified
   2              		.cpu cortex-m3
   3              		.fpu softvfp
   4              		.eabi_attribute 20, 1
   5              		.eabi_attribute 21, 1
   6              		.eabi_attribute 23, 3
   7              		.eabi_attribute 24, 1
   8              		.eabi_attribute 25, 1
   9              		.eabi_attribute 26, 1
  10              		.eabi_attribute 30, 1
  11              		.eabi_attribute 34, 1
  12              		.eabi_attribute 18, 4
  13              		.thumb
  14              		.syntax unified
  15              		.file	"cymetadata.c"
  16              		.text
  17              	.Ltext0:
  18              		.cfi_sections	.debug_frame
  19              		.global	cy_metadata
  20              		.global	cy_meta_flashprotect
  21              		.global	cy_meta_wonvl
  22              		.global	cy_meta_custnvl
  23              		.global	cy_meta_configecc
  24              		.section	.cyconfigecc,"a",%progbits
  25              		.align	2
  26              		.type	cy_meta_configecc, %object
  27              		.size	cy_meta_configecc, 1664
  28              	cy_meta_configecc:
  29 0000 01       		.byte	1
  30 0001 45       		.byte	69
  31 0002 00       		.byte	0
  32 0003 40       		.byte	64
  33 0004 08       		.byte	8
  34 0005 52       		.byte	82
  35 0006 00       		.byte	0
  36 0007 40       		.byte	64
  37 0008 07       		.byte	7
  38 0009 64       		.byte	100
  39 000a 00       		.byte	0
  40 000b 40       		.byte	64
  41 000c 04       		.byte	4
  42 000d 65       		.byte	101
  43 000e 00       		.byte	0
  44 000f 40       		.byte	64
  45 0010 01       		.byte	1
  46 0011 01       		.byte	1
  47 0012 01       		.byte	1
  48 0013 40       		.byte	64
  49 0014 02       		.byte	2
  50 0015 03       		.byte	3
  51 0016 01       		.byte	1
  52 0017 40       		.byte	64
  53 0018 01       		.byte	1
  54 0019 05       		.byte	5
  55 001a 01       		.byte	1
  56 001b 40       		.byte	64
  57 001c 62       		.byte	98
ARM GAS  C:\Users\JEFFSN~1\AppData\Local\Temp\ccitLZiW.s 			page 2


  58 001d 08       		.byte	8
  59 001e 01       		.byte	1
  60 001f 40       		.byte	64
  61 0020 41       		.byte	65
  62 0021 09       		.byte	9
  63 0022 01       		.byte	1
  64 0023 40       		.byte	64
  65 0024 59       		.byte	89
  66 0025 0A       		.byte	10
  67 0026 01       		.byte	1
  68 0027 40       		.byte	64
  69 0028 36       		.byte	54
  70 0029 0B       		.byte	11
  71 002a 01       		.byte	1
  72 002b 40       		.byte	64
  73 002c 02       		.byte	2
  74 002d 0D       		.byte	13
  75 002e 01       		.byte	1
  76 002f 40       		.byte	64
  77 0030 01       		.byte	1
  78 0031 0F       		.byte	15
  79 0032 01       		.byte	1
  80 0033 40       		.byte	64
  81 0034 01       		.byte	1
  82 0035 17       		.byte	23
  83 0036 01       		.byte	1
  84 0037 40       		.byte	64
  85 0038 56       		.byte	86
  86 0039 18       		.byte	24
  87 003a 01       		.byte	1
  88 003b 40       		.byte	64
  89 003c 44       		.byte	68
  90 003d 19       		.byte	25
  91 003e 01       		.byte	1
  92 003f 40       		.byte	64
  93 0040 70       		.byte	112
  94 0041 1A       		.byte	26
  95 0042 01       		.byte	1
  96 0043 40       		.byte	64
  97 0044 4B       		.byte	75
  98 0045 1B       		.byte	27
  99 0046 01       		.byte	1
 100 0047 40       		.byte	64
 101 0048 0A       		.byte	10
 102 0049 40       		.byte	64
 103 004a 01       		.byte	1
 104 004b 40       		.byte	64
 105 004c 07       		.byte	7
 106 004d 41       		.byte	65
 107 004e 01       		.byte	1
 108 004f 40       		.byte	64
 109 0050 05       		.byte	5
 110 0051 42       		.byte	66
 111 0052 01       		.byte	1
 112 0053 40       		.byte	64
 113 0054 02       		.byte	2
 114 0055 43       		.byte	67
ARM GAS  C:\Users\JEFFSN~1\AppData\Local\Temp\ccitLZiW.s 			page 3


 115 0056 01       		.byte	1
 116 0057 40       		.byte	64
 117 0058 05       		.byte	5
 118 0059 44       		.byte	68
 119 005a 01       		.byte	1
 120 005b 40       		.byte	64
 121 005c 04       		.byte	4
 122 005d 45       		.byte	69
 123 005e 01       		.byte	1
 124 005f 40       		.byte	64
 125 0060 04       		.byte	4
 126 0061 46       		.byte	70
 127 0062 01       		.byte	1
 128 0063 40       		.byte	64
 129 0064 05       		.byte	5
 130 0065 47       		.byte	71
 131 0066 01       		.byte	1
 132 0067 40       		.byte	64
 133 0068 05       		.byte	5
 134 0069 48       		.byte	72
 135 006a 01       		.byte	1
 136 006b 40       		.byte	64
 137 006c 03       		.byte	3
 138 006d 49       		.byte	73
 139 006e 01       		.byte	1
 140 006f 40       		.byte	64
 141 0070 03       		.byte	3
 142 0071 4C       		.byte	76
 143 0072 01       		.byte	1
 144 0073 40       		.byte	64
 145 0074 07       		.byte	7
 146 0075 4D       		.byte	77
 147 0076 01       		.byte	1
 148 0077 40       		.byte	64
 149 0078 04       		.byte	4
 150 0079 50       		.byte	80
 151 007a 01       		.byte	1
 152 007b 40       		.byte	64
 153 007c 02       		.byte	2
 154 007d 51       		.byte	81
 155 007e 01       		.byte	1
 156 007f 40       		.byte	64
 157 0080 7E       		.byte	126
 158 0081 02       		.byte	2
 159 0082 06       		.byte	6
 160 0083 E3       		.byte	-29
 161 0084 0E       		.byte	14
 162 0085 F4       		.byte	-12
 163 0086 16       		.byte	22
 164 0087 F9       		.byte	-7
 165 0088 1E       		.byte	30
 166 0089 FB       		.byte	-5
 167 008a 61       		.byte	97
 168 008b 80       		.byte	-128
 169 008c 64       		.byte	100
 170 008d 40       		.byte	64
 171 008e 7C       		.byte	124
ARM GAS  C:\Users\JEFFSN~1\AppData\Local\Temp\ccitLZiW.s 			page 4


 172 008f 40       		.byte	64
 173 0090 7E       		.byte	126
 174 0091 23       		.byte	35
 175 0092 0A       		.byte	10
 176 0093 FF       		.byte	-1
 177 0094 0B       		.byte	11
 178 0095 FF       		.byte	-1
 179 0096 1A       		.byte	26
 180 0097 FF       		.byte	-1
 181 0098 2A       		.byte	42
 182 0099 FF       		.byte	-1
 183 009a 88       		.byte	-120
 184 009b 0F       		.byte	15
 185 009c 89       		.byte	-119
 186 009d 38       		.byte	56
 187 009e 8B       		.byte	-117
 188 009f 1F       		.byte	31
 189 00a0 09       		.byte	9
 190 00a1 FF       		.byte	-1
 191 00a2 19       		.byte	25
 192 00a3 FF       		.byte	-1
 193 00a4 29       		.byte	41
 194 00a5 FF       		.byte	-1
 195 00a6 89       		.byte	-119
 196 00a7 72       		.byte	114
 197 00a8 E2       		.byte	-30
 198 00a9 08       		.byte	8
 199 00aa E6       		.byte	-26
 200 00ab 02       		.byte	2
 201 00ac EE       		.byte	-18
 202 00ad 02       		.byte	2
 203 00ae E2       		.byte	-30
 204 00af 08       		.byte	8
 205 00b0 00       		.byte	0
 206 00b1 03       		.byte	3
 207 00b2 02       		.byte	2
 208 00b3 14       		.byte	20
 209 00b4 04       		.byte	4
 210 00b5 13       		.byte	19
 211 00b6 06       		.byte	6
 212 00b7 0C       		.byte	12
 213 00b8 0E       		.byte	14
 214 00b9 08       		.byte	8
 215 00ba 16       		.byte	22
 216 00bb 40       		.byte	64
 217 00bc 1A       		.byte	26
 218 00bd 15       		.byte	21
 219 00be 1E       		.byte	30
 220 00bf 20       		.byte	32
 221 00c0 20       		.byte	32
 222 00c1 13       		.byte	19
 223 00c2 22       		.byte	34
 224 00c3 04       		.byte	4
 225 00c4 24       		.byte	36
 226 00c5 0A       		.byte	10
 227 00c6 26       		.byte	38
 228 00c7 14       		.byte	20
ARM GAS  C:\Users\JEFFSN~1\AppData\Local\Temp\ccitLZiW.s 			page 5


 229 00c8 2C       		.byte	44
 230 00c9 20       		.byte	32
 231 00ca 2E       		.byte	46
 232 00cb 40       		.byte	64
 233 00cc 30       		.byte	48
 234 00cd 10       		.byte	16
 235 00ce 32       		.byte	50
 236 00cf 0F       		.byte	15
 237 00d0 34       		.byte	52
 238 00d1 60       		.byte	96
 239 00d2 3A       		.byte	58
 240 00d3 08       		.byte	8
 241 00d4 3E       		.byte	62
 242 00d5 11       		.byte	17
 243 00d6 40       		.byte	64
 244 00d7 01       		.byte	1
 245 00d8 41       		.byte	65
 246 00d9 05       		.byte	5
 247 00da 49       		.byte	73
 248 00db FF       		.byte	-1
 249 00dc 4A       		.byte	74
 250 00dd FF       		.byte	-1
 251 00de 4B       		.byte	75
 252 00df FF       		.byte	-1
 253 00e0 4C       		.byte	76
 254 00e1 02       		.byte	2
 255 00e2 4D       		.byte	77
 256 00e3 0C       		.byte	12
 257 00e4 4E       		.byte	78
 258 00e5 F8       		.byte	-8
 259 00e6 54       		.byte	84
 260 00e7 01       		.byte	1
 261 00e8 56       		.byte	86
 262 00e9 04       		.byte	4
 263 00ea 58       		.byte	88
 264 00eb 04       		.byte	4
 265 00ec 5A       		.byte	90
 266 00ed 04       		.byte	4
 267 00ee 5B       		.byte	91
 268 00ef 04       		.byte	4
 269 00f0 5C       		.byte	92
 270 00f1 01       		.byte	1
 271 00f2 5D       		.byte	93
 272 00f3 10       		.byte	16
 273 00f4 5F       		.byte	95
 274 00f5 01       		.byte	1
 275 00f6 62       		.byte	98
 276 00f7 48       		.byte	72
 277 00f8 63       		.byte	99
 278 00f9 A1       		.byte	-95
 279 00fa 68       		.byte	104
 280 00fb F0       		.byte	-16
 281 00fc 6A       		.byte	106
 282 00fd F0       		.byte	-16
 283 00fe 6C       		.byte	108
 284 00ff F0       		.byte	-16
 285 0100 6E       		.byte	110
ARM GAS  C:\Users\JEFFSN~1\AppData\Local\Temp\ccitLZiW.s 			page 6


 286 0101 F0       		.byte	-16
 287 0102 80       		.byte	-128
 288 0103 10       		.byte	16
 289 0104 82       		.byte	-126
 290 0105 05       		.byte	5
 291 0106 84       		.byte	-124
 292 0107 01       		.byte	1
 293 0108 86       		.byte	-122
 294 0109 02       		.byte	2
 295 010a 87       		.byte	-121
 296 010b 30       		.byte	48
 297 010c 8C       		.byte	-116
 298 010d 03       		.byte	3
 299 010e 90       		.byte	-112
 300 010f 03       		.byte	3
 301 0110 91       		.byte	-111
 302 0111 15       		.byte	21
 303 0112 94       		.byte	-108
 304 0113 13       		.byte	19
 305 0114 96       		.byte	-106
 306 0115 08       		.byte	8
 307 0116 97       		.byte	-105
 308 0117 3F       		.byte	63
 309 0118 99       		.byte	-103
 310 0119 0F       		.byte	15
 311 011a 9A       		.byte	-102
 312 011b 02       		.byte	2
 313 011c 9B       		.byte	-101
 314 011d 40       		.byte	64
 315 011e 9E       		.byte	-98
 316 011f 20       		.byte	32
 317 0120 A1       		.byte	-95
 318 0121 2A       		.byte	42
 319 0122 A2       		.byte	-94
 320 0123 20       		.byte	32
 321 0124 A6       		.byte	-90
 322 0125 02       		.byte	2
 323 0126 A8       		.byte	-88
 324 0127 02       		.byte	2
 325 0128 AA       		.byte	-86
 326 0129 15       		.byte	21
 327 012a AC       		.byte	-84
 328 012b 04       		.byte	4
 329 012c AD       		.byte	-83
 330 012d 3C       		.byte	60
 331 012e AE       		.byte	-82
 332 012f 11       		.byte	17
 333 0130 B0       		.byte	-80
 334 0131 10       		.byte	16
 335 0132 B2       		.byte	-78
 336 0133 03       		.byte	3
 337 0134 B3       		.byte	-77
 338 0135 0C       		.byte	12
 339 0136 B4       		.byte	-76
 340 0137 20       		.byte	32
 341 0138 B5       		.byte	-75
 342 0139 03       		.byte	3
ARM GAS  C:\Users\JEFFSN~1\AppData\Local\Temp\ccitLZiW.s 			page 7


 343 013a B6       		.byte	-74
 344 013b 0C       		.byte	12
 345 013c B7       		.byte	-73
 346 013d 70       		.byte	112
 347 013e BB       		.byte	-69
 348 013f 02       		.byte	2
 349 0140 BE       		.byte	-66
 350 0141 51       		.byte	81
 351 0142 BF       		.byte	-65
 352 0143 54       		.byte	84
 353 0144 C0       		.byte	-64
 354 0145 05       		.byte	5
 355 0146 C1       		.byte	-63
 356 0147 01       		.byte	1
 357 0148 C5       		.byte	-59
 358 0149 0A       		.byte	10
 359 014a C9       		.byte	-55
 360 014b FF       		.byte	-1
 361 014c CA       		.byte	-54
 362 014d FF       		.byte	-1
 363 014e CB       		.byte	-53
 364 014f FF       		.byte	-1
 365 0150 CC       		.byte	-52
 366 0151 03       		.byte	3
 367 0152 CD       		.byte	-51
 368 0153 0C       		.byte	12
 369 0154 CE       		.byte	-50
 370 0155 F4       		.byte	-12
 371 0156 D4       		.byte	-44
 372 0157 18       		.byte	24
 373 0158 D6       		.byte	-42
 374 0159 04       		.byte	4
 375 015a D8       		.byte	-40
 376 015b 04       		.byte	4
 377 015c D9       		.byte	-39
 378 015d 04       		.byte	4
 379 015e DA       		.byte	-38
 380 015f 04       		.byte	4
 381 0160 DB       		.byte	-37
 382 0161 04       		.byte	4
 383 0162 DC       		.byte	-36
 384 0163 10       		.byte	16
 385 0164 DD       		.byte	-35
 386 0165 10       		.byte	16
 387 0166 DF       		.byte	-33
 388 0167 01       		.byte	1
 389 0168 E2       		.byte	-30
 390 0169 48       		.byte	72
 391 016a E3       		.byte	-29
 392 016b A1       		.byte	-95
 393 016c E8       		.byte	-24
 394 016d F0       		.byte	-16
 395 016e EA       		.byte	-22
 396 016f F0       		.byte	-16
 397 0170 EC       		.byte	-20
 398 0171 F0       		.byte	-16
 399 0172 EE       		.byte	-18
ARM GAS  C:\Users\JEFFSN~1\AppData\Local\Temp\ccitLZiW.s 			page 8


 400 0173 F0       		.byte	-16
 401 0174 00       		.byte	0
 402 0175 40       		.byte	64
 403 0176 01       		.byte	1
 404 0177 0A       		.byte	10
 405 0178 05       		.byte	5
 406 0179 04       		.byte	4
 407 017a 06       		.byte	6
 408 017b 40       		.byte	64
 409 017c 07       		.byte	7
 410 017d 01       		.byte	1
 411 017e 0A       		.byte	10
 412 017f A8       		.byte	-88
 413 0180 0B       		.byte	11
 414 0181 02       		.byte	2
 415 0182 0C       		.byte	12
 416 0183 50       		.byte	80
 417 0184 0E       		.byte	14
 418 0185 20       		.byte	32
 419 0186 10       		.byte	16
 420 0187 02       		.byte	2
 421 0188 11       		.byte	17
 422 0189 04       		.byte	4
 423 018a 12       		.byte	18
 424 018b 08       		.byte	8
 425 018c 13       		.byte	19
 426 018d 02       		.byte	2
 427 018e 15       		.byte	21
 428 018f 01       		.byte	1
 429 0190 16       		.byte	22
 430 0191 02       		.byte	2
 431 0192 17       		.byte	23
 432 0193 08       		.byte	8
 433 0194 18       		.byte	24
 434 0195 04       		.byte	4
 435 0196 19       		.byte	25
 436 0197 88       		.byte	-120
 437 0198 1A       		.byte	26
 438 0199 40       		.byte	64
 439 019a 1B       		.byte	27
 440 019b 08       		.byte	8
 441 019c 1D       		.byte	29
 442 019d 04       		.byte	4
 443 019e 1E       		.byte	30
 444 019f 90       		.byte	-112
 445 01a0 1F       		.byte	31
 446 01a1 20       		.byte	32
 447 01a2 20       		.byte	32
 448 01a3 8A       		.byte	-118
 449 01a4 21       		.byte	33
 450 01a5 04       		.byte	4
 451 01a6 29       		.byte	41
 452 01a7 02       		.byte	2
 453 01a8 2A       		.byte	42
 454 01a9 80       		.byte	-128
 455 01aa 30       		.byte	48
 456 01ab 02       		.byte	2
ARM GAS  C:\Users\JEFFSN~1\AppData\Local\Temp\ccitLZiW.s 			page 9


 457 01ac 32       		.byte	50
 458 01ad 18       		.byte	24
 459 01ae 38       		.byte	56
 460 01af 08       		.byte	8
 461 01b0 42       		.byte	66
 462 01b1 01       		.byte	1
 463 01b2 47       		.byte	71
 464 01b3 80       		.byte	-128
 465 01b4 4A       		.byte	74
 466 01b5 11       		.byte	17
 467 01b6 4E       		.byte	78
 468 01b7 01       		.byte	1
 469 01b8 59       		.byte	89
 470 01b9 01       		.byte	1
 471 01ba 5E       		.byte	94
 472 01bb 88       		.byte	-120
 473 01bc 5F       		.byte	95
 474 01bd 11       		.byte	17
 475 01be 60       		.byte	96
 476 01bf 04       		.byte	4
 477 01c0 62       		.byte	98
 478 01c1 80       		.byte	-128
 479 01c2 63       		.byte	99
 480 01c3 80       		.byte	-128
 481 01c4 67       		.byte	103
 482 01c5 80       		.byte	-128
 483 01c6 90       		.byte	-112
 484 01c7 48       		.byte	72
 485 01c8 91       		.byte	-111
 486 01c9 04       		.byte	4
 487 01ca 92       		.byte	-110
 488 01cb AB       		.byte	-85
 489 01cc 95       		.byte	-107
 490 01cd 08       		.byte	8
 491 01ce 97       		.byte	-105
 492 01cf 80       		.byte	-128
 493 01d0 98       		.byte	-104
 494 01d1 40       		.byte	64
 495 01d2 9A       		.byte	-102
 496 01d3 02       		.byte	2
 497 01d4 9B       		.byte	-101
 498 01d5 80       		.byte	-128
 499 01d6 9D       		.byte	-99
 500 01d7 02       		.byte	2
 501 01d8 9E       		.byte	-98
 502 01d9 80       		.byte	-128
 503 01da A1       		.byte	-95
 504 01db 01       		.byte	1
 505 01dc A2       		.byte	-94
 506 01dd 09       		.byte	9
 507 01de A4       		.byte	-92
 508 01df 03       		.byte	3
 509 01e0 A7       		.byte	-89
 510 01e1 08       		.byte	8
 511 01e2 C0       		.byte	-64
 512 01e3 BD       		.byte	-67
 513 01e4 C2       		.byte	-62
ARM GAS  C:\Users\JEFFSN~1\AppData\Local\Temp\ccitLZiW.s 			page 10


 514 01e5 EF       		.byte	-17
 515 01e6 C4       		.byte	-60
 516 01e7 BF       		.byte	-65
 517 01e8 CA       		.byte	-54
 518 01e9 09       		.byte	9
 519 01ea CC       		.byte	-52
 520 01eb 07       		.byte	7
 521 01ec CE       		.byte	-50
 522 01ed 02       		.byte	2
 523 01ee D0       		.byte	-48
 524 01ef 18       		.byte	24
 525 01f0 D2       		.byte	-46
 526 01f1 18       		.byte	24
 527 01f2 D6       		.byte	-42
 528 01f3 F1       		.byte	-15
 529 01f4 D8       		.byte	-40
 530 01f5 8D       		.byte	-115
 531 01f6 01       		.byte	1
 532 01f7 74       		.byte	116
 533 01f8 03       		.byte	3
 534 01f9 88       		.byte	-120
 535 01fa 07       		.byte	7
 536 01fb 04       		.byte	4
 537 01fc 09       		.byte	9
 538 01fd BF       		.byte	-65
 539 01fe 0B       		.byte	11
 540 01ff 40       		.byte	64
 541 0200 0D       		.byte	13
 542 0201 03       		.byte	3
 543 0202 10       		.byte	16
 544 0203 0B       		.byte	11
 545 0204 11       		.byte	17
 546 0205 11       		.byte	17
 547 0206 12       		.byte	18
 548 0207 14       		.byte	20
 549 0208 15       		.byte	21
 550 0209 CC       		.byte	-52
 551 020a 17       		.byte	23
 552 020b 33       		.byte	51
 553 020c 18       		.byte	24
 554 020d 1D       		.byte	29
 555 020e 1A       		.byte	26
 556 020f 02       		.byte	2
 557 0210 1B       		.byte	27
 558 0211 04       		.byte	4
 559 0212 1C       		.byte	28
 560 0213 17       		.byte	23
 561 0214 1D       		.byte	29
 562 0215 FC       		.byte	-4
 563 0216 1E       		.byte	30
 564 0217 08       		.byte	8
 565 0218 21       		.byte	33
 566 0219 22       		.byte	34
 567 021a 22       		.byte	34
 568 021b 03       		.byte	3
 569 021c 27       		.byte	39
 570 021d 03       		.byte	3
ARM GAS  C:\Users\JEFFSN~1\AppData\Local\Temp\ccitLZiW.s 			page 11


 571 021e 28       		.byte	40
 572 021f 10       		.byte	16
 573 0220 29       		.byte	41
 574 0221 FC       		.byte	-4
 575 0222 2A       		.byte	42
 576 0223 04       		.byte	4
 577 0224 2D       		.byte	45
 578 0225 08       		.byte	8
 579 0226 2F       		.byte	47
 580 0227 80       		.byte	-128
 581 0228 30       		.byte	48
 582 0229 18       		.byte	24
 583 022a 31       		.byte	49
 584 022b 78       		.byte	120
 585 022c 33       		.byte	51
 586 022d 80       		.byte	-128
 587 022e 34       		.byte	52
 588 022f 06       		.byte	6
 589 0230 35       		.byte	53
 590 0231 04       		.byte	4
 591 0232 36       		.byte	54
 592 0233 01       		.byte	1
 593 0234 37       		.byte	55
 594 0235 03       		.byte	3
 595 0236 3F       		.byte	63
 596 0237 40       		.byte	64
 597 0238 40       		.byte	64
 598 0239 15       		.byte	21
 599 023a 41       		.byte	65
 600 023b 03       		.byte	3
 601 023c 45       		.byte	69
 602 023d 02       		.byte	2
 603 023e 47       		.byte	71
 604 023f 06       		.byte	6
 605 0240 48       		.byte	72
 606 0241 11       		.byte	17
 607 0242 52       		.byte	82
 608 0243 17       		.byte	23
 609 0244 58       		.byte	88
 610 0245 04       		.byte	4
 611 0246 59       		.byte	89
 612 0247 04       		.byte	4
 613 0248 5A       		.byte	90
 614 0249 04       		.byte	4
 615 024a 5B       		.byte	91
 616 024b 04       		.byte	4
 617 024c 5F       		.byte	95
 618 024d 01       		.byte	1
 619 024e 61       		.byte	97
 620 024f 0C       		.byte	12
 621 0250 62       		.byte	98
 622 0251 F0       		.byte	-16
 623 0252 63       		.byte	99
 624 0253 0C       		.byte	12
 625 0254 65       		.byte	101
 626 0255 0C       		.byte	12
 627 0256 67       		.byte	103
ARM GAS  C:\Users\JEFFSN~1\AppData\Local\Temp\ccitLZiW.s 			page 12


 628 0257 0C       		.byte	12
 629 0258 68       		.byte	104
 630 0259 40       		.byte	64
 631 025a 69       		.byte	105
 632 025b 4C       		.byte	76
 633 025c 6A       		.byte	106
 634 025d 40       		.byte	64
 635 025e 6B       		.byte	107
 636 025f 4C       		.byte	76
 637 0260 6C       		.byte	108
 638 0261 90       		.byte	-112
 639 0262 6D       		.byte	109
 640 0263 58       		.byte	88
 641 0264 6F       		.byte	111
 642 0265 0C       		.byte	12
 643 0266 92       		.byte	-110
 644 0267 01       		.byte	1
 645 0268 9C       		.byte	-100
 646 0269 02       		.byte	2
 647 026a 9F       		.byte	-97
 648 026b 01       		.byte	1
 649 026c A5       		.byte	-91
 650 026d 01       		.byte	1
 651 026e A8       		.byte	-88
 652 026f 02       		.byte	2
 653 0270 B0       		.byte	-80
 654 0271 02       		.byte	2
 655 0272 B1       		.byte	-79
 656 0273 01       		.byte	1
 657 0274 B4       		.byte	-76
 658 0275 01       		.byte	1
 659 0276 B8       		.byte	-72
 660 0277 02       		.byte	2
 661 0278 C0       		.byte	-64
 662 0279 65       		.byte	101
 663 027a C5       		.byte	-59
 664 027b 40       		.byte	64
 665 027c C6       		.byte	-58
 666 027d 20       		.byte	32
 667 027e C7       		.byte	-57
 668 027f 05       		.byte	5
 669 0280 C8       		.byte	-56
 670 0281 1A       		.byte	26
 671 0282 C9       		.byte	-55
 672 0283 FF       		.byte	-1
 673 0284 CA       		.byte	-54
 674 0285 FF       		.byte	-1
 675 0286 CB       		.byte	-53
 676 0287 FF       		.byte	-1
 677 0288 CC       		.byte	-52
 678 0289 02       		.byte	2
 679 028a CD       		.byte	-51
 680 028b 20       		.byte	32
 681 028c CF       		.byte	-49
 682 028d 05       		.byte	5
 683 028e D1       		.byte	-47
 684 028f 10       		.byte	16
ARM GAS  C:\Users\JEFFSN~1\AppData\Local\Temp\ccitLZiW.s 			page 13


 685 0290 D6       		.byte	-42
 686 0291 02       		.byte	2
 687 0292 D8       		.byte	-40
 688 0293 04       		.byte	4
 689 0294 D9       		.byte	-39
 690 0295 04       		.byte	4
 691 0296 DA       		.byte	-38
 692 0297 04       		.byte	4
 693 0298 DB       		.byte	-37
 694 0299 04       		.byte	4
 695 029a DE       		.byte	-34
 696 029b 08       		.byte	8
 697 029c DF       		.byte	-33
 698 029d 01       		.byte	1
 699 029e E0       		.byte	-32
 700 029f 40       		.byte	64
 701 02a0 E1       		.byte	-31
 702 02a1 40       		.byte	64
 703 02a2 E2       		.byte	-30
 704 02a3 80       		.byte	-128
 705 02a4 E4       		.byte	-28
 706 02a5 80       		.byte	-128
 707 02a6 E6       		.byte	-26
 708 02a7 80       		.byte	-128
 709 02a8 0A       		.byte	10
 710 02a9 89       		.byte	-119
 711 02aa 0E       		.byte	14
 712 02ab 80       		.byte	-128
 713 02ac 0F       		.byte	15
 714 02ad 02       		.byte	2
 715 02ae 11       		.byte	17
 716 02af 10       		.byte	16
 717 02b0 13       		.byte	19
 718 02b1 02       		.byte	2
 719 02b2 16       		.byte	22
 720 02b3 08       		.byte	8
 721 02b4 19       		.byte	25
 722 02b5 10       		.byte	16
 723 02b6 1A       		.byte	26
 724 02b7 8B       		.byte	-117
 725 02b8 1E       		.byte	30
 726 02b9 80       		.byte	-128
 727 02ba 1F       		.byte	31
 728 02bb 20       		.byte	32
 729 02bc 20       		.byte	32
 730 02bd 41       		.byte	65
 731 02be 21       		.byte	33
 732 02bf 11       		.byte	17
 733 02c0 22       		.byte	34
 734 02c1 18       		.byte	24
 735 02c2 26       		.byte	38
 736 02c3 01       		.byte	1
 737 02c4 27       		.byte	39
 738 02c5 80       		.byte	-128
 739 02c6 29       		.byte	41
 740 02c7 06       		.byte	6
 741 02c8 2A       		.byte	42
ARM GAS  C:\Users\JEFFSN~1\AppData\Local\Temp\ccitLZiW.s 			page 14


 742 02c9 40       		.byte	64
 743 02ca 2B       		.byte	43
 744 02cb 08       		.byte	8
 745 02cc 2F       		.byte	47
 746 02cd 20       		.byte	32
 747 02ce 30       		.byte	48
 748 02cf 02       		.byte	2
 749 02d0 31       		.byte	49
 750 02d1 10       		.byte	16
 751 02d2 32       		.byte	50
 752 02d3 48       		.byte	72
 753 02d4 34       		.byte	52
 754 02d5 40       		.byte	64
 755 02d6 36       		.byte	54
 756 02d7 40       		.byte	64
 757 02d8 39       		.byte	57
 758 02d9 26       		.byte	38
 759 02da 3A       		.byte	58
 760 02db 80       		.byte	-128
 761 02dc 40       		.byte	64
 762 02dd 01       		.byte	1
 763 02de 41       		.byte	65
 764 02df 04       		.byte	4
 765 02e0 45       		.byte	69
 766 02e1 01       		.byte	1
 767 02e2 46       		.byte	70
 768 02e3 40       		.byte	64
 769 02e4 48       		.byte	72
 770 02e5 01       		.byte	1
 771 02e6 49       		.byte	73
 772 02e7 04       		.byte	4
 773 02e8 4E       		.byte	78
 774 02e9 01       		.byte	1
 775 02ea 4F       		.byte	79
 776 02eb 22       		.byte	34
 777 02ec 50       		.byte	80
 778 02ed 04       		.byte	4
 779 02ee 56       		.byte	86
 780 02ef 08       		.byte	8
 781 02f0 57       		.byte	87
 782 02f1 10       		.byte	16
 783 02f2 69       		.byte	105
 784 02f3 14       		.byte	20
 785 02f4 6B       		.byte	107
 786 02f5 02       		.byte	2
 787 02f6 72       		.byte	114
 788 02f7 02       		.byte	2
 789 02f8 76       		.byte	118
 790 02f9 40       		.byte	64
 791 02fa 7E       		.byte	126
 792 02fb 01       		.byte	1
 793 02fc 86       		.byte	-122
 794 02fd 80       		.byte	-128
 795 02fe 87       		.byte	-121
 796 02ff 40       		.byte	64
 797 0300 A7       		.byte	-89
 798 0301 08       		.byte	8
ARM GAS  C:\Users\JEFFSN~1\AppData\Local\Temp\ccitLZiW.s 			page 15


 799 0302 C2       		.byte	-62
 800 0303 9B       		.byte	-101
 801 0304 C4       		.byte	-60
 802 0305 4A       		.byte	74
 803 0306 CA       		.byte	-54
 804 0307 4F       		.byte	79
 805 0308 CC       		.byte	-52
 806 0309 1F       		.byte	31
 807 030a CE       		.byte	-50
 808 030b 0F       		.byte	15
 809 030c D0       		.byte	-48
 810 030d 0A       		.byte	10
 811 030e D2       		.byte	-46
 812 030f 38       		.byte	56
 813 0310 DE       		.byte	-34
 814 0311 10       		.byte	16
 815 0312 E0       		.byte	-32
 816 0313 02       		.byte	2
 817 0314 87       		.byte	-121
 818 0315 08       		.byte	8
 819 0316 EE       		.byte	-18
 820 0317 02       		.byte	2
 821 0318 E2       		.byte	-30
 822 0319 08       		.byte	8
 823 031a EA       		.byte	-22
 824 031b 84       		.byte	-124
 825 031c 18       		.byte	24
 826 031d 01       		.byte	1
 827 031e 34       		.byte	52
 828 031f 01       		.byte	1
 829 0320 3E       		.byte	62
 830 0321 10       		.byte	16
 831 0322 40       		.byte	64
 832 0323 23       		.byte	35
 833 0324 41       		.byte	65
 834 0325 04       		.byte	4
 835 0326 46       		.byte	70
 836 0327 0C       		.byte	12
 837 0328 47       		.byte	71
 838 0329 BE       		.byte	-66
 839 032a 48       		.byte	72
 840 032b 34       		.byte	52
 841 032c 49       		.byte	73
 842 032d FF       		.byte	-1
 843 032e 4A       		.byte	74
 844 032f FF       		.byte	-1
 845 0330 4B       		.byte	75
 846 0331 FF       		.byte	-1
 847 0332 4E       		.byte	78
 848 0333 F0       		.byte	-16
 849 0334 4F       		.byte	79
 850 0335 44       		.byte	68
 851 0336 50       		.byte	80
 852 0337 0C       		.byte	12
 853 0338 56       		.byte	86
 854 0339 08       		.byte	8
 855 033a 58       		.byte	88
ARM GAS  C:\Users\JEFFSN~1\AppData\Local\Temp\ccitLZiW.s 			page 16


 856 033b 04       		.byte	4
 857 033c 5A       		.byte	90
 858 033d 04       		.byte	4
 859 033e 5B       		.byte	91
 860 033f 0F       		.byte	15
 861 0340 5D       		.byte	93
 862 0341 01       		.byte	1
 863 0342 5F       		.byte	95
 864 0343 01       		.byte	1
 865 0344 66       		.byte	102
 866 0345 C0       		.byte	-64
 867 0346 6A       		.byte	106
 868 0347 40       		.byte	64
 869 0348 6B       		.byte	107
 870 0349 02       		.byte	2
 871 034a 81       		.byte	-127
 872 034b 10       		.byte	16
 873 034c 82       		.byte	-126
 874 034d 23       		.byte	35
 875 034e 84       		.byte	-124
 876 034f 1C       		.byte	28
 877 0350 85       		.byte	-123
 878 0351 18       		.byte	24
 879 0352 86       		.byte	-122
 880 0353 23       		.byte	35
 881 0354 88       		.byte	-120
 882 0355 03       		.byte	3
 883 0356 89       		.byte	-119
 884 0357 08       		.byte	8
 885 0358 8C       		.byte	-116
 886 0359 3F       		.byte	63
 887 035a 8D       		.byte	-115
 888 035b 7F       		.byte	127
 889 035c 90       		.byte	-112
 890 035d 33       		.byte	51
 891 035e 92       		.byte	-110
 892 035f 0C       		.byte	12
 893 0360 93       		.byte	-109
 894 0361 04       		.byte	4
 895 0362 94       		.byte	-108
 896 0363 1F       		.byte	31
 897 0364 96       		.byte	-106
 898 0365 20       		.byte	32
 899 0366 98       		.byte	-104
 900 0367 01       		.byte	1
 901 0368 99       		.byte	-103
 902 0369 1C       		.byte	28
 903 036a 9B       		.byte	-101
 904 036b 61       		.byte	97
 905 036c 9C       		.byte	-100
 906 036d 02       		.byte	2
 907 036e 9D       		.byte	-99
 908 036f 67       		.byte	103
 909 0370 9F       		.byte	-97
 910 0371 18       		.byte	24
 911 0372 A0       		.byte	-96
 912 0373 08       		.byte	8
ARM GAS  C:\Users\JEFFSN~1\AppData\Local\Temp\ccitLZiW.s 			page 17


 913 0374 A3       		.byte	-93
 914 0375 23       		.byte	35
 915 0376 A4       		.byte	-92
 916 0377 04       		.byte	4
 917 0378 A5       		.byte	-91
 918 0379 04       		.byte	4
 919 037a A8       		.byte	-88
 920 037b 0C       		.byte	12
 921 037c A9       		.byte	-87
 922 037d 3C       		.byte	60
 923 037e AB       		.byte	-85
 924 037f 42       		.byte	66
 925 0380 B0       		.byte	-80
 926 0381 0F       		.byte	15
 927 0382 B2       		.byte	-78
 928 0383 2C       		.byte	44
 929 0384 B3       		.byte	-77
 930 0385 38       		.byte	56
 931 0386 B4       		.byte	-76
 932 0387 10       		.byte	16
 933 0388 B5       		.byte	-75
 934 0389 1F       		.byte	31
 935 038a B7       		.byte	-73
 936 038b 40       		.byte	64
 937 038c B9       		.byte	-71
 938 038d 80       		.byte	-128
 939 038e BA       		.byte	-70
 940 038f 0A       		.byte	10
 941 0390 BB       		.byte	-69
 942 0391 20       		.byte	32
 943 0392 BE       		.byte	-66
 944 0393 10       		.byte	16
 945 0394 C0       		.byte	-64
 946 0395 45       		.byte	69
 947 0396 C1       		.byte	-63
 948 0397 06       		.byte	6
 949 0398 C5       		.byte	-59
 950 0399 60       		.byte	96
 951 039a C7       		.byte	-57
 952 039b 20       		.byte	32
 953 039c C8       		.byte	-56
 954 039d 22       		.byte	34
 955 039e D6       		.byte	-42
 956 039f 02       		.byte	2
 957 03a0 D7       		.byte	-41
 958 03a1 11       		.byte	17
 959 03a2 D8       		.byte	-40
 960 03a3 04       		.byte	4
 961 03a4 D9       		.byte	-39
 962 03a5 04       		.byte	4
 963 03a6 DA       		.byte	-38
 964 03a7 04       		.byte	4
 965 03a8 DB       		.byte	-37
 966 03a9 04       		.byte	4
 967 03aa DC       		.byte	-36
 968 03ab 11       		.byte	17
 969 03ac DD       		.byte	-35
ARM GAS  C:\Users\JEFFSN~1\AppData\Local\Temp\ccitLZiW.s 			page 18


 970 03ad 10       		.byte	16
 971 03ae DF       		.byte	-33
 972 03af 01       		.byte	1
 973 03b0 E1       		.byte	-31
 974 03b1 0C       		.byte	12
 975 03b2 E2       		.byte	-30
 976 03b3 F0       		.byte	-16
 977 03b4 E3       		.byte	-29
 978 03b5 0C       		.byte	12
 979 03b6 E5       		.byte	-27
 980 03b7 0C       		.byte	12
 981 03b8 E7       		.byte	-25
 982 03b9 0C       		.byte	12
 983 03ba E8       		.byte	-24
 984 03bb 40       		.byte	64
 985 03bc E9       		.byte	-23
 986 03bd 4C       		.byte	76
 987 03be EA       		.byte	-22
 988 03bf 40       		.byte	64
 989 03c0 EB       		.byte	-21
 990 03c1 4C       		.byte	76
 991 03c2 EC       		.byte	-20
 992 03c3 90       		.byte	-112
 993 03c4 ED       		.byte	-19
 994 03c5 58       		.byte	88
 995 03c6 EF       		.byte	-17
 996 03c7 0C       		.byte	12
 997 03c8 00       		.byte	0
 998 03c9 C4       		.byte	-60
 999 03ca 02       		.byte	2
 1000 03cb 10       		.byte	16
 1001 03cc 03       		.byte	3
 1002 03cd 88       		.byte	-120
 1003 03ce 08       		.byte	8
 1004 03cf 20       		.byte	32
 1005 03d0 09       		.byte	9
 1006 03d1 80       		.byte	-128
 1007 03d2 0A       		.byte	10
 1008 03d3 A0       		.byte	-96
 1009 03d4 0F       		.byte	15
 1010 03d5 08       		.byte	8
 1011 03d6 10       		.byte	16
 1012 03d7 80       		.byte	-128
 1013 03d8 13       		.byte	19
 1014 03d9 14       		.byte	20
 1015 03da 19       		.byte	25
 1016 03db 10       		.byte	16
 1017 03dc 1A       		.byte	26
 1018 03dd A0       		.byte	-96
 1019 03de 1E       		.byte	30
 1020 03df 08       		.byte	8
 1021 03e0 20       		.byte	32
 1022 03e1 04       		.byte	4
 1023 03e2 21       		.byte	33
 1024 03e3 08       		.byte	8
 1025 03e4 23       		.byte	35
 1026 03e5 02       		.byte	2
ARM GAS  C:\Users\JEFFSN~1\AppData\Local\Temp\ccitLZiW.s 			page 19


 1027 03e6 28       		.byte	40
 1028 03e7 20       		.byte	32
 1029 03e8 2A       		.byte	42
 1030 03e9 10       		.byte	16
 1031 03ea 2B       		.byte	43
 1032 03eb 80       		.byte	-128
 1033 03ec 32       		.byte	50
 1034 03ed 51       		.byte	81
 1035 03ee 38       		.byte	56
 1036 03ef 68       		.byte	104
 1037 03f0 3A       		.byte	58
 1038 03f1 02       		.byte	2
 1039 03f2 3D       		.byte	61
 1040 03f3 20       		.byte	32
 1041 03f4 3E       		.byte	62
 1042 03f5 10       		.byte	16
 1043 03f6 42       		.byte	66
 1044 03f7 40       		.byte	64
 1045 03f8 44       		.byte	68
 1046 03f9 50       		.byte	80
 1047 03fa 45       		.byte	69
 1048 03fb 10       		.byte	16
 1049 03fc 48       		.byte	72
 1050 03fd 04       		.byte	4
 1051 03fe 49       		.byte	73
 1052 03ff 82       		.byte	-126
 1053 0400 50       		.byte	80
 1054 0401 02       		.byte	2
 1055 0402 56       		.byte	86
 1056 0403 44       		.byte	68
 1057 0404 57       		.byte	87
 1058 0405 05       		.byte	5
 1059 0406 59       		.byte	89
 1060 0407 10       		.byte	16
 1061 0408 5F       		.byte	95
 1062 0409 40       		.byte	64
 1063 040a 66       		.byte	102
 1064 040b 80       		.byte	-128
 1065 040c 69       		.byte	105
 1066 040d 54       		.byte	84
 1067 040e 70       		.byte	112
 1068 040f 94       		.byte	-108
 1069 0410 72       		.byte	114
 1070 0411 02       		.byte	2
 1071 0412 73       		.byte	115
 1072 0413 14       		.byte	20
 1073 0414 7D       		.byte	125
 1074 0415 02       		.byte	2
 1075 0416 8B       		.byte	-117
 1076 0417 40       		.byte	64
 1077 0418 92       		.byte	-110
 1078 0419 50       		.byte	80
 1079 041a 95       		.byte	-107
 1080 041b 01       		.byte	1
 1081 041c 97       		.byte	-105
 1082 041d 02       		.byte	2
 1083 041e 99       		.byte	-103
ARM GAS  C:\Users\JEFFSN~1\AppData\Local\Temp\ccitLZiW.s 			page 20


 1084 041f 80       		.byte	-128
 1085 0420 9C       		.byte	-100
 1086 0421 10       		.byte	16
 1087 0422 9D       		.byte	-99
 1088 0423 03       		.byte	3
 1089 0424 9E       		.byte	-98
 1090 0425 C4       		.byte	-60
 1091 0426 9F       		.byte	-97
 1092 0427 0B       		.byte	11
 1093 0428 A0       		.byte	-96
 1094 0429 44       		.byte	68
 1095 042a A1       		.byte	-95
 1096 042b 01       		.byte	1
 1097 042c A4       		.byte	-92
 1098 042d 02       		.byte	2
 1099 042e A6       		.byte	-90
 1100 042f 84       		.byte	-124
 1101 0430 AA       		.byte	-86
 1102 0431 04       		.byte	4
 1103 0432 AB       		.byte	-85
 1104 0433 41       		.byte	65
 1105 0434 B2       		.byte	-78
 1106 0435 40       		.byte	64
 1107 0436 B3       		.byte	-77
 1108 0437 30       		.byte	48
 1109 0438 C0       		.byte	-64
 1110 0439 0F       		.byte	15
 1111 043a C2       		.byte	-62
 1112 043b 4F       		.byte	79
 1113 043c C4       		.byte	-60
 1114 043d 0E       		.byte	14
 1115 043e CA       		.byte	-54
 1116 043f 07       		.byte	7
 1117 0440 CC       		.byte	-52
 1118 0441 0D       		.byte	13
 1119 0442 CE       		.byte	-50
 1120 0443 0F       		.byte	15
 1121 0444 D0       		.byte	-48
 1122 0445 E1       		.byte	-31
 1123 0446 D2       		.byte	-46
 1124 0447 0C       		.byte	12
 1125 0448 D6       		.byte	-42
 1126 0449 14       		.byte	20
 1127 044a D8       		.byte	-40
 1128 044b 10       		.byte	16
 1129 044c DE       		.byte	-34
 1130 044d 80       		.byte	-128
 1131 044e EA       		.byte	-22
 1132 044f 80       		.byte	-128
 1133 0450 02       		.byte	2
 1134 0451 03       		.byte	3
 1135 0452 05       		.byte	5
 1136 0453 03       		.byte	3
 1137 0454 06       		.byte	6
 1138 0455 03       		.byte	3
 1139 0456 08       		.byte	8
 1140 0457 07       		.byte	7
ARM GAS  C:\Users\JEFFSN~1\AppData\Local\Temp\ccitLZiW.s 			page 21


 1141 0458 09       		.byte	9
 1142 0459 03       		.byte	3
 1143 045a 0A       		.byte	10
 1144 045b 38       		.byte	56
 1145 045c 0C       		.byte	12
 1146 045d 03       		.byte	3
 1147 045e 0F       		.byte	15
 1148 045f 08       		.byte	8
 1149 0460 10       		.byte	16
 1150 0461 03       		.byte	3
 1151 0462 16       		.byte	22
 1152 0463 03       		.byte	3
 1153 0464 17       		.byte	23
 1154 0465 08       		.byte	8
 1155 0466 18       		.byte	24
 1156 0467 09       		.byte	9
 1157 0468 1A       		.byte	26
 1158 0469 44       		.byte	68
 1159 046a 1D       		.byte	29
 1160 046b 02       		.byte	2
 1161 046c 1F       		.byte	31
 1162 046d 01       		.byte	1
 1163 046e 20       		.byte	32
 1164 046f 12       		.byte	18
 1165 0470 22       		.byte	34
 1166 0471 44       		.byte	68
 1167 0472 24       		.byte	36
 1168 0473 9C       		.byte	-100
 1169 0474 25       		.byte	37
 1170 0475 01       		.byte	1
 1171 0476 27       		.byte	39
 1172 0477 06       		.byte	6
 1173 0478 28       		.byte	40
 1174 0479 9C       		.byte	-100
 1175 047a 2C       		.byte	44
 1176 047b 80       		.byte	-128
 1177 047c 30       		.byte	48
 1178 047d 03       		.byte	3
 1179 047e 31       		.byte	49
 1180 047f 04       		.byte	4
 1181 0480 32       		.byte	50
 1182 0481 1C       		.byte	28
 1183 0482 33       		.byte	51
 1184 0483 08       		.byte	8
 1185 0484 34       		.byte	52
 1186 0485 60       		.byte	96
 1187 0486 36       		.byte	54
 1188 0487 80       		.byte	-128
 1189 0488 37       		.byte	55
 1190 0489 03       		.byte	3
 1191 048a 3E       		.byte	62
 1192 048b 10       		.byte	16
 1193 048c 3F       		.byte	63
 1194 048d 04       		.byte	4
 1195 048e 40       		.byte	64
 1196 048f 61       		.byte	97
 1197 0490 41       		.byte	65
ARM GAS  C:\Users\JEFFSN~1\AppData\Local\Temp\ccitLZiW.s 			page 22


 1198 0491 04       		.byte	4
 1199 0492 42       		.byte	66
 1200 0493 03       		.byte	3
 1201 0494 44       		.byte	68
 1202 0495 02       		.byte	2
 1203 0496 46       		.byte	70
 1204 0497 0C       		.byte	12
 1205 0498 47       		.byte	71
 1206 0499 E0       		.byte	-32
 1207 049a 48       		.byte	72
 1208 049b 24       		.byte	36
 1209 049c 49       		.byte	73
 1210 049d FF       		.byte	-1
 1211 049e 4A       		.byte	74
 1212 049f FF       		.byte	-1
 1213 04a0 4B       		.byte	75
 1214 04a1 FF       		.byte	-1
 1215 04a2 4C       		.byte	76
 1216 04a3 62       		.byte	98
 1217 04a4 4D       		.byte	77
 1218 04a5 A0       		.byte	-96
 1219 04a6 4E       		.byte	78
 1220 04a7 F0       		.byte	-16
 1221 04a8 4F       		.byte	79
 1222 04a9 41       		.byte	65
 1223 04aa 50       		.byte	80
 1224 04ab 0C       		.byte	12
 1225 04ac 58       		.byte	88
 1226 04ad 04       		.byte	4
 1227 04ae 59       		.byte	89
 1228 04af 04       		.byte	4
 1229 04b0 5A       		.byte	90
 1230 04b1 04       		.byte	4
 1231 04b2 5C       		.byte	92
 1232 04b3 11       		.byte	17
 1233 04b4 5D       		.byte	93
 1234 04b5 01       		.byte	1
 1235 04b6 5F       		.byte	95
 1236 04b7 01       		.byte	1
 1237 04b8 66       		.byte	102
 1238 04b9 40       		.byte	64
 1239 04ba 67       		.byte	103
 1240 04bb 02       		.byte	2
 1241 04bc 69       		.byte	105
 1242 04bd 10       		.byte	16
 1243 04be 6A       		.byte	106
 1244 04bf 30       		.byte	48
 1245 04c0 6B       		.byte	107
 1246 04c1 10       		.byte	16
 1247 04c2 6D       		.byte	109
 1248 04c3 10       		.byte	16
 1249 04c4 6E       		.byte	110
 1250 04c5 10       		.byte	16
 1251 04c6 6F       		.byte	111
 1252 04c7 12       		.byte	18
 1253 04c8 87       		.byte	-121
 1254 04c9 08       		.byte	8
ARM GAS  C:\Users\JEFFSN~1\AppData\Local\Temp\ccitLZiW.s 			page 23


 1255 04ca 88       		.byte	-120
 1256 04cb C7       		.byte	-57
 1257 04cc 89       		.byte	-119
 1258 04cd 71       		.byte	113
 1259 04ce 8A       		.byte	-118
 1260 04cf 30       		.byte	48
 1261 04d0 8B       		.byte	-117
 1262 04d1 06       		.byte	6
 1263 04d2 8C       		.byte	-116
 1264 04d3 0A       		.byte	10
 1265 04d4 8E       		.byte	-114
 1266 04d5 C4       		.byte	-60
 1267 04d6 93       		.byte	-109
 1268 04d7 0C       		.byte	12
 1269 04d8 94       		.byte	-108
 1270 04d9 04       		.byte	4
 1271 04da 96       		.byte	-106
 1272 04db A3       		.byte	-93
 1273 04dc 99       		.byte	-103
 1274 04dd 2C       		.byte	44
 1275 04de 9A       		.byte	-102
 1276 04df 18       		.byte	24
 1277 04e0 9B       		.byte	-101
 1278 04e1 43       		.byte	67
 1279 04e2 9C       		.byte	-100
 1280 04e3 05       		.byte	5
 1281 04e4 A0       		.byte	-96
 1282 04e5 03       		.byte	3
 1283 04e6 A1       		.byte	-95
 1284 04e7 71       		.byte	113
 1285 04e8 A2       		.byte	-94
 1286 04e9 6C       		.byte	108
 1287 04ea A3       		.byte	-93
 1288 04eb 0E       		.byte	14
 1289 04ec A5       		.byte	-91
 1290 04ed 80       		.byte	-128
 1291 04ee A6       		.byte	-90
 1292 04ef 20       		.byte	32
 1293 04f0 A7       		.byte	-89
 1294 04f1 13       		.byte	19
 1295 04f2 A8       		.byte	-88
 1296 04f3 04       		.byte	4
 1297 04f4 AA       		.byte	-86
 1298 04f5 40       		.byte	64
 1299 04f6 B3       		.byte	-77
 1300 04f7 30       		.byte	48
 1301 04f8 B4       		.byte	-76
 1302 04f9 1F       		.byte	31
 1303 04fa B5       		.byte	-75
 1304 04fb 0F       		.byte	15
 1305 04fc B6       		.byte	-74
 1306 04fd E0       		.byte	-32
 1307 04fe B7       		.byte	-73
 1308 04ff C0       		.byte	-64
 1309 0500 B9       		.byte	-71
 1310 0501 88       		.byte	-120
 1311 0502 BA       		.byte	-70
ARM GAS  C:\Users\JEFFSN~1\AppData\Local\Temp\ccitLZiW.s 			page 24


 1312 0503 80       		.byte	-128
 1313 0504 BB       		.byte	-69
 1314 0505 20       		.byte	32
 1315 0506 BF       		.byte	-65
 1316 0507 04       		.byte	4
 1317 0508 C0       		.byte	-64
 1318 0509 02       		.byte	2
 1319 050a C7       		.byte	-57
 1320 050b 04       		.byte	4
 1321 050c C9       		.byte	-55
 1322 050d FF       		.byte	-1
 1323 050e CA       		.byte	-54
 1324 050f 07       		.byte	7
 1325 0510 CB       		.byte	-53
 1326 0511 FF       		.byte	-1
 1327 0512 CC       		.byte	-52
 1328 0513 40       		.byte	64
 1329 0514 CD       		.byte	-51
 1330 0515 20       		.byte	32
 1331 0516 CE       		.byte	-50
 1332 0517 F0       		.byte	-16
 1333 0518 CF       		.byte	-49
 1334 0519 05       		.byte	5
 1335 051a D0       		.byte	-48
 1336 051b 08       		.byte	8
 1337 051c D8       		.byte	-40
 1338 051d 04       		.byte	4
 1339 051e D9       		.byte	-39
 1340 051f 04       		.byte	4
 1341 0520 DA       		.byte	-38
 1342 0521 04       		.byte	4
 1343 0522 DC       		.byte	-36
 1344 0523 11       		.byte	17
 1345 0524 DD       		.byte	-35
 1346 0525 01       		.byte	1
 1347 0526 DF       		.byte	-33
 1348 0527 01       		.byte	1
 1349 0528 E0       		.byte	-32
 1350 0529 40       		.byte	64
 1351 052a E1       		.byte	-31
 1352 052b A8       		.byte	-88
 1353 052c E2       		.byte	-30
 1354 052d 40       		.byte	64
 1355 052e E3       		.byte	-29
 1356 052f 20       		.byte	32
 1357 0530 00       		.byte	0
 1358 0531 40       		.byte	64
 1359 0532 02       		.byte	2
 1360 0533 10       		.byte	16
 1361 0534 03       		.byte	3
 1362 0535 88       		.byte	-120
 1363 0536 07       		.byte	7
 1364 0537 09       		.byte	9
 1365 0538 08       		.byte	8
 1366 0539 20       		.byte	32
 1367 053a 0A       		.byte	10
 1368 053b A0       		.byte	-96
ARM GAS  C:\Users\JEFFSN~1\AppData\Local\Temp\ccitLZiW.s 			page 25


 1369 053c 0E       		.byte	14
 1370 053d 18       		.byte	24
 1371 053e 0F       		.byte	15
 1372 053f 02       		.byte	2
 1373 0540 11       		.byte	17
 1374 0541 54       		.byte	84
 1375 0542 13       		.byte	19
 1376 0543 01       		.byte	1
 1377 0544 14       		.byte	20
 1378 0545 10       		.byte	16
 1379 0546 15       		.byte	21
 1380 0547 01       		.byte	1
 1381 0548 16       		.byte	22
 1382 0549 04       		.byte	4
 1383 054a 18       		.byte	24
 1384 054b 04       		.byte	4
 1385 054c 19       		.byte	25
 1386 054d 01       		.byte	1
 1387 054e 1A       		.byte	26
 1388 054f 01       		.byte	1
 1389 0550 1B       		.byte	27
 1390 0551 88       		.byte	-120
 1391 0552 1E       		.byte	30
 1392 0553 08       		.byte	8
 1393 0554 1F       		.byte	31
 1394 0555 40       		.byte	64
 1395 0556 21       		.byte	33
 1396 0557 80       		.byte	-128
 1397 0558 22       		.byte	34
 1398 0559 05       		.byte	5
 1399 055a 23       		.byte	35
 1400 055b 01       		.byte	1
 1401 055c 26       		.byte	38
 1402 055d 20       		.byte	32
 1403 055e 27       		.byte	39
 1404 055f 29       		.byte	41
 1405 0560 28       		.byte	40
 1406 0561 20       		.byte	32
 1407 0562 2C       		.byte	44
 1408 0563 50       		.byte	80
 1409 0564 2D       		.byte	45
 1410 0565 01       		.byte	1
 1411 0566 2F       		.byte	47
 1412 0567 60       		.byte	96
 1413 0568 31       		.byte	49
 1414 0569 88       		.byte	-120
 1415 056a 36       		.byte	54
 1416 056b 20       		.byte	32
 1417 056c 37       		.byte	55
 1418 056d 01       		.byte	1
 1419 056e 38       		.byte	56
 1420 056f 80       		.byte	-128
 1421 0570 39       		.byte	57
 1422 0571 14       		.byte	20
 1423 0572 3D       		.byte	61
 1424 0573 08       		.byte	8
 1425 0574 3E       		.byte	62
ARM GAS  C:\Users\JEFFSN~1\AppData\Local\Temp\ccitLZiW.s 			page 26


 1426 0575 10       		.byte	16
 1427 0576 40       		.byte	64
 1428 0577 44       		.byte	68
 1429 0578 41       		.byte	65
 1430 0579 08       		.byte	8
 1431 057a 42       		.byte	66
 1432 057b 01       		.byte	1
 1433 057c 47       		.byte	71
 1434 057d 20       		.byte	32
 1435 057e 49       		.byte	73
 1436 057f 20       		.byte	32
 1437 0580 50       		.byte	80
 1438 0581 40       		.byte	64
 1439 0582 53       		.byte	83
 1440 0583 01       		.byte	1
 1441 0584 55       		.byte	85
 1442 0585 04       		.byte	4
 1443 0586 56       		.byte	86
 1444 0587 04       		.byte	4
 1445 0588 57       		.byte	87
 1446 0589 20       		.byte	32
 1447 058a 82       		.byte	-126
 1448 058b 04       		.byte	4
 1449 058c 86       		.byte	-122
 1450 058d 84       		.byte	-124
 1451 058e 8C       		.byte	-116
 1452 058f 20       		.byte	32
 1453 0590 90       		.byte	-112
 1454 0591 40       		.byte	64
 1455 0592 91       		.byte	-111
 1456 0593 54       		.byte	84
 1457 0594 92       		.byte	-110
 1458 0595 B0       		.byte	-80
 1459 0596 95       		.byte	-107
 1460 0597 01       		.byte	1
 1461 0598 96       		.byte	-106
 1462 0599 02       		.byte	2
 1463 059a 97       		.byte	-105
 1464 059b 02       		.byte	2
 1465 059c 99       		.byte	-103
 1466 059d 20       		.byte	32
 1467 059e 9A       		.byte	-102
 1468 059f 10       		.byte	16
 1469 05a0 9C       		.byte	-100
 1470 05a1 70       		.byte	112
 1471 05a2 9D       		.byte	-99
 1472 05a3 01       		.byte	1
 1473 05a4 9F       		.byte	-97
 1474 05a5 09       		.byte	9
 1475 05a6 A1       		.byte	-95
 1476 05a7 08       		.byte	8
 1477 05a8 A3       		.byte	-93
 1478 05a9 01       		.byte	1
 1479 05aa A5       		.byte	-91
 1480 05ab 80       		.byte	-128
 1481 05ac A6       		.byte	-90
 1482 05ad 80       		.byte	-128
ARM GAS  C:\Users\JEFFSN~1\AppData\Local\Temp\ccitLZiW.s 			page 27


 1483 05ae A7       		.byte	-89
 1484 05af 88       		.byte	-120
 1485 05b0 B5       		.byte	-75
 1486 05b1 20       		.byte	32
 1487 05b2 B6       		.byte	-74
 1488 05b3 40       		.byte	64
 1489 05b4 C0       		.byte	-64
 1490 05b5 CF       		.byte	-49
 1491 05b6 C2       		.byte	-62
 1492 05b7 EE       		.byte	-18
 1493 05b8 C4       		.byte	-60
 1494 05b9 7F       		.byte	127
 1495 05ba CA       		.byte	-54
 1496 05bb C2       		.byte	-62
 1497 05bc CC       		.byte	-52
 1498 05bd AA       		.byte	-86
 1499 05be CE       		.byte	-50
 1500 05bf 6E       		.byte	110
 1501 05c0 D0       		.byte	-48
 1502 05c1 2F       		.byte	47
 1503 05c2 D2       		.byte	-46
 1504 05c3 04       		.byte	4
 1505 05c4 E4       		.byte	-28
 1506 05c5 04       		.byte	4
 1507 05c6 30       		.byte	48
 1508 05c7 12       		.byte	18
 1509 05c8 34       		.byte	52
 1510 05c9 02       		.byte	2
 1511 05ca 35       		.byte	53
 1512 05cb 80       		.byte	-128
 1513 05cc 3A       		.byte	58
 1514 05cd 20       		.byte	32
 1515 05ce 78       		.byte	120
 1516 05cf 40       		.byte	64
 1517 05d0 86       		.byte	-122
 1518 05d1 20       		.byte	32
 1519 05d2 CC       		.byte	-52
 1520 05d3 F0       		.byte	-16
 1521 05d4 CE       		.byte	-50
 1522 05d5 10       		.byte	16
 1523 05d6 DC       		.byte	-36
 1524 05d7 80       		.byte	-128
 1525 05d8 E2       		.byte	-30
 1526 05d9 10       		.byte	16
 1527 05da 84       		.byte	-124
 1528 05db 10       		.byte	16
 1529 05dc 9C       		.byte	-100
 1530 05dd 50       		.byte	80
 1531 05de 9D       		.byte	-99
 1532 05df 80       		.byte	-128
 1533 05e0 A4       		.byte	-92
 1534 05e1 02       		.byte	2
 1535 05e2 AC       		.byte	-84
 1536 05e3 02       		.byte	2
 1537 05e4 E6       		.byte	-26
 1538 05e5 40       		.byte	64
 1539 05e6 EE       		.byte	-18
ARM GAS  C:\Users\JEFFSN~1\AppData\Local\Temp\ccitLZiW.s 			page 28


 1540 05e7 40       		.byte	64
 1541 05e8 84       		.byte	-124
 1542 05e9 02       		.byte	2
 1543 05ea 9C       		.byte	-100
 1544 05eb 40       		.byte	64
 1545 05ec 9D       		.byte	-99
 1546 05ed 80       		.byte	-128
 1547 05ee A4       		.byte	-92
 1548 05ef 02       		.byte	2
 1549 05f0 E2       		.byte	-30
 1550 05f1 10       		.byte	16
 1551 05f2 9C       		.byte	-100
 1552 05f3 40       		.byte	64
 1553 05f4 9D       		.byte	-99
 1554 05f5 80       		.byte	-128
 1555 05f6 29       		.byte	41
 1556 05f7 20       		.byte	32
 1557 05f8 3A       		.byte	58
 1558 05f9 10       		.byte	16
 1559 05fa 87       		.byte	-121
 1560 05fb 10       		.byte	16
 1561 05fc CA       		.byte	-54
 1562 05fd 08       		.byte	8
 1563 05fe CE       		.byte	-50
 1564 05ff 08       		.byte	8
 1565 0600 97       		.byte	-105
 1566 0601 30       		.byte	48
 1567 0602 99       		.byte	-103
 1568 0603 20       		.byte	32
 1569 0604 9E       		.byte	-98
 1570 0605 10       		.byte	16
 1571 0606 AF       		.byte	-81
 1572 0607 10       		.byte	16
 1573 0608 86       		.byte	-122
 1574 0609 10       		.byte	16
 1575 060a 97       		.byte	-105
 1576 060b 30       		.byte	48
 1577 060c 99       		.byte	-103
 1578 060d 20       		.byte	32
 1579 060e 9E       		.byte	-98
 1580 060f 10       		.byte	16
 1581 0610 0B       		.byte	11
 1582 0611 20       		.byte	32
 1583 0612 0F       		.byte	15
 1584 0613 10       		.byte	16
 1585 0614 97       		.byte	-105
 1586 0615 30       		.byte	48
 1587 0616 99       		.byte	-103
 1588 0617 20       		.byte	32
 1589 0618 C2       		.byte	-62
 1590 0619 0C       		.byte	12
 1591 061a A3       		.byte	-93
 1592 061b 20       		.byte	32
 1593 061c A9       		.byte	-87
 1594 061d 80       		.byte	-128
 1595 061e B0       		.byte	-80
 1596 061f 40       		.byte	64
ARM GAS  C:\Users\JEFFSN~1\AppData\Local\Temp\ccitLZiW.s 			page 29


 1597 0620 B3       		.byte	-77
 1598 0621 20       		.byte	32
 1599 0622 EA       		.byte	-22
 1600 0623 20       		.byte	32
 1601 0624 7B       		.byte	123
 1602 0625 20       		.byte	32
 1603 0626 A3       		.byte	-93
 1604 0627 20       		.byte	32
 1605 0628 DE       		.byte	-34
 1606 0629 40       		.byte	64
 1607 062a 89       		.byte	-119
 1608 062b 20       		.byte	32
 1609 062c 99       		.byte	-103
 1610 062d 20       		.byte	32
 1611 062e E2       		.byte	-30
 1612 062f 04       		.byte	4
 1613 0630 12       		.byte	18
 1614 0631 80       		.byte	-128
 1615 0632 70       		.byte	112
 1616 0633 01       		.byte	1
 1617 0634 80       		.byte	-128
 1618 0635 01       		.byte	1
 1619 0636 8E       		.byte	-114
 1620 0637 80       		.byte	-128
 1621 0638 C4       		.byte	-60
 1622 0639 08       		.byte	8
 1623 063a DC       		.byte	-36
 1624 063b 01       		.byte	1
 1625 063c E2       		.byte	-30
 1626 063d 02       		.byte	2
 1627 063e 00       		.byte	0
 1628 063f 03       		.byte	3
 1629 0640 0C       		.byte	12
 1630 0641 03       		.byte	3
 1631 0642 10       		.byte	16
 1632 0643 03       		.byte	3
 1633 0644 1C       		.byte	28
 1634 0645 03       		.byte	3
 1635 0646 00       		.byte	0
 1636 0647 BF       		.byte	-65
 1637 0648 01       		.byte	1
 1638 0649 02       		.byte	2
 1639 064a 00       		.byte	0
 1640 064b 00       		.byte	0
 1641 064c 00       		.byte	0
 1642 064d 00       		.byte	0
 1643 064e E3       		.byte	-29
 1644 064f 00       		.byte	0
 1645 0650 00       		.byte	0
 1646 0651 00       		.byte	0
 1647 0652 00       		.byte	0
 1648 0653 00       		.byte	0
 1649 0654 40       		.byte	64
 1650 0655 80       		.byte	-128
 1651 0656 80       		.byte	-128
 1652 0657 00       		.byte	0
 1653 0658 80       		.byte	-128
ARM GAS  C:\Users\JEFFSN~1\AppData\Local\Temp\ccitLZiW.s 			page 30


 1654 0659 00       		.byte	0
 1655 065a 00       		.byte	0
 1656 065b 00       		.byte	0
 1657 065c 40       		.byte	64
 1658 065d 00       		.byte	0
 1659 065e 00       		.byte	0
 1660 065f 00       		.byte	0
 1661 0660 23       		.byte	35
 1662 0661 00       		.byte	0
 1663 0662 00       		.byte	0
 1664 0663 00       		.byte	0
 1665 0664 D0       		.byte	-48
 1666 0665 00       		.byte	0
 1667 0666 00       		.byte	0
 1668 0667 00       		.byte	0
 1669 0668 00       		.byte	0
 1670 0669 0B       		.byte	11
 1671 066a FF       		.byte	-1
 1672 066b 00       		.byte	0
 1673 066c 00       		.byte	0
 1674 066d 00       		.byte	0
 1675 066e 00       		.byte	0
 1676 066f 00       		.byte	0
 1677 0670 00       		.byte	0
 1678 0671 02       		.byte	2
 1679 0672 FB       		.byte	-5
 1680 0673 00       		.byte	0
 1681 0674 00       		.byte	0
 1682 0675 00       		.byte	0
 1683 0676 00       		.byte	0
 1684 0677 00       		.byte	0
 1685 0678 00       		.byte	0
 1686 0679 00       		.byte	0
 1687 067a FB       		.byte	-5
 1688 067b 00       		.byte	0
 1689 067c 00       		.byte	0
 1690 067d 00       		.byte	0
 1691 067e 00       		.byte	0
 1692 067f 00       		.byte	0
 1693              		.section	.cywolatch,"a",%progbits
 1694              		.align	2
 1695              		.type	cy_meta_wonvl, %object
 1696              		.size	cy_meta_wonvl, 4
 1697              	cy_meta_wonvl:
 1698 0000 BC       		.byte	-68
 1699 0001 90       		.byte	-112
 1700 0002 AC       		.byte	-84
 1701 0003 AF       		.byte	-81
 1702              		.section	.cycustnvl,"a",%progbits
 1703              		.align	2
 1704              		.type	cy_meta_custnvl, %object
 1705              		.size	cy_meta_custnvl, 4
 1706              	cy_meta_custnvl:
 1707 0000 00       		.byte	0
 1708 0001 00       		.byte	0
 1709 0002 40       		.byte	64
 1710 0003 05       		.byte	5
ARM GAS  C:\Users\JEFFSN~1\AppData\Local\Temp\ccitLZiW.s 			page 31


 1711              		.section	.cymeta,"a",%progbits
 1712              		.align	2
 1713              		.type	cy_metadata, %object
 1714              		.size	cy_metadata, 12
 1715              	cy_metadata:
 1716 0000 00       		.byte	0
 1717 0001 01       		.byte	1
 1718 0002 2E       		.byte	46
 1719 0003 16       		.byte	22
 1720 0004 10       		.byte	16
 1721 0005 69       		.byte	105
 1722 0006 00       		.byte	0
 1723 0007 01       		.byte	1
 1724 0008 00       		.byte	0
 1725 0009 00       		.byte	0
 1726 000a 00       		.byte	0
 1727 000b 00       		.byte	0
 1728              		.section	.cyflashprotect,"a",%progbits
 1729              		.align	2
 1730              		.type	cy_meta_flashprotect, %object
 1731              		.size	cy_meta_flashprotect, 256
 1732              	cy_meta_flashprotect:
 1733 0000 00000000 		.space	256
 1733      00000000 
 1733      00000000 
 1733      00000000 
 1733      00000000 
 1734              		.text
 1735              	.Letext0:
 1736              		.file 1 "c:\\program files (x86)\\cypress\\psoc creator\\4.2\\psoc creator\\import\\gnu\\arm\\5.4.
 1737              		.file 2 "c:\\program files (x86)\\cypress\\psoc creator\\4.2\\psoc creator\\import\\gnu\\arm\\5.4.
 1738              		.file 3 "Generated_Source\\PSoC5\\cymetadata.c"
 1739              		.section	.debug_info,"",%progbits
 1740              	.Ldebug_info0:
 1741 0000 34010000 		.4byte	0x134
 1742 0004 0400     		.2byte	0x4
 1743 0006 00000000 		.4byte	.Ldebug_abbrev0
 1744 000a 04       		.byte	0x4
 1745 000b 01       		.uleb128 0x1
 1746 000c 24000000 		.4byte	.LASF17
 1747 0010 0C       		.byte	0xc
 1748 0011 C1010000 		.4byte	.LASF18
 1749 0015 D7000000 		.4byte	.LASF19
 1750 0019 00000000 		.4byte	.Ldebug_line0
 1751 001d 02       		.uleb128 0x2
 1752 001e 01       		.byte	0x1
 1753 001f 06       		.byte	0x6
 1754 0020 B5010000 		.4byte	.LASF0
 1755 0024 03       		.uleb128 0x3
 1756 0025 00000000 		.4byte	.LASF9
 1757 0029 01       		.byte	0x1
 1758 002a 1D       		.byte	0x1d
 1759 002b 2F000000 		.4byte	0x2f
 1760 002f 02       		.uleb128 0x2
 1761 0030 01       		.byte	0x1
 1762 0031 08       		.byte	0x8
 1763 0032 16000000 		.4byte	.LASF1
ARM GAS  C:\Users\JEFFSN~1\AppData\Local\Temp\ccitLZiW.s 			page 32


 1764 0036 02       		.uleb128 0x2
 1765 0037 02       		.byte	0x2
 1766 0038 05       		.byte	0x5
 1767 0039 A2010000 		.4byte	.LASF2
 1768 003d 02       		.uleb128 0x2
 1769 003e 02       		.byte	0x2
 1770 003f 07       		.byte	0x7
 1771 0040 C4000000 		.4byte	.LASF3
 1772 0044 02       		.uleb128 0x2
 1773 0045 04       		.byte	0x4
 1774 0046 05       		.byte	0x5
 1775 0047 AC010000 		.4byte	.LASF4
 1776 004b 02       		.uleb128 0x2
 1777 004c 04       		.byte	0x4
 1778 004d 07       		.byte	0x7
 1779 004e B2000000 		.4byte	.LASF5
 1780 0052 02       		.uleb128 0x2
 1781 0053 08       		.byte	0x8
 1782 0054 05       		.byte	0x5
 1783 0055 94010000 		.4byte	.LASF6
 1784 0059 02       		.uleb128 0x2
 1785 005a 08       		.byte	0x8
 1786 005b 07       		.byte	0x7
 1787 005c 49010000 		.4byte	.LASF7
 1788 0060 04       		.uleb128 0x4
 1789 0061 04       		.byte	0x4
 1790 0062 05       		.byte	0x5
 1791 0063 696E7400 		.ascii	"int\000"
 1792 0067 02       		.uleb128 0x2
 1793 0068 04       		.byte	0x4
 1794 0069 07       		.byte	0x7
 1795 006a 3C010000 		.4byte	.LASF8
 1796 006e 03       		.uleb128 0x3
 1797 006f 60010000 		.4byte	.LASF10
 1798 0073 02       		.byte	0x2
 1799 0074 18       		.byte	0x18
 1800 0075 24000000 		.4byte	0x24
 1801 0079 05       		.uleb128 0x5
 1802 007a 91000000 		.4byte	0x91
 1803 007e 8A000000 		.4byte	0x8a
 1804 0082 06       		.uleb128 0x6
 1805 0083 8A000000 		.4byte	0x8a
 1806 0087 7F06     		.2byte	0x67f
 1807 0089 00       		.byte	0
 1808 008a 02       		.uleb128 0x2
 1809 008b 04       		.byte	0x4
 1810 008c 07       		.byte	0x7
 1811 008d 8B010000 		.4byte	.LASF11
 1812 0091 07       		.uleb128 0x7
 1813 0092 6E000000 		.4byte	0x6e
 1814 0096 08       		.uleb128 0x8
 1815 0097 2A010000 		.4byte	.LASF12
 1816 009b 03       		.byte	0x3
 1817 009c 1F       		.byte	0x1f
 1818 009d A7000000 		.4byte	0xa7
 1819 00a1 05       		.uleb128 0x5
 1820 00a2 03       		.byte	0x3
ARM GAS  C:\Users\JEFFSN~1\AppData\Local\Temp\ccitLZiW.s 			page 33


 1821 00a3 00000000 		.4byte	cy_meta_configecc
 1822 00a7 07       		.uleb128 0x7
 1823 00a8 79000000 		.4byte	0x79
 1824 00ac 05       		.uleb128 0x5
 1825 00ad 91000000 		.4byte	0x91
 1826 00b1 BC000000 		.4byte	0xbc
 1827 00b5 09       		.uleb128 0x9
 1828 00b6 8A000000 		.4byte	0x8a
 1829 00ba 03       		.byte	0x3
 1830 00bb 00       		.byte	0
 1831 00bc 08       		.uleb128 0x8
 1832 00bd 1A010000 		.4byte	.LASF13
 1833 00c1 03       		.byte	0x3
 1834 00c2 FC       		.byte	0xfc
 1835 00c3 CD000000 		.4byte	0xcd
 1836 00c7 05       		.uleb128 0x5
 1837 00c8 03       		.byte	0x3
 1838 00c9 00000000 		.4byte	cy_meta_custnvl
 1839 00cd 07       		.uleb128 0x7
 1840 00ce AC000000 		.4byte	0xac
 1841 00d2 0A       		.uleb128 0xa
 1842 00d3 7D010000 		.4byte	.LASF14
 1843 00d7 03       		.byte	0x3
 1844 00d8 0A01     		.2byte	0x10a
 1845 00da E4000000 		.4byte	0xe4
 1846 00de 05       		.uleb128 0x5
 1847 00df 03       		.byte	0x3
 1848 00e0 00000000 		.4byte	cy_meta_wonvl
 1849 00e4 07       		.uleb128 0x7
 1850 00e5 AC000000 		.4byte	0xac
 1851 00e9 05       		.uleb128 0x5
 1852 00ea 91000000 		.4byte	0x91
 1853 00ee F9000000 		.4byte	0xf9
 1854 00f2 09       		.uleb128 0x9
 1855 00f3 8A000000 		.4byte	0x8a
 1856 00f7 FF       		.byte	0xff
 1857 00f8 00       		.byte	0
 1858 00f9 0A       		.uleb128 0xa
 1859 00fa 68010000 		.4byte	.LASF15
 1860 00fe 03       		.byte	0x3
 1861 00ff 1801     		.2byte	0x118
 1862 0101 0B010000 		.4byte	0x10b
 1863 0105 05       		.uleb128 0x5
 1864 0106 03       		.byte	0x3
 1865 0107 00000000 		.4byte	cy_meta_flashprotect
 1866 010b 07       		.uleb128 0x7
 1867 010c E9000000 		.4byte	0xe9
 1868 0110 05       		.uleb128 0x5
 1869 0111 91000000 		.4byte	0x91
 1870 0115 20010000 		.4byte	0x120
 1871 0119 09       		.uleb128 0x9
 1872 011a 8A000000 		.4byte	0x8a
 1873 011e 0B       		.byte	0xb
 1874 011f 00       		.byte	0
 1875 0120 0A       		.uleb128 0xa
 1876 0121 0A000000 		.4byte	.LASF16
 1877 0125 03       		.byte	0x3
ARM GAS  C:\Users\JEFFSN~1\AppData\Local\Temp\ccitLZiW.s 			page 34


 1878 0126 4501     		.2byte	0x145
 1879 0128 32010000 		.4byte	0x132
 1880 012c 05       		.uleb128 0x5
 1881 012d 03       		.byte	0x3
 1882 012e 00000000 		.4byte	cy_metadata
 1883 0132 07       		.uleb128 0x7
 1884 0133 10010000 		.4byte	0x110
 1885 0137 00       		.byte	0
 1886              		.section	.debug_abbrev,"",%progbits
 1887              	.Ldebug_abbrev0:
 1888 0000 01       		.uleb128 0x1
 1889 0001 11       		.uleb128 0x11
 1890 0002 01       		.byte	0x1
 1891 0003 25       		.uleb128 0x25
 1892 0004 0E       		.uleb128 0xe
 1893 0005 13       		.uleb128 0x13
 1894 0006 0B       		.uleb128 0xb
 1895 0007 03       		.uleb128 0x3
 1896 0008 0E       		.uleb128 0xe
 1897 0009 1B       		.uleb128 0x1b
 1898 000a 0E       		.uleb128 0xe
 1899 000b 10       		.uleb128 0x10
 1900 000c 17       		.uleb128 0x17
 1901 000d 00       		.byte	0
 1902 000e 00       		.byte	0
 1903 000f 02       		.uleb128 0x2
 1904 0010 24       		.uleb128 0x24
 1905 0011 00       		.byte	0
 1906 0012 0B       		.uleb128 0xb
 1907 0013 0B       		.uleb128 0xb
 1908 0014 3E       		.uleb128 0x3e
 1909 0015 0B       		.uleb128 0xb
 1910 0016 03       		.uleb128 0x3
 1911 0017 0E       		.uleb128 0xe
 1912 0018 00       		.byte	0
 1913 0019 00       		.byte	0
 1914 001a 03       		.uleb128 0x3
 1915 001b 16       		.uleb128 0x16
 1916 001c 00       		.byte	0
 1917 001d 03       		.uleb128 0x3
 1918 001e 0E       		.uleb128 0xe
 1919 001f 3A       		.uleb128 0x3a
 1920 0020 0B       		.uleb128 0xb
 1921 0021 3B       		.uleb128 0x3b
 1922 0022 0B       		.uleb128 0xb
 1923 0023 49       		.uleb128 0x49
 1924 0024 13       		.uleb128 0x13
 1925 0025 00       		.byte	0
 1926 0026 00       		.byte	0
 1927 0027 04       		.uleb128 0x4
 1928 0028 24       		.uleb128 0x24
 1929 0029 00       		.byte	0
 1930 002a 0B       		.uleb128 0xb
 1931 002b 0B       		.uleb128 0xb
 1932 002c 3E       		.uleb128 0x3e
 1933 002d 0B       		.uleb128 0xb
 1934 002e 03       		.uleb128 0x3
ARM GAS  C:\Users\JEFFSN~1\AppData\Local\Temp\ccitLZiW.s 			page 35


 1935 002f 08       		.uleb128 0x8
 1936 0030 00       		.byte	0
 1937 0031 00       		.byte	0
 1938 0032 05       		.uleb128 0x5
 1939 0033 01       		.uleb128 0x1
 1940 0034 01       		.byte	0x1
 1941 0035 49       		.uleb128 0x49
 1942 0036 13       		.uleb128 0x13
 1943 0037 01       		.uleb128 0x1
 1944 0038 13       		.uleb128 0x13
 1945 0039 00       		.byte	0
 1946 003a 00       		.byte	0
 1947 003b 06       		.uleb128 0x6
 1948 003c 21       		.uleb128 0x21
 1949 003d 00       		.byte	0
 1950 003e 49       		.uleb128 0x49
 1951 003f 13       		.uleb128 0x13
 1952 0040 2F       		.uleb128 0x2f
 1953 0041 05       		.uleb128 0x5
 1954 0042 00       		.byte	0
 1955 0043 00       		.byte	0
 1956 0044 07       		.uleb128 0x7
 1957 0045 26       		.uleb128 0x26
 1958 0046 00       		.byte	0
 1959 0047 49       		.uleb128 0x49
 1960 0048 13       		.uleb128 0x13
 1961 0049 00       		.byte	0
 1962 004a 00       		.byte	0
 1963 004b 08       		.uleb128 0x8
 1964 004c 34       		.uleb128 0x34
 1965 004d 00       		.byte	0
 1966 004e 03       		.uleb128 0x3
 1967 004f 0E       		.uleb128 0xe
 1968 0050 3A       		.uleb128 0x3a
 1969 0051 0B       		.uleb128 0xb
 1970 0052 3B       		.uleb128 0x3b
 1971 0053 0B       		.uleb128 0xb
 1972 0054 49       		.uleb128 0x49
 1973 0055 13       		.uleb128 0x13
 1974 0056 3F       		.uleb128 0x3f
 1975 0057 19       		.uleb128 0x19
 1976 0058 02       		.uleb128 0x2
 1977 0059 18       		.uleb128 0x18
 1978 005a 00       		.byte	0
 1979 005b 00       		.byte	0
 1980 005c 09       		.uleb128 0x9
 1981 005d 21       		.uleb128 0x21
 1982 005e 00       		.byte	0
 1983 005f 49       		.uleb128 0x49
 1984 0060 13       		.uleb128 0x13
 1985 0061 2F       		.uleb128 0x2f
 1986 0062 0B       		.uleb128 0xb
 1987 0063 00       		.byte	0
 1988 0064 00       		.byte	0
 1989 0065 0A       		.uleb128 0xa
 1990 0066 34       		.uleb128 0x34
 1991 0067 00       		.byte	0
ARM GAS  C:\Users\JEFFSN~1\AppData\Local\Temp\ccitLZiW.s 			page 36


 1992 0068 03       		.uleb128 0x3
 1993 0069 0E       		.uleb128 0xe
 1994 006a 3A       		.uleb128 0x3a
 1995 006b 0B       		.uleb128 0xb
 1996 006c 3B       		.uleb128 0x3b
 1997 006d 05       		.uleb128 0x5
 1998 006e 49       		.uleb128 0x49
 1999 006f 13       		.uleb128 0x13
 2000 0070 3F       		.uleb128 0x3f
 2001 0071 19       		.uleb128 0x19
 2002 0072 02       		.uleb128 0x2
 2003 0073 18       		.uleb128 0x18
 2004 0074 00       		.byte	0
 2005 0075 00       		.byte	0
 2006 0076 00       		.byte	0
 2007              		.section	.debug_aranges,"",%progbits
 2008 0000 14000000 		.4byte	0x14
 2009 0004 0200     		.2byte	0x2
 2010 0006 00000000 		.4byte	.Ldebug_info0
 2011 000a 04       		.byte	0x4
 2012 000b 00       		.byte	0
 2013 000c 0000     		.2byte	0
 2014 000e 0000     		.2byte	0
 2015 0010 00000000 		.4byte	0
 2016 0014 00000000 		.4byte	0
 2017              		.section	.debug_line,"",%progbits
 2018              	.Ldebug_line0:
 2019 0000 3D010000 		.section	.debug_str,"MS",%progbits,1
 2019      02003701 
 2019      00000201 
 2019      FB0E0D00 
 2019      01010101 
 2020              	.LASF9:
 2021 0000 5F5F7569 		.ascii	"__uint8_t\000"
 2021      6E74385F 
 2021      7400
 2022              	.LASF16:
 2023 000a 63795F6D 		.ascii	"cy_metadata\000"
 2023      65746164 
 2023      61746100 
 2024              	.LASF1:
 2025 0016 756E7369 		.ascii	"unsigned char\000"
 2025      676E6564 
 2025      20636861 
 2025      7200
 2026              	.LASF17:
 2027 0024 474E5520 		.ascii	"GNU C11 5.4.1 20160609 (release) [ARM/embedded-5-br"
 2027      43313120 
 2027      352E342E 
 2027      31203230 
 2027      31363036 
 2028 0057 616E6368 		.ascii	"anch revision 237715] -mcpu=cortex-m3 -mthumb -g -O"
 2028      20726576 
 2028      6973696F 
 2028      6E203233 
 2028      37373135 
 2029 008a 67202D66 		.ascii	"g -ffunction-sections -ffat-lto-objects\000"
ARM GAS  C:\Users\JEFFSN~1\AppData\Local\Temp\ccitLZiW.s 			page 37


 2029      66756E63 
 2029      74696F6E 
 2029      2D736563 
 2029      74696F6E 
 2030              	.LASF5:
 2031 00b2 6C6F6E67 		.ascii	"long unsigned int\000"
 2031      20756E73 
 2031      69676E65 
 2031      6420696E 
 2031      7400
 2032              	.LASF3:
 2033 00c4 73686F72 		.ascii	"short unsigned int\000"
 2033      7420756E 
 2033      7369676E 
 2033      65642069 
 2033      6E7400
 2034              	.LASF19:
 2035 00d7 433A5C55 		.ascii	"C:\\Users\\JeffSnyder\\Documents\\PSoC Creator\\wes"
 2035      73657273 
 2035      5C4A6566 
 2035      66536E79 
 2035      6465725C 
 2036 0105 746F6E5F 		.ascii	"ton_1\\weston_1.cydsn\000"
 2036      315C7765 
 2036      73746F6E 
 2036      5F312E63 
 2036      7964736E 
 2037              	.LASF13:
 2038 011a 63795F6D 		.ascii	"cy_meta_custnvl\000"
 2038      6574615F 
 2038      63757374 
 2038      6E766C00 
 2039              	.LASF12:
 2040 012a 63795F6D 		.ascii	"cy_meta_configecc\000"
 2040      6574615F 
 2040      636F6E66 
 2040      69676563 
 2040      6300
 2041              	.LASF8:
 2042 013c 756E7369 		.ascii	"unsigned int\000"
 2042      676E6564 
 2042      20696E74 
 2042      00
 2043              	.LASF7:
 2044 0149 6C6F6E67 		.ascii	"long long unsigned int\000"
 2044      206C6F6E 
 2044      6720756E 
 2044      7369676E 
 2044      65642069 
 2045              	.LASF10:
 2046 0160 75696E74 		.ascii	"uint8_t\000"
 2046      385F7400 
 2047              	.LASF15:
 2048 0168 63795F6D 		.ascii	"cy_meta_flashprotect\000"
 2048      6574615F 
 2048      666C6173 
 2048      6870726F 
ARM GAS  C:\Users\JEFFSN~1\AppData\Local\Temp\ccitLZiW.s 			page 38


 2048      74656374 
 2049              	.LASF14:
 2050 017d 63795F6D 		.ascii	"cy_meta_wonvl\000"
 2050      6574615F 
 2050      776F6E76 
 2050      6C00
 2051              	.LASF11:
 2052 018b 73697A65 		.ascii	"sizetype\000"
 2052      74797065 
 2052      00
 2053              	.LASF6:
 2054 0194 6C6F6E67 		.ascii	"long long int\000"
 2054      206C6F6E 
 2054      6720696E 
 2054      7400
 2055              	.LASF2:
 2056 01a2 73686F72 		.ascii	"short int\000"
 2056      7420696E 
 2056      7400
 2057              	.LASF4:
 2058 01ac 6C6F6E67 		.ascii	"long int\000"
 2058      20696E74 
 2058      00
 2059              	.LASF0:
 2060 01b5 7369676E 		.ascii	"signed char\000"
 2060      65642063 
 2060      68617200 
 2061              	.LASF18:
 2062 01c1 47656E65 		.ascii	"Generated_Source\\PSoC5\\cymetadata.c\000"
 2062      72617465 
 2062      645F536F 
 2062      75726365 
 2062      5C50536F 
 2063              		.ident	"GCC: (GNU Tools for ARM Embedded Processors) 5.4.1 20160609 (release) [ARM/embedded-5-bran
