ARM GAS  C:\Users\JEFFSN~1\AppData\Local\Temp\ccTVXJEk.s 			page 1


   1              		.syntax unified
   2              		.cpu cortex-m3
   3              		.fpu softvfp
   4              		.eabi_attribute 20, 1
   5              		.eabi_attribute 21, 1
   6              		.eabi_attribute 23, 3
   7              		.eabi_attribute 24, 1
   8              		.eabi_attribute 25, 1
   9              		.eabi_attribute 26, 1
  10              		.eabi_attribute 30, 1
  11              		.eabi_attribute 34, 1
  12              		.eabi_attribute 18, 4
  13              		.thumb
  14              		.syntax unified
  15              		.file	"MIDI1_UART_PM.c"
  16              		.text
  17              	.Ltext0:
  18              		.cfi_sections	.debug_frame
  19              		.section	.text.MIDI1_UART_SaveConfig,"ax",%progbits
  20              		.align	2
  21              		.global	MIDI1_UART_SaveConfig
  22              		.thumb
  23              		.thumb_func
  24              		.type	MIDI1_UART_SaveConfig, %function
  25              	MIDI1_UART_SaveConfig:
  26              	.LFB0:
  27              		.file 1 "Generated_Source\\PSoC5\\MIDI1_UART_PM.c"
   1:Generated_Source\PSoC5/MIDI1_UART_PM.c **** /*******************************************************************************
   2:Generated_Source\PSoC5/MIDI1_UART_PM.c **** * File Name: MIDI1_UART_PM.c
   3:Generated_Source\PSoC5/MIDI1_UART_PM.c **** * Version 2.50
   4:Generated_Source\PSoC5/MIDI1_UART_PM.c **** *
   5:Generated_Source\PSoC5/MIDI1_UART_PM.c **** * Description:
   6:Generated_Source\PSoC5/MIDI1_UART_PM.c **** *  This file provides Sleep/WakeUp APIs functionality.
   7:Generated_Source\PSoC5/MIDI1_UART_PM.c **** *
   8:Generated_Source\PSoC5/MIDI1_UART_PM.c **** * Note:
   9:Generated_Source\PSoC5/MIDI1_UART_PM.c **** *
  10:Generated_Source\PSoC5/MIDI1_UART_PM.c **** ********************************************************************************
  11:Generated_Source\PSoC5/MIDI1_UART_PM.c **** * Copyright 2008-2015, Cypress Semiconductor Corporation.  All rights reserved.
  12:Generated_Source\PSoC5/MIDI1_UART_PM.c **** * You may use this file only in accordance with the license, terms, conditions,
  13:Generated_Source\PSoC5/MIDI1_UART_PM.c **** * disclaimers, and limitations in the end user license agreement accompanying
  14:Generated_Source\PSoC5/MIDI1_UART_PM.c **** * the software package with which this file was provided.
  15:Generated_Source\PSoC5/MIDI1_UART_PM.c **** *******************************************************************************/
  16:Generated_Source\PSoC5/MIDI1_UART_PM.c **** 
  17:Generated_Source\PSoC5/MIDI1_UART_PM.c **** #include "MIDI1_UART.h"
  18:Generated_Source\PSoC5/MIDI1_UART_PM.c **** 
  19:Generated_Source\PSoC5/MIDI1_UART_PM.c **** 
  20:Generated_Source\PSoC5/MIDI1_UART_PM.c **** /***************************************
  21:Generated_Source\PSoC5/MIDI1_UART_PM.c **** * Local data allocation
  22:Generated_Source\PSoC5/MIDI1_UART_PM.c **** ***************************************/
  23:Generated_Source\PSoC5/MIDI1_UART_PM.c **** 
  24:Generated_Source\PSoC5/MIDI1_UART_PM.c **** static MIDI1_UART_BACKUP_STRUCT  MIDI1_UART_backup =
  25:Generated_Source\PSoC5/MIDI1_UART_PM.c **** {
  26:Generated_Source\PSoC5/MIDI1_UART_PM.c ****     /* enableState - disabled */
  27:Generated_Source\PSoC5/MIDI1_UART_PM.c ****     0u,
  28:Generated_Source\PSoC5/MIDI1_UART_PM.c **** };
  29:Generated_Source\PSoC5/MIDI1_UART_PM.c **** 
  30:Generated_Source\PSoC5/MIDI1_UART_PM.c **** 
ARM GAS  C:\Users\JEFFSN~1\AppData\Local\Temp\ccTVXJEk.s 			page 2


  31:Generated_Source\PSoC5/MIDI1_UART_PM.c **** 
  32:Generated_Source\PSoC5/MIDI1_UART_PM.c **** /*******************************************************************************
  33:Generated_Source\PSoC5/MIDI1_UART_PM.c **** * Function Name: MIDI1_UART_SaveConfig
  34:Generated_Source\PSoC5/MIDI1_UART_PM.c **** ********************************************************************************
  35:Generated_Source\PSoC5/MIDI1_UART_PM.c **** *
  36:Generated_Source\PSoC5/MIDI1_UART_PM.c **** * Summary:
  37:Generated_Source\PSoC5/MIDI1_UART_PM.c **** *  This function saves the component nonretention control register.
  38:Generated_Source\PSoC5/MIDI1_UART_PM.c **** *  Does not save the FIFO which is a set of nonretention registers.
  39:Generated_Source\PSoC5/MIDI1_UART_PM.c **** *  This function is called by the MIDI1_UART_Sleep() function.
  40:Generated_Source\PSoC5/MIDI1_UART_PM.c **** *
  41:Generated_Source\PSoC5/MIDI1_UART_PM.c **** * Parameters:
  42:Generated_Source\PSoC5/MIDI1_UART_PM.c **** *  None.
  43:Generated_Source\PSoC5/MIDI1_UART_PM.c **** *
  44:Generated_Source\PSoC5/MIDI1_UART_PM.c **** * Return:
  45:Generated_Source\PSoC5/MIDI1_UART_PM.c **** *  None.
  46:Generated_Source\PSoC5/MIDI1_UART_PM.c **** *
  47:Generated_Source\PSoC5/MIDI1_UART_PM.c **** * Global Variables:
  48:Generated_Source\PSoC5/MIDI1_UART_PM.c **** *  MIDI1_UART_backup - modified when non-retention registers are saved.
  49:Generated_Source\PSoC5/MIDI1_UART_PM.c **** *
  50:Generated_Source\PSoC5/MIDI1_UART_PM.c **** * Reentrant:
  51:Generated_Source\PSoC5/MIDI1_UART_PM.c **** *  No.
  52:Generated_Source\PSoC5/MIDI1_UART_PM.c **** *
  53:Generated_Source\PSoC5/MIDI1_UART_PM.c **** *******************************************************************************/
  54:Generated_Source\PSoC5/MIDI1_UART_PM.c **** void MIDI1_UART_SaveConfig(void)
  55:Generated_Source\PSoC5/MIDI1_UART_PM.c **** {
  28              		.loc 1 55 0
  29              		.cfi_startproc
  30              		@ args = 0, pretend = 0, frame = 0
  31              		@ frame_needed = 0, uses_anonymous_args = 0
  32              		@ link register save eliminated.
  33 0000 7047     		bx	lr
  34              		.cfi_endproc
  35              	.LFE0:
  36              		.size	MIDI1_UART_SaveConfig, .-MIDI1_UART_SaveConfig
  37 0002 00BF     		.section	.text.MIDI1_UART_RestoreConfig,"ax",%progbits
  38              		.align	2
  39              		.global	MIDI1_UART_RestoreConfig
  40              		.thumb
  41              		.thumb_func
  42              		.type	MIDI1_UART_RestoreConfig, %function
  43              	MIDI1_UART_RestoreConfig:
  44              	.LFB1:
  56:Generated_Source\PSoC5/MIDI1_UART_PM.c ****     #if(MIDI1_UART_CONTROL_REG_REMOVED == 0u)
  57:Generated_Source\PSoC5/MIDI1_UART_PM.c ****         MIDI1_UART_backup.cr = MIDI1_UART_CONTROL_REG;
  58:Generated_Source\PSoC5/MIDI1_UART_PM.c ****     #endif /* End MIDI1_UART_CONTROL_REG_REMOVED */
  59:Generated_Source\PSoC5/MIDI1_UART_PM.c **** }
  60:Generated_Source\PSoC5/MIDI1_UART_PM.c **** 
  61:Generated_Source\PSoC5/MIDI1_UART_PM.c **** 
  62:Generated_Source\PSoC5/MIDI1_UART_PM.c **** /*******************************************************************************
  63:Generated_Source\PSoC5/MIDI1_UART_PM.c **** * Function Name: MIDI1_UART_RestoreConfig
  64:Generated_Source\PSoC5/MIDI1_UART_PM.c **** ********************************************************************************
  65:Generated_Source\PSoC5/MIDI1_UART_PM.c **** *
  66:Generated_Source\PSoC5/MIDI1_UART_PM.c **** * Summary:
  67:Generated_Source\PSoC5/MIDI1_UART_PM.c **** *  Restores the nonretention control register except FIFO.
  68:Generated_Source\PSoC5/MIDI1_UART_PM.c **** *  Does not restore the FIFO which is a set of nonretention registers.
  69:Generated_Source\PSoC5/MIDI1_UART_PM.c **** *
  70:Generated_Source\PSoC5/MIDI1_UART_PM.c **** * Parameters:
ARM GAS  C:\Users\JEFFSN~1\AppData\Local\Temp\ccTVXJEk.s 			page 3


  71:Generated_Source\PSoC5/MIDI1_UART_PM.c **** *  None.
  72:Generated_Source\PSoC5/MIDI1_UART_PM.c **** *
  73:Generated_Source\PSoC5/MIDI1_UART_PM.c **** * Return:
  74:Generated_Source\PSoC5/MIDI1_UART_PM.c **** *  None.
  75:Generated_Source\PSoC5/MIDI1_UART_PM.c **** *
  76:Generated_Source\PSoC5/MIDI1_UART_PM.c **** * Global Variables:
  77:Generated_Source\PSoC5/MIDI1_UART_PM.c **** *  MIDI1_UART_backup - used when non-retention registers are restored.
  78:Generated_Source\PSoC5/MIDI1_UART_PM.c **** *
  79:Generated_Source\PSoC5/MIDI1_UART_PM.c **** * Reentrant:
  80:Generated_Source\PSoC5/MIDI1_UART_PM.c **** *  No.
  81:Generated_Source\PSoC5/MIDI1_UART_PM.c **** *
  82:Generated_Source\PSoC5/MIDI1_UART_PM.c **** * Notes:
  83:Generated_Source\PSoC5/MIDI1_UART_PM.c **** *  If this function is called without calling MIDI1_UART_SaveConfig() 
  84:Generated_Source\PSoC5/MIDI1_UART_PM.c **** *  first, the data loaded may be incorrect.
  85:Generated_Source\PSoC5/MIDI1_UART_PM.c **** *
  86:Generated_Source\PSoC5/MIDI1_UART_PM.c **** *******************************************************************************/
  87:Generated_Source\PSoC5/MIDI1_UART_PM.c **** void MIDI1_UART_RestoreConfig(void)
  88:Generated_Source\PSoC5/MIDI1_UART_PM.c **** {
  45              		.loc 1 88 0
  46              		.cfi_startproc
  47              		@ args = 0, pretend = 0, frame = 0
  48              		@ frame_needed = 0, uses_anonymous_args = 0
  49              		@ link register save eliminated.
  50 0000 7047     		bx	lr
  51              		.cfi_endproc
  52              	.LFE1:
  53              		.size	MIDI1_UART_RestoreConfig, .-MIDI1_UART_RestoreConfig
  54 0002 00BF     		.section	.text.MIDI1_UART_Sleep,"ax",%progbits
  55              		.align	2
  56              		.global	MIDI1_UART_Sleep
  57              		.thumb
  58              		.thumb_func
  59              		.type	MIDI1_UART_Sleep, %function
  60              	MIDI1_UART_Sleep:
  61              	.LFB2:
  89:Generated_Source\PSoC5/MIDI1_UART_PM.c ****     #if(MIDI1_UART_CONTROL_REG_REMOVED == 0u)
  90:Generated_Source\PSoC5/MIDI1_UART_PM.c ****         MIDI1_UART_CONTROL_REG = MIDI1_UART_backup.cr;
  91:Generated_Source\PSoC5/MIDI1_UART_PM.c ****     #endif /* End MIDI1_UART_CONTROL_REG_REMOVED */
  92:Generated_Source\PSoC5/MIDI1_UART_PM.c **** }
  93:Generated_Source\PSoC5/MIDI1_UART_PM.c **** 
  94:Generated_Source\PSoC5/MIDI1_UART_PM.c **** 
  95:Generated_Source\PSoC5/MIDI1_UART_PM.c **** /*******************************************************************************
  96:Generated_Source\PSoC5/MIDI1_UART_PM.c **** * Function Name: MIDI1_UART_Sleep
  97:Generated_Source\PSoC5/MIDI1_UART_PM.c **** ********************************************************************************
  98:Generated_Source\PSoC5/MIDI1_UART_PM.c **** *
  99:Generated_Source\PSoC5/MIDI1_UART_PM.c **** * Summary:
 100:Generated_Source\PSoC5/MIDI1_UART_PM.c **** *  This is the preferred API to prepare the component for sleep. 
 101:Generated_Source\PSoC5/MIDI1_UART_PM.c **** *  The MIDI1_UART_Sleep() API saves the current component state. Then it
 102:Generated_Source\PSoC5/MIDI1_UART_PM.c **** *  calls the MIDI1_UART_Stop() function and calls 
 103:Generated_Source\PSoC5/MIDI1_UART_PM.c **** *  MIDI1_UART_SaveConfig() to save the hardware configuration.
 104:Generated_Source\PSoC5/MIDI1_UART_PM.c **** *  Call the MIDI1_UART_Sleep() function before calling the CyPmSleep() 
 105:Generated_Source\PSoC5/MIDI1_UART_PM.c **** *  or the CyPmHibernate() function. 
 106:Generated_Source\PSoC5/MIDI1_UART_PM.c **** *
 107:Generated_Source\PSoC5/MIDI1_UART_PM.c **** * Parameters:
 108:Generated_Source\PSoC5/MIDI1_UART_PM.c **** *  None.
 109:Generated_Source\PSoC5/MIDI1_UART_PM.c **** *
 110:Generated_Source\PSoC5/MIDI1_UART_PM.c **** * Return:
ARM GAS  C:\Users\JEFFSN~1\AppData\Local\Temp\ccTVXJEk.s 			page 4


 111:Generated_Source\PSoC5/MIDI1_UART_PM.c **** *  None.
 112:Generated_Source\PSoC5/MIDI1_UART_PM.c **** *
 113:Generated_Source\PSoC5/MIDI1_UART_PM.c **** * Global Variables:
 114:Generated_Source\PSoC5/MIDI1_UART_PM.c **** *  MIDI1_UART_backup - modified when non-retention registers are saved.
 115:Generated_Source\PSoC5/MIDI1_UART_PM.c **** *
 116:Generated_Source\PSoC5/MIDI1_UART_PM.c **** * Reentrant:
 117:Generated_Source\PSoC5/MIDI1_UART_PM.c **** *  No.
 118:Generated_Source\PSoC5/MIDI1_UART_PM.c **** *
 119:Generated_Source\PSoC5/MIDI1_UART_PM.c **** *******************************************************************************/
 120:Generated_Source\PSoC5/MIDI1_UART_PM.c **** void MIDI1_UART_Sleep(void)
 121:Generated_Source\PSoC5/MIDI1_UART_PM.c **** {
  62              		.loc 1 121 0
  63              		.cfi_startproc
  64              		@ args = 0, pretend = 0, frame = 0
  65              		@ frame_needed = 0, uses_anonymous_args = 0
  66              		.loc 1 121 0
  67 0000 08B5     		push	{r3, lr}
  68              		.cfi_def_cfa_offset 8
  69              		.cfi_offset 3, -8
  70              		.cfi_offset 14, -4
 122:Generated_Source\PSoC5/MIDI1_UART_PM.c ****     #if(MIDI1_UART_RX_ENABLED || MIDI1_UART_HD_ENABLED)
 123:Generated_Source\PSoC5/MIDI1_UART_PM.c ****         if((MIDI1_UART_RXSTATUS_ACTL_REG  & MIDI1_UART_INT_ENABLE) != 0u)
  71              		.loc 1 123 0
  72 0002 074B     		ldr	r3, .L7
  73 0004 1B78     		ldrb	r3, [r3]	@ zero_extendqisi2
  74 0006 13F0100F 		tst	r3, #16
  75 000a 03D0     		beq	.L4
 124:Generated_Source\PSoC5/MIDI1_UART_PM.c ****         {
 125:Generated_Source\PSoC5/MIDI1_UART_PM.c ****             MIDI1_UART_backup.enableState = 1u;
  76              		.loc 1 125 0
  77 000c 0122     		movs	r2, #1
  78 000e 054B     		ldr	r3, .L7+4
  79 0010 1A70     		strb	r2, [r3]
  80 0012 02E0     		b	.L5
  81              	.L4:
 126:Generated_Source\PSoC5/MIDI1_UART_PM.c ****         }
 127:Generated_Source\PSoC5/MIDI1_UART_PM.c ****         else
 128:Generated_Source\PSoC5/MIDI1_UART_PM.c ****         {
 129:Generated_Source\PSoC5/MIDI1_UART_PM.c ****             MIDI1_UART_backup.enableState = 0u;
  82              		.loc 1 129 0
  83 0014 0022     		movs	r2, #0
  84 0016 034B     		ldr	r3, .L7+4
  85 0018 1A70     		strb	r2, [r3]
  86              	.L5:
 130:Generated_Source\PSoC5/MIDI1_UART_PM.c ****         }
 131:Generated_Source\PSoC5/MIDI1_UART_PM.c ****     #else
 132:Generated_Source\PSoC5/MIDI1_UART_PM.c ****         if((MIDI1_UART_TXSTATUS_ACTL_REG  & MIDI1_UART_INT_ENABLE) !=0u)
 133:Generated_Source\PSoC5/MIDI1_UART_PM.c ****         {
 134:Generated_Source\PSoC5/MIDI1_UART_PM.c ****             MIDI1_UART_backup.enableState = 1u;
 135:Generated_Source\PSoC5/MIDI1_UART_PM.c ****         }
 136:Generated_Source\PSoC5/MIDI1_UART_PM.c ****         else
 137:Generated_Source\PSoC5/MIDI1_UART_PM.c ****         {
 138:Generated_Source\PSoC5/MIDI1_UART_PM.c ****             MIDI1_UART_backup.enableState = 0u;
 139:Generated_Source\PSoC5/MIDI1_UART_PM.c ****         }
 140:Generated_Source\PSoC5/MIDI1_UART_PM.c ****     #endif /* End MIDI1_UART_RX_ENABLED || MIDI1_UART_HD_ENABLED*/
 141:Generated_Source\PSoC5/MIDI1_UART_PM.c **** 
 142:Generated_Source\PSoC5/MIDI1_UART_PM.c ****     MIDI1_UART_Stop();
ARM GAS  C:\Users\JEFFSN~1\AppData\Local\Temp\ccTVXJEk.s 			page 5


  87              		.loc 1 142 0
  88 001a FFF7FEFF 		bl	MIDI1_UART_Stop
  89              	.LVL0:
  90 001e 08BD     		pop	{r3, pc}
  91              	.L8:
  92              		.align	2
  93              	.L7:
  94 0020 99650040 		.word	1073767833
  95 0024 00000000 		.word	.LANCHOR0
  96              		.cfi_endproc
  97              	.LFE2:
  98              		.size	MIDI1_UART_Sleep, .-MIDI1_UART_Sleep
  99              		.section	.text.MIDI1_UART_Wakeup,"ax",%progbits
 100              		.align	2
 101              		.global	MIDI1_UART_Wakeup
 102              		.thumb
 103              		.thumb_func
 104              		.type	MIDI1_UART_Wakeup, %function
 105              	MIDI1_UART_Wakeup:
 106              	.LFB3:
 143:Generated_Source\PSoC5/MIDI1_UART_PM.c ****     MIDI1_UART_SaveConfig();
 144:Generated_Source\PSoC5/MIDI1_UART_PM.c **** }
 145:Generated_Source\PSoC5/MIDI1_UART_PM.c **** 
 146:Generated_Source\PSoC5/MIDI1_UART_PM.c **** 
 147:Generated_Source\PSoC5/MIDI1_UART_PM.c **** /*******************************************************************************
 148:Generated_Source\PSoC5/MIDI1_UART_PM.c **** * Function Name: MIDI1_UART_Wakeup
 149:Generated_Source\PSoC5/MIDI1_UART_PM.c **** ********************************************************************************
 150:Generated_Source\PSoC5/MIDI1_UART_PM.c **** *
 151:Generated_Source\PSoC5/MIDI1_UART_PM.c **** * Summary:
 152:Generated_Source\PSoC5/MIDI1_UART_PM.c **** *  This is the preferred API to restore the component to the state when 
 153:Generated_Source\PSoC5/MIDI1_UART_PM.c **** *  MIDI1_UART_Sleep() was called. The MIDI1_UART_Wakeup() function
 154:Generated_Source\PSoC5/MIDI1_UART_PM.c **** *  calls the MIDI1_UART_RestoreConfig() function to restore the 
 155:Generated_Source\PSoC5/MIDI1_UART_PM.c **** *  configuration. If the component was enabled before the 
 156:Generated_Source\PSoC5/MIDI1_UART_PM.c **** *  MIDI1_UART_Sleep() function was called, the MIDI1_UART_Wakeup()
 157:Generated_Source\PSoC5/MIDI1_UART_PM.c **** *  function will also re-enable the component.
 158:Generated_Source\PSoC5/MIDI1_UART_PM.c **** *
 159:Generated_Source\PSoC5/MIDI1_UART_PM.c **** * Parameters:
 160:Generated_Source\PSoC5/MIDI1_UART_PM.c **** *  None.
 161:Generated_Source\PSoC5/MIDI1_UART_PM.c **** *
 162:Generated_Source\PSoC5/MIDI1_UART_PM.c **** * Return:
 163:Generated_Source\PSoC5/MIDI1_UART_PM.c **** *  None.
 164:Generated_Source\PSoC5/MIDI1_UART_PM.c **** *
 165:Generated_Source\PSoC5/MIDI1_UART_PM.c **** * Global Variables:
 166:Generated_Source\PSoC5/MIDI1_UART_PM.c **** *  MIDI1_UART_backup - used when non-retention registers are restored.
 167:Generated_Source\PSoC5/MIDI1_UART_PM.c **** *
 168:Generated_Source\PSoC5/MIDI1_UART_PM.c **** * Reentrant:
 169:Generated_Source\PSoC5/MIDI1_UART_PM.c **** *  No.
 170:Generated_Source\PSoC5/MIDI1_UART_PM.c **** *
 171:Generated_Source\PSoC5/MIDI1_UART_PM.c **** *******************************************************************************/
 172:Generated_Source\PSoC5/MIDI1_UART_PM.c **** void MIDI1_UART_Wakeup(void)
 173:Generated_Source\PSoC5/MIDI1_UART_PM.c **** {
 107              		.loc 1 173 0
 108              		.cfi_startproc
 109              		@ args = 0, pretend = 0, frame = 0
 110              		@ frame_needed = 0, uses_anonymous_args = 0
 111 0000 08B5     		push	{r3, lr}
 112              		.cfi_def_cfa_offset 8
ARM GAS  C:\Users\JEFFSN~1\AppData\Local\Temp\ccTVXJEk.s 			page 6


 113              		.cfi_offset 3, -8
 114              		.cfi_offset 14, -4
 174:Generated_Source\PSoC5/MIDI1_UART_PM.c ****     MIDI1_UART_RestoreConfig();
 175:Generated_Source\PSoC5/MIDI1_UART_PM.c ****     #if( (MIDI1_UART_RX_ENABLED) || (MIDI1_UART_HD_ENABLED) )
 176:Generated_Source\PSoC5/MIDI1_UART_PM.c ****         MIDI1_UART_ClearRxBuffer();
 115              		.loc 1 176 0
 116 0002 FFF7FEFF 		bl	MIDI1_UART_ClearRxBuffer
 117              	.LVL1:
 177:Generated_Source\PSoC5/MIDI1_UART_PM.c ****     #endif /* End (MIDI1_UART_RX_ENABLED) || (MIDI1_UART_HD_ENABLED) */
 178:Generated_Source\PSoC5/MIDI1_UART_PM.c ****     #if(MIDI1_UART_TX_ENABLED || MIDI1_UART_HD_ENABLED)
 179:Generated_Source\PSoC5/MIDI1_UART_PM.c ****         MIDI1_UART_ClearTxBuffer();
 118              		.loc 1 179 0
 119 0006 FFF7FEFF 		bl	MIDI1_UART_ClearTxBuffer
 120              	.LVL2:
 180:Generated_Source\PSoC5/MIDI1_UART_PM.c ****     #endif /* End MIDI1_UART_TX_ENABLED || MIDI1_UART_HD_ENABLED */
 181:Generated_Source\PSoC5/MIDI1_UART_PM.c **** 
 182:Generated_Source\PSoC5/MIDI1_UART_PM.c ****     if(MIDI1_UART_backup.enableState != 0u)
 121              		.loc 1 182 0
 122 000a 034B     		ldr	r3, .L12
 123 000c 1B78     		ldrb	r3, [r3]	@ zero_extendqisi2
 124 000e 0BB1     		cbz	r3, .L9
 183:Generated_Source\PSoC5/MIDI1_UART_PM.c ****     {
 184:Generated_Source\PSoC5/MIDI1_UART_PM.c ****         MIDI1_UART_Enable();
 125              		.loc 1 184 0
 126 0010 FFF7FEFF 		bl	MIDI1_UART_Enable
 127              	.LVL3:
 128              	.L9:
 129 0014 08BD     		pop	{r3, pc}
 130              	.L13:
 131 0016 00BF     		.align	2
 132              	.L12:
 133 0018 00000000 		.word	.LANCHOR0
 134              		.cfi_endproc
 135              	.LFE3:
 136              		.size	MIDI1_UART_Wakeup, .-MIDI1_UART_Wakeup
 137              		.bss
 138              		.align	2
 139              		.set	.LANCHOR0,. + 0
 140              		.type	MIDI1_UART_backup, %object
 141              		.size	MIDI1_UART_backup, 1
 142              	MIDI1_UART_backup:
 143 0000 00       		.space	1
 144              		.text
 145              	.Letext0:
 146              		.file 2 "Generated_Source\\PSoC5\\cytypes.h"
 147              		.file 3 "Generated_Source\\PSoC5\\MIDI1_UART.h"
 148              		.section	.debug_info,"",%progbits
 149              	.Ldebug_info0:
 150 0000 7B010000 		.4byte	0x17b
 151 0004 0400     		.2byte	0x4
 152 0006 00000000 		.4byte	.Ldebug_abbrev0
 153 000a 04       		.byte	0x4
 154 000b 01       		.uleb128 0x1
 155 000c 64000000 		.4byte	.LASF25
 156 0010 0C       		.byte	0xc
 157 0011 29000000 		.4byte	.LASF26
 158 0015 39010000 		.4byte	.LASF27
ARM GAS  C:\Users\JEFFSN~1\AppData\Local\Temp\ccTVXJEk.s 			page 7


 159 0019 00000000 		.4byte	.Ldebug_ranges0+0
 160 001d 00000000 		.4byte	0
 161 0021 00000000 		.4byte	.Ldebug_line0
 162 0025 02       		.uleb128 0x2
 163 0026 01       		.byte	0x1
 164 0027 06       		.byte	0x6
 165 0028 74020000 		.4byte	.LASF0
 166 002c 02       		.uleb128 0x2
 167 002d 01       		.byte	0x1
 168 002e 08       		.byte	0x8
 169 002f 56000000 		.4byte	.LASF1
 170 0033 02       		.uleb128 0x2
 171 0034 02       		.byte	0x2
 172 0035 05       		.byte	0x5
 173 0036 2C020000 		.4byte	.LASF2
 174 003a 02       		.uleb128 0x2
 175 003b 02       		.byte	0x2
 176 003c 07       		.byte	0x7
 177 003d 16000000 		.4byte	.LASF3
 178 0041 02       		.uleb128 0x2
 179 0042 04       		.byte	0x4
 180 0043 05       		.byte	0x5
 181 0044 36020000 		.4byte	.LASF4
 182 0048 02       		.uleb128 0x2
 183 0049 04       		.byte	0x4
 184 004a 07       		.byte	0x7
 185 004b 09010000 		.4byte	.LASF5
 186 004f 02       		.uleb128 0x2
 187 0050 08       		.byte	0x8
 188 0051 05       		.byte	0x5
 189 0052 E7010000 		.4byte	.LASF6
 190 0056 02       		.uleb128 0x2
 191 0057 08       		.byte	0x8
 192 0058 07       		.byte	0x7
 193 0059 BB010000 		.4byte	.LASF7
 194 005d 03       		.uleb128 0x3
 195 005e 04       		.byte	0x4
 196 005f 05       		.byte	0x5
 197 0060 696E7400 		.ascii	"int\000"
 198 0064 02       		.uleb128 0x2
 199 0065 04       		.byte	0x4
 200 0066 07       		.byte	0x7
 201 0067 95010000 		.4byte	.LASF8
 202 006b 04       		.uleb128 0x4
 203 006c 1B010000 		.4byte	.LASF12
 204 0070 02       		.byte	0x2
 205 0071 E401     		.2byte	0x1e4
 206 0073 2C000000 		.4byte	0x2c
 207 0077 02       		.uleb128 0x2
 208 0078 04       		.byte	0x4
 209 0079 04       		.byte	0x4
 210 007a 50000000 		.4byte	.LASF9
 211 007e 02       		.uleb128 0x2
 212 007f 08       		.byte	0x8
 213 0080 04       		.byte	0x4
 214 0081 21010000 		.4byte	.LASF10
 215 0085 02       		.uleb128 0x2
ARM GAS  C:\Users\JEFFSN~1\AppData\Local\Temp\ccTVXJEk.s 			page 8


 216 0086 01       		.byte	0x1
 217 0087 08       		.byte	0x8
 218 0088 0E020000 		.4byte	.LASF11
 219 008c 04       		.uleb128 0x4
 220 008d 04010000 		.4byte	.LASF13
 221 0091 02       		.byte	0x2
 222 0092 8E02     		.2byte	0x28e
 223 0094 98000000 		.4byte	0x98
 224 0098 05       		.uleb128 0x5
 225 0099 6B000000 		.4byte	0x6b
 226 009d 02       		.uleb128 0x2
 227 009e 08       		.byte	0x8
 228 009f 04       		.byte	0x4
 229 00a0 D2010000 		.4byte	.LASF14
 230 00a4 02       		.uleb128 0x2
 231 00a5 04       		.byte	0x4
 232 00a6 07       		.byte	0x7
 233 00a7 DE010000 		.4byte	.LASF15
 234 00ab 06       		.uleb128 0x6
 235 00ac 13020000 		.4byte	.LASF28
 236 00b0 01       		.byte	0x1
 237 00b1 03       		.byte	0x3
 238 00b2 45       		.byte	0x45
 239 00b3 C4000000 		.4byte	0xc4
 240 00b7 07       		.uleb128 0x7
 241 00b8 3F020000 		.4byte	.LASF29
 242 00bc 03       		.byte	0x3
 243 00bd 47       		.byte	0x47
 244 00be 6B000000 		.4byte	0x6b
 245 00c2 00       		.byte	0
 246 00c3 00       		.byte	0
 247 00c4 08       		.uleb128 0x8
 248 00c5 F5010000 		.4byte	.LASF16
 249 00c9 03       		.byte	0x3
 250 00ca 4D       		.byte	0x4d
 251 00cb AB000000 		.4byte	0xab
 252 00cf 09       		.uleb128 0x9
 253 00d0 00000000 		.4byte	.LASF17
 254 00d4 01       		.byte	0x1
 255 00d5 36       		.byte	0x36
 256 00d6 00000000 		.4byte	.LFB0
 257 00da 02000000 		.4byte	.LFE0-.LFB0
 258 00de 01       		.uleb128 0x1
 259 00df 9C       		.byte	0x9c
 260 00e0 09       		.uleb128 0x9
 261 00e1 5B020000 		.4byte	.LASF18
 262 00e5 01       		.byte	0x1
 263 00e6 57       		.byte	0x57
 264 00e7 00000000 		.4byte	.LFB1
 265 00eb 02000000 		.4byte	.LFE1-.LFB1
 266 00ef 01       		.uleb128 0x1
 267 00f0 9C       		.byte	0x9c
 268 00f1 0A       		.uleb128 0xa
 269 00f2 28010000 		.4byte	.LASF19
 270 00f6 01       		.byte	0x1
 271 00f7 78       		.byte	0x78
 272 00f8 00000000 		.4byte	.LFB2
ARM GAS  C:\Users\JEFFSN~1\AppData\Local\Temp\ccTVXJEk.s 			page 9


 273 00fc 28000000 		.4byte	.LFE2-.LFB2
 274 0100 01       		.uleb128 0x1
 275 0101 9C       		.byte	0x9c
 276 0102 10010000 		.4byte	0x110
 277 0106 0B       		.uleb128 0xb
 278 0107 1E000000 		.4byte	.LVL0
 279 010b 52010000 		.4byte	0x152
 280 010f 00       		.byte	0
 281 0110 0A       		.uleb128 0xa
 282 0111 83010000 		.4byte	.LASF20
 283 0115 01       		.byte	0x1
 284 0116 AC       		.byte	0xac
 285 0117 00000000 		.4byte	.LFB3
 286 011b 1C000000 		.4byte	.LFE3-.LFB3
 287 011f 01       		.uleb128 0x1
 288 0120 9C       		.byte	0x9c
 289 0121 41010000 		.4byte	0x141
 290 0125 0B       		.uleb128 0xb
 291 0126 06000000 		.4byte	.LVL1
 292 012a 5D010000 		.4byte	0x15d
 293 012e 0B       		.uleb128 0xb
 294 012f 0A000000 		.4byte	.LVL2
 295 0133 68010000 		.4byte	0x168
 296 0137 0B       		.uleb128 0xb
 297 0138 14000000 		.4byte	.LVL3
 298 013c 73010000 		.4byte	0x173
 299 0140 00       		.byte	0
 300 0141 0C       		.uleb128 0xc
 301 0142 F2000000 		.4byte	.LASF30
 302 0146 01       		.byte	0x1
 303 0147 18       		.byte	0x18
 304 0148 C4000000 		.4byte	0xc4
 305 014c 05       		.uleb128 0x5
 306 014d 03       		.byte	0x3
 307 014e 00000000 		.4byte	MIDI1_UART_backup
 308 0152 0D       		.uleb128 0xd
 309 0153 4B020000 		.4byte	.LASF21
 310 0157 4B020000 		.4byte	.LASF21
 311 015b 03       		.byte	0x3
 312 015c 55       		.byte	0x55
 313 015d 0D       		.uleb128 0xd
 314 015e 80020000 		.4byte	.LASF22
 315 0162 80020000 		.4byte	.LASF22
 316 0166 03       		.byte	0x3
 317 0167 75       		.byte	0x75
 318 0168 0D       		.uleb128 0xd
 319 0169 A2010000 		.4byte	.LASF23
 320 016d A2010000 		.4byte	.LASF23
 321 0171 03       		.byte	0x3
 322 0172 8F       		.byte	0x8f
 323 0173 0D       		.uleb128 0xd
 324 0174 99020000 		.4byte	.LASF24
 325 0178 99020000 		.4byte	.LASF24
 326 017c 03       		.byte	0x3
 327 017d 5A       		.byte	0x5a
 328 017e 00       		.byte	0
 329              		.section	.debug_abbrev,"",%progbits
ARM GAS  C:\Users\JEFFSN~1\AppData\Local\Temp\ccTVXJEk.s 			page 10


 330              	.Ldebug_abbrev0:
 331 0000 01       		.uleb128 0x1
 332 0001 11       		.uleb128 0x11
 333 0002 01       		.byte	0x1
 334 0003 25       		.uleb128 0x25
 335 0004 0E       		.uleb128 0xe
 336 0005 13       		.uleb128 0x13
 337 0006 0B       		.uleb128 0xb
 338 0007 03       		.uleb128 0x3
 339 0008 0E       		.uleb128 0xe
 340 0009 1B       		.uleb128 0x1b
 341 000a 0E       		.uleb128 0xe
 342 000b 55       		.uleb128 0x55
 343 000c 17       		.uleb128 0x17
 344 000d 11       		.uleb128 0x11
 345 000e 01       		.uleb128 0x1
 346 000f 10       		.uleb128 0x10
 347 0010 17       		.uleb128 0x17
 348 0011 00       		.byte	0
 349 0012 00       		.byte	0
 350 0013 02       		.uleb128 0x2
 351 0014 24       		.uleb128 0x24
 352 0015 00       		.byte	0
 353 0016 0B       		.uleb128 0xb
 354 0017 0B       		.uleb128 0xb
 355 0018 3E       		.uleb128 0x3e
 356 0019 0B       		.uleb128 0xb
 357 001a 03       		.uleb128 0x3
 358 001b 0E       		.uleb128 0xe
 359 001c 00       		.byte	0
 360 001d 00       		.byte	0
 361 001e 03       		.uleb128 0x3
 362 001f 24       		.uleb128 0x24
 363 0020 00       		.byte	0
 364 0021 0B       		.uleb128 0xb
 365 0022 0B       		.uleb128 0xb
 366 0023 3E       		.uleb128 0x3e
 367 0024 0B       		.uleb128 0xb
 368 0025 03       		.uleb128 0x3
 369 0026 08       		.uleb128 0x8
 370 0027 00       		.byte	0
 371 0028 00       		.byte	0
 372 0029 04       		.uleb128 0x4
 373 002a 16       		.uleb128 0x16
 374 002b 00       		.byte	0
 375 002c 03       		.uleb128 0x3
 376 002d 0E       		.uleb128 0xe
 377 002e 3A       		.uleb128 0x3a
 378 002f 0B       		.uleb128 0xb
 379 0030 3B       		.uleb128 0x3b
 380 0031 05       		.uleb128 0x5
 381 0032 49       		.uleb128 0x49
 382 0033 13       		.uleb128 0x13
 383 0034 00       		.byte	0
 384 0035 00       		.byte	0
 385 0036 05       		.uleb128 0x5
 386 0037 35       		.uleb128 0x35
ARM GAS  C:\Users\JEFFSN~1\AppData\Local\Temp\ccTVXJEk.s 			page 11


 387 0038 00       		.byte	0
 388 0039 49       		.uleb128 0x49
 389 003a 13       		.uleb128 0x13
 390 003b 00       		.byte	0
 391 003c 00       		.byte	0
 392 003d 06       		.uleb128 0x6
 393 003e 13       		.uleb128 0x13
 394 003f 01       		.byte	0x1
 395 0040 03       		.uleb128 0x3
 396 0041 0E       		.uleb128 0xe
 397 0042 0B       		.uleb128 0xb
 398 0043 0B       		.uleb128 0xb
 399 0044 3A       		.uleb128 0x3a
 400 0045 0B       		.uleb128 0xb
 401 0046 3B       		.uleb128 0x3b
 402 0047 0B       		.uleb128 0xb
 403 0048 01       		.uleb128 0x1
 404 0049 13       		.uleb128 0x13
 405 004a 00       		.byte	0
 406 004b 00       		.byte	0
 407 004c 07       		.uleb128 0x7
 408 004d 0D       		.uleb128 0xd
 409 004e 00       		.byte	0
 410 004f 03       		.uleb128 0x3
 411 0050 0E       		.uleb128 0xe
 412 0051 3A       		.uleb128 0x3a
 413 0052 0B       		.uleb128 0xb
 414 0053 3B       		.uleb128 0x3b
 415 0054 0B       		.uleb128 0xb
 416 0055 49       		.uleb128 0x49
 417 0056 13       		.uleb128 0x13
 418 0057 38       		.uleb128 0x38
 419 0058 0B       		.uleb128 0xb
 420 0059 00       		.byte	0
 421 005a 00       		.byte	0
 422 005b 08       		.uleb128 0x8
 423 005c 16       		.uleb128 0x16
 424 005d 00       		.byte	0
 425 005e 03       		.uleb128 0x3
 426 005f 0E       		.uleb128 0xe
 427 0060 3A       		.uleb128 0x3a
 428 0061 0B       		.uleb128 0xb
 429 0062 3B       		.uleb128 0x3b
 430 0063 0B       		.uleb128 0xb
 431 0064 49       		.uleb128 0x49
 432 0065 13       		.uleb128 0x13
 433 0066 00       		.byte	0
 434 0067 00       		.byte	0
 435 0068 09       		.uleb128 0x9
 436 0069 2E       		.uleb128 0x2e
 437 006a 00       		.byte	0
 438 006b 3F       		.uleb128 0x3f
 439 006c 19       		.uleb128 0x19
 440 006d 03       		.uleb128 0x3
 441 006e 0E       		.uleb128 0xe
 442 006f 3A       		.uleb128 0x3a
 443 0070 0B       		.uleb128 0xb
ARM GAS  C:\Users\JEFFSN~1\AppData\Local\Temp\ccTVXJEk.s 			page 12


 444 0071 3B       		.uleb128 0x3b
 445 0072 0B       		.uleb128 0xb
 446 0073 27       		.uleb128 0x27
 447 0074 19       		.uleb128 0x19
 448 0075 11       		.uleb128 0x11
 449 0076 01       		.uleb128 0x1
 450 0077 12       		.uleb128 0x12
 451 0078 06       		.uleb128 0x6
 452 0079 40       		.uleb128 0x40
 453 007a 18       		.uleb128 0x18
 454 007b 9742     		.uleb128 0x2117
 455 007d 19       		.uleb128 0x19
 456 007e 00       		.byte	0
 457 007f 00       		.byte	0
 458 0080 0A       		.uleb128 0xa
 459 0081 2E       		.uleb128 0x2e
 460 0082 01       		.byte	0x1
 461 0083 3F       		.uleb128 0x3f
 462 0084 19       		.uleb128 0x19
 463 0085 03       		.uleb128 0x3
 464 0086 0E       		.uleb128 0xe
 465 0087 3A       		.uleb128 0x3a
 466 0088 0B       		.uleb128 0xb
 467 0089 3B       		.uleb128 0x3b
 468 008a 0B       		.uleb128 0xb
 469 008b 27       		.uleb128 0x27
 470 008c 19       		.uleb128 0x19
 471 008d 11       		.uleb128 0x11
 472 008e 01       		.uleb128 0x1
 473 008f 12       		.uleb128 0x12
 474 0090 06       		.uleb128 0x6
 475 0091 40       		.uleb128 0x40
 476 0092 18       		.uleb128 0x18
 477 0093 9742     		.uleb128 0x2117
 478 0095 19       		.uleb128 0x19
 479 0096 01       		.uleb128 0x1
 480 0097 13       		.uleb128 0x13
 481 0098 00       		.byte	0
 482 0099 00       		.byte	0
 483 009a 0B       		.uleb128 0xb
 484 009b 898201   		.uleb128 0x4109
 485 009e 00       		.byte	0
 486 009f 11       		.uleb128 0x11
 487 00a0 01       		.uleb128 0x1
 488 00a1 31       		.uleb128 0x31
 489 00a2 13       		.uleb128 0x13
 490 00a3 00       		.byte	0
 491 00a4 00       		.byte	0
 492 00a5 0C       		.uleb128 0xc
 493 00a6 34       		.uleb128 0x34
 494 00a7 00       		.byte	0
 495 00a8 03       		.uleb128 0x3
 496 00a9 0E       		.uleb128 0xe
 497 00aa 3A       		.uleb128 0x3a
 498 00ab 0B       		.uleb128 0xb
 499 00ac 3B       		.uleb128 0x3b
 500 00ad 0B       		.uleb128 0xb
ARM GAS  C:\Users\JEFFSN~1\AppData\Local\Temp\ccTVXJEk.s 			page 13


 501 00ae 49       		.uleb128 0x49
 502 00af 13       		.uleb128 0x13
 503 00b0 02       		.uleb128 0x2
 504 00b1 18       		.uleb128 0x18
 505 00b2 00       		.byte	0
 506 00b3 00       		.byte	0
 507 00b4 0D       		.uleb128 0xd
 508 00b5 2E       		.uleb128 0x2e
 509 00b6 00       		.byte	0
 510 00b7 3F       		.uleb128 0x3f
 511 00b8 19       		.uleb128 0x19
 512 00b9 3C       		.uleb128 0x3c
 513 00ba 19       		.uleb128 0x19
 514 00bb 6E       		.uleb128 0x6e
 515 00bc 0E       		.uleb128 0xe
 516 00bd 03       		.uleb128 0x3
 517 00be 0E       		.uleb128 0xe
 518 00bf 3A       		.uleb128 0x3a
 519 00c0 0B       		.uleb128 0xb
 520 00c1 3B       		.uleb128 0x3b
 521 00c2 0B       		.uleb128 0xb
 522 00c3 00       		.byte	0
 523 00c4 00       		.byte	0
 524 00c5 00       		.byte	0
 525              		.section	.debug_aranges,"",%progbits
 526 0000 34000000 		.4byte	0x34
 527 0004 0200     		.2byte	0x2
 528 0006 00000000 		.4byte	.Ldebug_info0
 529 000a 04       		.byte	0x4
 530 000b 00       		.byte	0
 531 000c 0000     		.2byte	0
 532 000e 0000     		.2byte	0
 533 0010 00000000 		.4byte	.LFB0
 534 0014 02000000 		.4byte	.LFE0-.LFB0
 535 0018 00000000 		.4byte	.LFB1
 536 001c 02000000 		.4byte	.LFE1-.LFB1
 537 0020 00000000 		.4byte	.LFB2
 538 0024 28000000 		.4byte	.LFE2-.LFB2
 539 0028 00000000 		.4byte	.LFB3
 540 002c 1C000000 		.4byte	.LFE3-.LFB3
 541 0030 00000000 		.4byte	0
 542 0034 00000000 		.4byte	0
 543              		.section	.debug_ranges,"",%progbits
 544              	.Ldebug_ranges0:
 545 0000 00000000 		.4byte	.LFB0
 546 0004 02000000 		.4byte	.LFE0
 547 0008 00000000 		.4byte	.LFB1
 548 000c 02000000 		.4byte	.LFE1
 549 0010 00000000 		.4byte	.LFB2
 550 0014 28000000 		.4byte	.LFE2
 551 0018 00000000 		.4byte	.LFB3
 552 001c 1C000000 		.4byte	.LFE3
 553 0020 00000000 		.4byte	0
 554 0024 00000000 		.4byte	0
 555              		.section	.debug_line,"",%progbits
 556              	.Ldebug_line0:
 557 0000 AA000000 		.section	.debug_str,"MS",%progbits,1
ARM GAS  C:\Users\JEFFSN~1\AppData\Local\Temp\ccTVXJEk.s 			page 14


 557      02005A00 
 557      00000201 
 557      FB0E0D00 
 557      01010101 
 558              	.LASF17:
 559 0000 4D494449 		.ascii	"MIDI1_UART_SaveConfig\000"
 559      315F5541 
 559      52545F53 
 559      61766543 
 559      6F6E6669 
 560              	.LASF3:
 561 0016 73686F72 		.ascii	"short unsigned int\000"
 561      7420756E 
 561      7369676E 
 561      65642069 
 561      6E7400
 562              	.LASF26:
 563 0029 47656E65 		.ascii	"Generated_Source\\PSoC5\\MIDI1_UART_PM.c\000"
 563      72617465 
 563      645F536F 
 563      75726365 
 563      5C50536F 
 564              	.LASF9:
 565 0050 666C6F61 		.ascii	"float\000"
 565      7400
 566              	.LASF1:
 567 0056 756E7369 		.ascii	"unsigned char\000"
 567      676E6564 
 567      20636861 
 567      7200
 568              	.LASF25:
 569 0064 474E5520 		.ascii	"GNU C11 5.4.1 20160609 (release) [ARM/embedded-5-br"
 569      43313120 
 569      352E342E 
 569      31203230 
 569      31363036 
 570 0097 616E6368 		.ascii	"anch revision 237715] -mcpu=cortex-m3 -mthumb -g -O"
 570      20726576 
 570      6973696F 
 570      6E203233 
 570      37373135 
 571 00ca 67202D66 		.ascii	"g -ffunction-sections -ffat-lto-objects\000"
 571      66756E63 
 571      74696F6E 
 571      2D736563 
 571      74696F6E 
 572              	.LASF30:
 573 00f2 4D494449 		.ascii	"MIDI1_UART_backup\000"
 573      315F5541 
 573      52545F62 
 573      61636B75 
 573      7000
 574              	.LASF13:
 575 0104 72656738 		.ascii	"reg8\000"
 575      00
 576              	.LASF5:
 577 0109 6C6F6E67 		.ascii	"long unsigned int\000"
ARM GAS  C:\Users\JEFFSN~1\AppData\Local\Temp\ccTVXJEk.s 			page 15


 577      20756E73 
 577      69676E65 
 577      6420696E 
 577      7400
 578              	.LASF12:
 579 011b 75696E74 		.ascii	"uint8\000"
 579      3800
 580              	.LASF10:
 581 0121 646F7562 		.ascii	"double\000"
 581      6C6500
 582              	.LASF19:
 583 0128 4D494449 		.ascii	"MIDI1_UART_Sleep\000"
 583      315F5541 
 583      52545F53 
 583      6C656570 
 583      00
 584              	.LASF27:
 585 0139 433A5C55 		.ascii	"C:\\Users\\JeffSnyder\\Documents\\SnyderphonicsDevK"
 585      73657273 
 585      5C4A6566 
 585      66536E79 
 585      6465725C 
 586 0168 69745C77 		.ascii	"it\\weston_1\\weston_1.cydsn\000"
 586      6573746F 
 586      6E5F315C 
 586      77657374 
 586      6F6E5F31 
 587              	.LASF20:
 588 0183 4D494449 		.ascii	"MIDI1_UART_Wakeup\000"
 588      315F5541 
 588      52545F57 
 588      616B6575 
 588      7000
 589              	.LASF8:
 590 0195 756E7369 		.ascii	"unsigned int\000"
 590      676E6564 
 590      20696E74 
 590      00
 591              	.LASF23:
 592 01a2 4D494449 		.ascii	"MIDI1_UART_ClearTxBuffer\000"
 592      315F5541 
 592      52545F43 
 592      6C656172 
 592      54784275 
 593              	.LASF7:
 594 01bb 6C6F6E67 		.ascii	"long long unsigned int\000"
 594      206C6F6E 
 594      6720756E 
 594      7369676E 
 594      65642069 
 595              	.LASF14:
 596 01d2 6C6F6E67 		.ascii	"long double\000"
 596      20646F75 
 596      626C6500 
 597              	.LASF15:
 598 01de 73697A65 		.ascii	"sizetype\000"
 598      74797065 
ARM GAS  C:\Users\JEFFSN~1\AppData\Local\Temp\ccTVXJEk.s 			page 16


 598      00
 599              	.LASF6:
 600 01e7 6C6F6E67 		.ascii	"long long int\000"
 600      206C6F6E 
 600      6720696E 
 600      7400
 601              	.LASF16:
 602 01f5 4D494449 		.ascii	"MIDI1_UART_BACKUP_STRUCT\000"
 602      315F5541 
 602      52545F42 
 602      41434B55 
 602      505F5354 
 603              	.LASF11:
 604 020e 63686172 		.ascii	"char\000"
 604      00
 605              	.LASF28:
 606 0213 4D494449 		.ascii	"MIDI1_UART_backupStruct_\000"
 606      315F5541 
 606      52545F62 
 606      61636B75 
 606      70537472 
 607              	.LASF2:
 608 022c 73686F72 		.ascii	"short int\000"
 608      7420696E 
 608      7400
 609              	.LASF4:
 610 0236 6C6F6E67 		.ascii	"long int\000"
 610      20696E74 
 610      00
 611              	.LASF29:
 612 023f 656E6162 		.ascii	"enableState\000"
 612      6C655374 
 612      61746500 
 613              	.LASF21:
 614 024b 4D494449 		.ascii	"MIDI1_UART_Stop\000"
 614      315F5541 
 614      52545F53 
 614      746F7000 
 615              	.LASF18:
 616 025b 4D494449 		.ascii	"MIDI1_UART_RestoreConfig\000"
 616      315F5541 
 616      52545F52 
 616      6573746F 
 616      7265436F 
 617              	.LASF0:
 618 0274 7369676E 		.ascii	"signed char\000"
 618      65642063 
 618      68617200 
 619              	.LASF22:
 620 0280 4D494449 		.ascii	"MIDI1_UART_ClearRxBuffer\000"
 620      315F5541 
 620      52545F43 
 620      6C656172 
 620      52784275 
 621              	.LASF24:
 622 0299 4D494449 		.ascii	"MIDI1_UART_Enable\000"
 622      315F5541 
ARM GAS  C:\Users\JEFFSN~1\AppData\Local\Temp\ccTVXJEk.s 			page 17


 622      52545F45 
 622      6E61626C 
 622      6500
 623              		.ident	"GCC: (GNU Tools for ARM Embedded Processors) 5.4.1 20160609 (release) [ARM/embedded-5-bran
