ARM GAS  C:\Users\JEFFSN~1\AppData\Local\Temp\ccPxETUl.s 			page 1


   1              		.syntax unified
   2              		.cpu cortex-m3
   3              		.fpu softvfp
   4              		.eabi_attribute 20, 1
   5              		.eabi_attribute 21, 1
   6              		.eabi_attribute 23, 3
   7              		.eabi_attribute 24, 1
   8              		.eabi_attribute 25, 1
   9              		.eabi_attribute 26, 1
  10              		.eabi_attribute 30, 1
  11              		.eabi_attribute 34, 1
  12              		.eabi_attribute 18, 4
  13              		.thumb
  14              		.syntax unified
  15              		.file	"SleepTimer_1.c"
  16              		.text
  17              	.Ltext0:
  18              		.cfi_sections	.debug_frame
  19              		.section	.text.SleepTimer_1_Enable,"ax",%progbits
  20              		.align	2
  21              		.global	SleepTimer_1_Enable
  22              		.thumb
  23              		.thumb_func
  24              		.type	SleepTimer_1_Enable, %function
  25              	SleepTimer_1_Enable:
  26              	.LFB2:
  27              		.file 1 "Generated_Source\\PSoC5\\SleepTimer_1.c"
   1:Generated_Source\PSoC5/SleepTimer_1.c **** /*******************************************************************************
   2:Generated_Source\PSoC5/SleepTimer_1.c **** * File Name: SleepTimer_1.c
   3:Generated_Source\PSoC5/SleepTimer_1.c **** * Version 3.20
   4:Generated_Source\PSoC5/SleepTimer_1.c **** *
   5:Generated_Source\PSoC5/SleepTimer_1.c **** * Description:
   6:Generated_Source\PSoC5/SleepTimer_1.c **** *  This file provides the source code to API for the Sleep Timer.
   7:Generated_Source\PSoC5/SleepTimer_1.c **** *
   8:Generated_Source\PSoC5/SleepTimer_1.c **** ********************************************************************************
   9:Generated_Source\PSoC5/SleepTimer_1.c **** * Copyright 2008-2012, Cypress Semiconductor Corporation.  All rights reserved.
  10:Generated_Source\PSoC5/SleepTimer_1.c **** * You may use this file only in accordance with the license, terms, conditions,
  11:Generated_Source\PSoC5/SleepTimer_1.c **** * disclaimers, and limitations in the end user license agreement accompanying
  12:Generated_Source\PSoC5/SleepTimer_1.c **** * the software package with which this file was provided.
  13:Generated_Source\PSoC5/SleepTimer_1.c **** *******************************************************************************/
  14:Generated_Source\PSoC5/SleepTimer_1.c **** 
  15:Generated_Source\PSoC5/SleepTimer_1.c **** #include "SleepTimer_1.h"
  16:Generated_Source\PSoC5/SleepTimer_1.c **** #include "CyLib.h"
  17:Generated_Source\PSoC5/SleepTimer_1.c **** 
  18:Generated_Source\PSoC5/SleepTimer_1.c **** /* Variables were not initialized */
  19:Generated_Source\PSoC5/SleepTimer_1.c **** uint8 SleepTimer_1_initVar = 0u;
  20:Generated_Source\PSoC5/SleepTimer_1.c **** 
  21:Generated_Source\PSoC5/SleepTimer_1.c **** 
  22:Generated_Source\PSoC5/SleepTimer_1.c **** /*******************************************************************************
  23:Generated_Source\PSoC5/SleepTimer_1.c **** * Function Name: SleepTimer_1_Start
  24:Generated_Source\PSoC5/SleepTimer_1.c **** ********************************************************************************
  25:Generated_Source\PSoC5/SleepTimer_1.c **** *
  26:Generated_Source\PSoC5/SleepTimer_1.c **** * Summary:
  27:Generated_Source\PSoC5/SleepTimer_1.c **** *  This is the preferred method to begin component operation. SleepTimer_Start()
  28:Generated_Source\PSoC5/SleepTimer_1.c **** *  sets the initVar variable, calls the SleepTimer_Init() function, and then
  29:Generated_Source\PSoC5/SleepTimer_1.c **** *  calls the SleepTimer_Enable() function. It enables the 1-kHz ILO clock and
  30:Generated_Source\PSoC5/SleepTimer_1.c **** *  leaves it enabled after the Sleep Timer component is stopped.
ARM GAS  C:\Users\JEFFSN~1\AppData\Local\Temp\ccPxETUl.s 			page 2


  31:Generated_Source\PSoC5/SleepTimer_1.c **** *
  32:Generated_Source\PSoC5/SleepTimer_1.c **** * Parameters:
  33:Generated_Source\PSoC5/SleepTimer_1.c **** *  None
  34:Generated_Source\PSoC5/SleepTimer_1.c **** *
  35:Generated_Source\PSoC5/SleepTimer_1.c **** * Return:
  36:Generated_Source\PSoC5/SleepTimer_1.c **** *  None
  37:Generated_Source\PSoC5/SleepTimer_1.c **** *
  38:Generated_Source\PSoC5/SleepTimer_1.c **** * Global variables:
  39:Generated_Source\PSoC5/SleepTimer_1.c **** *  The SleepTimer_1_initVar variable is used to indicate initial
  40:Generated_Source\PSoC5/SleepTimer_1.c **** *  configuration of this component.  The variable is initialized to zero and
  41:Generated_Source\PSoC5/SleepTimer_1.c **** *  set to 1 the first time SleepTimer_1_Start() is called. This allows for
  42:Generated_Source\PSoC5/SleepTimer_1.c **** *  component initialization without re-initialization in all subsequent calls
  43:Generated_Source\PSoC5/SleepTimer_1.c **** *  to the SleepTimer_1_Start() routine.
  44:Generated_Source\PSoC5/SleepTimer_1.c **** *
  45:Generated_Source\PSoC5/SleepTimer_1.c **** * Reentrant:
  46:Generated_Source\PSoC5/SleepTimer_1.c **** *  No
  47:Generated_Source\PSoC5/SleepTimer_1.c **** *
  48:Generated_Source\PSoC5/SleepTimer_1.c **** * Side Effects:
  49:Generated_Source\PSoC5/SleepTimer_1.c **** *  If the initVar variable is already set, this function only calls the
  50:Generated_Source\PSoC5/SleepTimer_1.c **** *  SleepTimer_Enable() function.
  51:Generated_Source\PSoC5/SleepTimer_1.c **** *
  52:Generated_Source\PSoC5/SleepTimer_1.c **** *******************************************************************************/
  53:Generated_Source\PSoC5/SleepTimer_1.c **** void SleepTimer_1_Start(void) 
  54:Generated_Source\PSoC5/SleepTimer_1.c **** {
  55:Generated_Source\PSoC5/SleepTimer_1.c ****     /* Execute once in normal flow */
  56:Generated_Source\PSoC5/SleepTimer_1.c ****     if (0u == SleepTimer_1_initVar)
  57:Generated_Source\PSoC5/SleepTimer_1.c ****     {
  58:Generated_Source\PSoC5/SleepTimer_1.c ****         SleepTimer_1_Init();
  59:Generated_Source\PSoC5/SleepTimer_1.c ****         SleepTimer_1_initVar = 1u;
  60:Generated_Source\PSoC5/SleepTimer_1.c ****     }
  61:Generated_Source\PSoC5/SleepTimer_1.c **** 
  62:Generated_Source\PSoC5/SleepTimer_1.c ****     /* Enables the component operation */
  63:Generated_Source\PSoC5/SleepTimer_1.c ****     SleepTimer_1_Enable();
  64:Generated_Source\PSoC5/SleepTimer_1.c **** }
  65:Generated_Source\PSoC5/SleepTimer_1.c **** 
  66:Generated_Source\PSoC5/SleepTimer_1.c **** 
  67:Generated_Source\PSoC5/SleepTimer_1.c **** /*******************************************************************************
  68:Generated_Source\PSoC5/SleepTimer_1.c **** * Function Name: SleepTimer_1_Init
  69:Generated_Source\PSoC5/SleepTimer_1.c **** ********************************************************************************
  70:Generated_Source\PSoC5/SleepTimer_1.c **** *
  71:Generated_Source\PSoC5/SleepTimer_1.c **** * Summary:
  72:Generated_Source\PSoC5/SleepTimer_1.c **** *  This function initializes or restores the component according to the
  73:Generated_Source\PSoC5/SleepTimer_1.c **** *  customizer Configure dialog settings. It is not necessary to call
  74:Generated_Source\PSoC5/SleepTimer_1.c **** *  SleepTimer_Init() because the SleepTimer_Start() API calls this function and
  75:Generated_Source\PSoC5/SleepTimer_1.c **** *  is the preferred method to begin component operation. Sets CTW interval
  76:Generated_Source\PSoC5/SleepTimer_1.c **** *  period and enables or disables CTW interrupt (according to the customizer's
  77:Generated_Source\PSoC5/SleepTimer_1.c **** *  settings).
  78:Generated_Source\PSoC5/SleepTimer_1.c **** *
  79:Generated_Source\PSoC5/SleepTimer_1.c **** * Parameters:
  80:Generated_Source\PSoC5/SleepTimer_1.c **** *  None
  81:Generated_Source\PSoC5/SleepTimer_1.c **** *
  82:Generated_Source\PSoC5/SleepTimer_1.c **** * Return:
  83:Generated_Source\PSoC5/SleepTimer_1.c **** *  None
  84:Generated_Source\PSoC5/SleepTimer_1.c **** *
  85:Generated_Source\PSoC5/SleepTimer_1.c **** *******************************************************************************/
  86:Generated_Source\PSoC5/SleepTimer_1.c **** void SleepTimer_1_Init(void)  
  87:Generated_Source\PSoC5/SleepTimer_1.c **** {
ARM GAS  C:\Users\JEFFSN~1\AppData\Local\Temp\ccPxETUl.s 			page 3


  88:Generated_Source\PSoC5/SleepTimer_1.c ****     /* Sets default (passed from customizer) interval */
  89:Generated_Source\PSoC5/SleepTimer_1.c ****     SleepTimer_1_SetInterval(SleepTimer_1_INTERVAL);
  90:Generated_Source\PSoC5/SleepTimer_1.c **** 
  91:Generated_Source\PSoC5/SleepTimer_1.c ****     /* Check if user sets to issue an interrupt in customizer */
  92:Generated_Source\PSoC5/SleepTimer_1.c ****     #if (1u == SleepTimer_1_ENABLE_INTERRUPT)
  93:Generated_Source\PSoC5/SleepTimer_1.c ****     {
  94:Generated_Source\PSoC5/SleepTimer_1.c ****         /* Enable interrupt */
  95:Generated_Source\PSoC5/SleepTimer_1.c ****         SleepTimer_1_EnableInt();
  96:Generated_Source\PSoC5/SleepTimer_1.c ****     }
  97:Generated_Source\PSoC5/SleepTimer_1.c ****     #else /* interrupt should be disabled */
  98:Generated_Source\PSoC5/SleepTimer_1.c ****     {
  99:Generated_Source\PSoC5/SleepTimer_1.c ****         /* Disable interrupt */
 100:Generated_Source\PSoC5/SleepTimer_1.c ****         SleepTimer_1_DisableInt();
 101:Generated_Source\PSoC5/SleepTimer_1.c ****     }   /* Interrupt is disabled  */
 102:Generated_Source\PSoC5/SleepTimer_1.c ****     #endif  /* (1u == SleepTimer_1_ENABLE_INTERRUPT) */
 103:Generated_Source\PSoC5/SleepTimer_1.c **** }
 104:Generated_Source\PSoC5/SleepTimer_1.c **** 
 105:Generated_Source\PSoC5/SleepTimer_1.c **** 
 106:Generated_Source\PSoC5/SleepTimer_1.c **** /*******************************************************************************
 107:Generated_Source\PSoC5/SleepTimer_1.c **** * Function Name: SleepTimer_1_Enable
 108:Generated_Source\PSoC5/SleepTimer_1.c **** ********************************************************************************
 109:Generated_Source\PSoC5/SleepTimer_1.c **** * Summary:
 110:Generated_Source\PSoC5/SleepTimer_1.c **** *  This function activates the 1-kHz ILO and the CTW and begins component
 111:Generated_Source\PSoC5/SleepTimer_1.c **** *  operation. It is not necessary to call SleepTimer_Enable() because the
 112:Generated_Source\PSoC5/SleepTimer_1.c **** *  SleepTimer_Start() API calls this function, which is the preferred method to
 113:Generated_Source\PSoC5/SleepTimer_1.c **** *  begin component operation.
 114:Generated_Source\PSoC5/SleepTimer_1.c **** *
 115:Generated_Source\PSoC5/SleepTimer_1.c **** * Parameters:
 116:Generated_Source\PSoC5/SleepTimer_1.c **** *  None
 117:Generated_Source\PSoC5/SleepTimer_1.c **** *
 118:Generated_Source\PSoC5/SleepTimer_1.c **** * Return:
 119:Generated_Source\PSoC5/SleepTimer_1.c **** *  None
 120:Generated_Source\PSoC5/SleepTimer_1.c **** *
 121:Generated_Source\PSoC5/SleepTimer_1.c **** * Side Effects:
 122:Generated_Source\PSoC5/SleepTimer_1.c **** *  Enables 1 kHz ILO clocks and leaves it enabled after Sleep Time component
 123:Generated_Source\PSoC5/SleepTimer_1.c **** *  is stopped.
 124:Generated_Source\PSoC5/SleepTimer_1.c **** *
 125:Generated_Source\PSoC5/SleepTimer_1.c **** *******************************************************************************/
 126:Generated_Source\PSoC5/SleepTimer_1.c **** void SleepTimer_1_Enable(void) 
 127:Generated_Source\PSoC5/SleepTimer_1.c **** {
  28              		.loc 1 127 0
  29              		.cfi_startproc
  30              		@ args = 0, pretend = 0, frame = 0
  31              		@ frame_needed = 0, uses_anonymous_args = 0
  32 0000 08B5     		push	{r3, lr}
  33              		.cfi_def_cfa_offset 8
  34              		.cfi_offset 3, -8
  35              		.cfi_offset 14, -4
 128:Generated_Source\PSoC5/SleepTimer_1.c ****     uint8 interruptState;
 129:Generated_Source\PSoC5/SleepTimer_1.c **** 
 130:Generated_Source\PSoC5/SleepTimer_1.c ****     /* If 1kHz ILO is disabled */
 131:Generated_Source\PSoC5/SleepTimer_1.c ****     if(0u == (SleepTimer_1_ILO_CFG_REG & SleepTimer_1_ILO_1KHZ_EN))
  36              		.loc 1 131 0
  37 0002 0F4B     		ldr	r3, .L5
  38 0004 1B78     		ldrb	r3, [r3]	@ zero_extendqisi2
  39 0006 13F0020F 		tst	r3, #2
  40 000a 0ED1     		bne	.L2
ARM GAS  C:\Users\JEFFSN~1\AppData\Local\Temp\ccPxETUl.s 			page 4


 132:Generated_Source\PSoC5/SleepTimer_1.c ****     {
 133:Generated_Source\PSoC5/SleepTimer_1.c ****         /* Enter critical section */
 134:Generated_Source\PSoC5/SleepTimer_1.c ****         interruptState = CyEnterCriticalSection();
  41              		.loc 1 134 0
  42 000c FFF7FEFF 		bl	CyEnterCriticalSection
  43              	.LVL0:
 135:Generated_Source\PSoC5/SleepTimer_1.c **** 
 136:Generated_Source\PSoC5/SleepTimer_1.c ****         /* Enable 1kHz ILO */
 137:Generated_Source\PSoC5/SleepTimer_1.c ****         SleepTimer_1_ILO_CFG_REG |=SleepTimer_1_ILO_1KHZ_EN;
  44              		.loc 1 137 0
  45 0010 0B4A     		ldr	r2, .L5
  46 0012 1378     		ldrb	r3, [r2]	@ zero_extendqisi2
  47 0014 43F00203 		orr	r3, r3, #2
  48 0018 1370     		strb	r3, [r2]
 138:Generated_Source\PSoC5/SleepTimer_1.c **** 
 139:Generated_Source\PSoC5/SleepTimer_1.c ****         /* Enable the CTW counter */
 140:Generated_Source\PSoC5/SleepTimer_1.c ****         SleepTimer_1_TW_CFG_REG |= SleepTimer_1_CTW_EN;
  49              		.loc 1 140 0
  50 001a 8232     		adds	r2, r2, #130
  51 001c 1378     		ldrb	r3, [r2]	@ zero_extendqisi2
  52 001e 43F00403 		orr	r3, r3, #4
  53 0022 1370     		strb	r3, [r2]
 141:Generated_Source\PSoC5/SleepTimer_1.c **** 
 142:Generated_Source\PSoC5/SleepTimer_1.c ****         /* Exit critical section */
 143:Generated_Source\PSoC5/SleepTimer_1.c ****         CyExitCriticalSection(interruptState);
  54              		.loc 1 143 0
  55 0024 FFF7FEFF 		bl	CyExitCriticalSection
  56              	.LVL1:
  57 0028 08BD     		pop	{r3, pc}
  58              	.L2:
 144:Generated_Source\PSoC5/SleepTimer_1.c ****     }
 145:Generated_Source\PSoC5/SleepTimer_1.c ****     else /* If 1kHz ILO is enabled - enable CTW counter */
 146:Generated_Source\PSoC5/SleepTimer_1.c ****     {
 147:Generated_Source\PSoC5/SleepTimer_1.c ****         /* Enter critical section */
 148:Generated_Source\PSoC5/SleepTimer_1.c ****         interruptState = CyEnterCriticalSection();
  59              		.loc 1 148 0
  60 002a FFF7FEFF 		bl	CyEnterCriticalSection
  61              	.LVL2:
 149:Generated_Source\PSoC5/SleepTimer_1.c **** 
 150:Generated_Source\PSoC5/SleepTimer_1.c ****         /* Enable the CTW counter */
 151:Generated_Source\PSoC5/SleepTimer_1.c ****         SleepTimer_1_TW_CFG_REG |= SleepTimer_1_CTW_EN;
  62              		.loc 1 151 0
  63 002e 054A     		ldr	r2, .L5+4
  64 0030 1378     		ldrb	r3, [r2]	@ zero_extendqisi2
  65 0032 43F00403 		orr	r3, r3, #4
  66 0036 1370     		strb	r3, [r2]
 152:Generated_Source\PSoC5/SleepTimer_1.c **** 
 153:Generated_Source\PSoC5/SleepTimer_1.c ****         /* Exit critical section */
 154:Generated_Source\PSoC5/SleepTimer_1.c ****         CyExitCriticalSection(interruptState);
  67              		.loc 1 154 0
  68 0038 FFF7FEFF 		bl	CyExitCriticalSection
  69              	.LVL3:
  70 003c 08BD     		pop	{r3, pc}
  71              	.L6:
  72 003e 00BF     		.align	2
  73              	.L5:
  74 0040 00430040 		.word	1073758976
ARM GAS  C:\Users\JEFFSN~1\AppData\Local\Temp\ccPxETUl.s 			page 5


  75 0044 82430040 		.word	1073759106
  76              		.cfi_endproc
  77              	.LFE2:
  78              		.size	SleepTimer_1_Enable, .-SleepTimer_1_Enable
  79              		.section	.text.SleepTimer_1_Stop,"ax",%progbits
  80              		.align	2
  81              		.global	SleepTimer_1_Stop
  82              		.thumb
  83              		.thumb_func
  84              		.type	SleepTimer_1_Stop, %function
  85              	SleepTimer_1_Stop:
  86              	.LFB3:
 155:Generated_Source\PSoC5/SleepTimer_1.c ****     }
 156:Generated_Source\PSoC5/SleepTimer_1.c **** }
 157:Generated_Source\PSoC5/SleepTimer_1.c **** 
 158:Generated_Source\PSoC5/SleepTimer_1.c **** 
 159:Generated_Source\PSoC5/SleepTimer_1.c **** /*******************************************************************************
 160:Generated_Source\PSoC5/SleepTimer_1.c **** * Function Name: SleepTimer_1_Stop
 161:Generated_Source\PSoC5/SleepTimer_1.c **** ********************************************************************************
 162:Generated_Source\PSoC5/SleepTimer_1.c **** *
 163:Generated_Source\PSoC5/SleepTimer_1.c **** * Summary:
 164:Generated_Source\PSoC5/SleepTimer_1.c **** *  This function stops Sleep Timer operation and disables wakeup and interrupt.
 165:Generated_Source\PSoC5/SleepTimer_1.c **** *  The device does not wake up when the CTW counter reaches terminal count, and
 166:Generated_Source\PSoC5/SleepTimer_1.c **** *  an interrupt is not issued.
 167:Generated_Source\PSoC5/SleepTimer_1.c **** *
 168:Generated_Source\PSoC5/SleepTimer_1.c **** * Parameters:
 169:Generated_Source\PSoC5/SleepTimer_1.c **** *  None
 170:Generated_Source\PSoC5/SleepTimer_1.c **** *
 171:Generated_Source\PSoC5/SleepTimer_1.c **** * Return:
 172:Generated_Source\PSoC5/SleepTimer_1.c **** *  None
 173:Generated_Source\PSoC5/SleepTimer_1.c **** *
 174:Generated_Source\PSoC5/SleepTimer_1.c **** * Side Effects:
 175:Generated_Source\PSoC5/SleepTimer_1.c **** *  Leaves the 1 kHz ILO clock enabled after Sleep Time component is stopped.
 176:Generated_Source\PSoC5/SleepTimer_1.c **** *
 177:Generated_Source\PSoC5/SleepTimer_1.c **** *******************************************************************************/
 178:Generated_Source\PSoC5/SleepTimer_1.c **** void SleepTimer_1_Stop(void) 
 179:Generated_Source\PSoC5/SleepTimer_1.c **** {
  87              		.loc 1 179 0
  88              		.cfi_startproc
  89              		@ args = 0, pretend = 0, frame = 0
  90              		@ frame_needed = 0, uses_anonymous_args = 0
  91 0000 08B5     		push	{r3, lr}
  92              		.cfi_def_cfa_offset 8
  93              		.cfi_offset 3, -8
  94              		.cfi_offset 14, -4
 180:Generated_Source\PSoC5/SleepTimer_1.c ****     uint8 interruptState;
 181:Generated_Source\PSoC5/SleepTimer_1.c **** 
 182:Generated_Source\PSoC5/SleepTimer_1.c ****     /* Enter critical section */
 183:Generated_Source\PSoC5/SleepTimer_1.c ****     interruptState = CyEnterCriticalSection();
  95              		.loc 1 183 0
  96 0002 FFF7FEFF 		bl	CyEnterCriticalSection
  97              	.LVL4:
 184:Generated_Source\PSoC5/SleepTimer_1.c **** 
 185:Generated_Source\PSoC5/SleepTimer_1.c ****     /* Disable CTW counter */
 186:Generated_Source\PSoC5/SleepTimer_1.c ****     SleepTimer_1_TW_CFG_REG &= (uint8)(~SleepTimer_1_CTW_EN);
  98              		.loc 1 186 0
  99 0006 044A     		ldr	r2, .L9
ARM GAS  C:\Users\JEFFSN~1\AppData\Local\Temp\ccPxETUl.s 			page 6


 100 0008 1378     		ldrb	r3, [r2]	@ zero_extendqisi2
 101 000a 03F0FB03 		and	r3, r3, #251
 102 000e 1370     		strb	r3, [r2]
 187:Generated_Source\PSoC5/SleepTimer_1.c **** 
 188:Generated_Source\PSoC5/SleepTimer_1.c ****     /* Exit critical section */
 189:Generated_Source\PSoC5/SleepTimer_1.c ****     CyExitCriticalSection(interruptState);
 103              		.loc 1 189 0
 104 0010 FFF7FEFF 		bl	CyExitCriticalSection
 105              	.LVL5:
 106 0014 08BD     		pop	{r3, pc}
 107              	.L10:
 108 0016 00BF     		.align	2
 109              	.L9:
 110 0018 82430040 		.word	1073759106
 111              		.cfi_endproc
 112              	.LFE3:
 113              		.size	SleepTimer_1_Stop, .-SleepTimer_1_Stop
 114              		.section	.text.SleepTimer_1_EnableInt,"ax",%progbits
 115              		.align	2
 116              		.global	SleepTimer_1_EnableInt
 117              		.thumb
 118              		.thumb_func
 119              		.type	SleepTimer_1_EnableInt, %function
 120              	SleepTimer_1_EnableInt:
 121              	.LFB4:
 190:Generated_Source\PSoC5/SleepTimer_1.c **** }
 191:Generated_Source\PSoC5/SleepTimer_1.c **** 
 192:Generated_Source\PSoC5/SleepTimer_1.c **** 
 193:Generated_Source\PSoC5/SleepTimer_1.c **** /*******************************************************************************
 194:Generated_Source\PSoC5/SleepTimer_1.c **** * Function Name: SleepTimer_1_EnableInt
 195:Generated_Source\PSoC5/SleepTimer_1.c **** ********************************************************************************
 196:Generated_Source\PSoC5/SleepTimer_1.c **** *
 197:Generated_Source\PSoC5/SleepTimer_1.c **** * Summary:
 198:Generated_Source\PSoC5/SleepTimer_1.c **** *  This function enables the CTW terminal count interrupt.
 199:Generated_Source\PSoC5/SleepTimer_1.c **** *
 200:Generated_Source\PSoC5/SleepTimer_1.c **** * Parameters:
 201:Generated_Source\PSoC5/SleepTimer_1.c **** *  None
 202:Generated_Source\PSoC5/SleepTimer_1.c **** *
 203:Generated_Source\PSoC5/SleepTimer_1.c **** * Return:
 204:Generated_Source\PSoC5/SleepTimer_1.c **** *  None
 205:Generated_Source\PSoC5/SleepTimer_1.c **** *
 206:Generated_Source\PSoC5/SleepTimer_1.c **** *******************************************************************************/
 207:Generated_Source\PSoC5/SleepTimer_1.c **** void SleepTimer_1_EnableInt(void) 
 208:Generated_Source\PSoC5/SleepTimer_1.c **** {
 122              		.loc 1 208 0
 123              		.cfi_startproc
 124              		@ args = 0, pretend = 0, frame = 0
 125              		@ frame_needed = 0, uses_anonymous_args = 0
 126 0000 08B5     		push	{r3, lr}
 127              		.cfi_def_cfa_offset 8
 128              		.cfi_offset 3, -8
 129              		.cfi_offset 14, -4
 209:Generated_Source\PSoC5/SleepTimer_1.c ****     uint8 interruptState;
 210:Generated_Source\PSoC5/SleepTimer_1.c **** 
 211:Generated_Source\PSoC5/SleepTimer_1.c ****     /* Enter critical section */
 212:Generated_Source\PSoC5/SleepTimer_1.c ****     interruptState = CyEnterCriticalSection();
 130              		.loc 1 212 0
ARM GAS  C:\Users\JEFFSN~1\AppData\Local\Temp\ccPxETUl.s 			page 7


 131 0002 FFF7FEFF 		bl	CyEnterCriticalSection
 132              	.LVL6:
 213:Generated_Source\PSoC5/SleepTimer_1.c **** 
 214:Generated_Source\PSoC5/SleepTimer_1.c ****      /* Enable interrupt on wake up */
 215:Generated_Source\PSoC5/SleepTimer_1.c ****     SleepTimer_1_TW_CFG_REG |= SleepTimer_1_CTW_IE;
 133              		.loc 1 215 0
 134 0006 044A     		ldr	r2, .L13
 135 0008 1378     		ldrb	r3, [r2]	@ zero_extendqisi2
 136 000a 43F00803 		orr	r3, r3, #8
 137 000e 1370     		strb	r3, [r2]
 216:Generated_Source\PSoC5/SleepTimer_1.c **** 
 217:Generated_Source\PSoC5/SleepTimer_1.c ****     /* Exit critical section */
 218:Generated_Source\PSoC5/SleepTimer_1.c ****     CyExitCriticalSection(interruptState);
 138              		.loc 1 218 0
 139 0010 FFF7FEFF 		bl	CyExitCriticalSection
 140              	.LVL7:
 141 0014 08BD     		pop	{r3, pc}
 142              	.L14:
 143 0016 00BF     		.align	2
 144              	.L13:
 145 0018 82430040 		.word	1073759106
 146              		.cfi_endproc
 147              	.LFE4:
 148              		.size	SleepTimer_1_EnableInt, .-SleepTimer_1_EnableInt
 149              		.section	.text.SleepTimer_1_DisableInt,"ax",%progbits
 150              		.align	2
 151              		.global	SleepTimer_1_DisableInt
 152              		.thumb
 153              		.thumb_func
 154              		.type	SleepTimer_1_DisableInt, %function
 155              	SleepTimer_1_DisableInt:
 156              	.LFB5:
 219:Generated_Source\PSoC5/SleepTimer_1.c **** }
 220:Generated_Source\PSoC5/SleepTimer_1.c **** 
 221:Generated_Source\PSoC5/SleepTimer_1.c **** 
 222:Generated_Source\PSoC5/SleepTimer_1.c **** /*******************************************************************************
 223:Generated_Source\PSoC5/SleepTimer_1.c **** * Function Name: SleepTimer_1_DisableInt
 224:Generated_Source\PSoC5/SleepTimer_1.c **** ********************************************************************************
 225:Generated_Source\PSoC5/SleepTimer_1.c **** *
 226:Generated_Source\PSoC5/SleepTimer_1.c **** * Summary:
 227:Generated_Source\PSoC5/SleepTimer_1.c **** *  This function disables the CTW terminal count interrupt.
 228:Generated_Source\PSoC5/SleepTimer_1.c **** *
 229:Generated_Source\PSoC5/SleepTimer_1.c **** * Parameters:
 230:Generated_Source\PSoC5/SleepTimer_1.c **** *  None
 231:Generated_Source\PSoC5/SleepTimer_1.c **** *
 232:Generated_Source\PSoC5/SleepTimer_1.c **** * Return:
 233:Generated_Source\PSoC5/SleepTimer_1.c **** *  None
 234:Generated_Source\PSoC5/SleepTimer_1.c **** *
 235:Generated_Source\PSoC5/SleepTimer_1.c **** *******************************************************************************/
 236:Generated_Source\PSoC5/SleepTimer_1.c **** void SleepTimer_1_DisableInt(void) 
 237:Generated_Source\PSoC5/SleepTimer_1.c **** {
 157              		.loc 1 237 0
 158              		.cfi_startproc
 159              		@ args = 0, pretend = 0, frame = 0
 160              		@ frame_needed = 0, uses_anonymous_args = 0
 161 0000 08B5     		push	{r3, lr}
 162              		.cfi_def_cfa_offset 8
ARM GAS  C:\Users\JEFFSN~1\AppData\Local\Temp\ccPxETUl.s 			page 8


 163              		.cfi_offset 3, -8
 164              		.cfi_offset 14, -4
 238:Generated_Source\PSoC5/SleepTimer_1.c ****     uint8 interruptState;
 239:Generated_Source\PSoC5/SleepTimer_1.c **** 
 240:Generated_Source\PSoC5/SleepTimer_1.c ****     /* Enter critical section */
 241:Generated_Source\PSoC5/SleepTimer_1.c ****     interruptState = CyEnterCriticalSection();
 165              		.loc 1 241 0
 166 0002 FFF7FEFF 		bl	CyEnterCriticalSection
 167              	.LVL8:
 242:Generated_Source\PSoC5/SleepTimer_1.c **** 
 243:Generated_Source\PSoC5/SleepTimer_1.c ****     /* Disable interrupt on wake up */
 244:Generated_Source\PSoC5/SleepTimer_1.c ****     SleepTimer_1_TW_CFG_REG &= (uint8)(~SleepTimer_1_CTW_IE);
 168              		.loc 1 244 0
 169 0006 044A     		ldr	r2, .L17
 170 0008 1378     		ldrb	r3, [r2]	@ zero_extendqisi2
 171 000a 03F0F703 		and	r3, r3, #247
 172 000e 1370     		strb	r3, [r2]
 245:Generated_Source\PSoC5/SleepTimer_1.c **** 
 246:Generated_Source\PSoC5/SleepTimer_1.c ****     /* Exit critical section */
 247:Generated_Source\PSoC5/SleepTimer_1.c ****     CyExitCriticalSection(interruptState);
 173              		.loc 1 247 0
 174 0010 FFF7FEFF 		bl	CyExitCriticalSection
 175              	.LVL9:
 176 0014 08BD     		pop	{r3, pc}
 177              	.L18:
 178 0016 00BF     		.align	2
 179              	.L17:
 180 0018 82430040 		.word	1073759106
 181              		.cfi_endproc
 182              	.LFE5:
 183              		.size	SleepTimer_1_DisableInt, .-SleepTimer_1_DisableInt
 184              		.section	.text.SleepTimer_1_SetInterval,"ax",%progbits
 185              		.align	2
 186              		.global	SleepTimer_1_SetInterval
 187              		.thumb
 188              		.thumb_func
 189              		.type	SleepTimer_1_SetInterval, %function
 190              	SleepTimer_1_SetInterval:
 191              	.LFB6:
 248:Generated_Source\PSoC5/SleepTimer_1.c **** }
 249:Generated_Source\PSoC5/SleepTimer_1.c **** 
 250:Generated_Source\PSoC5/SleepTimer_1.c **** 
 251:Generated_Source\PSoC5/SleepTimer_1.c **** /*******************************************************************************
 252:Generated_Source\PSoC5/SleepTimer_1.c **** * Function Name: SleepTimer_1_SetInterval
 253:Generated_Source\PSoC5/SleepTimer_1.c **** ********************************************************************************
 254:Generated_Source\PSoC5/SleepTimer_1.c **** *
 255:Generated_Source\PSoC5/SleepTimer_1.c **** * Summary:
 256:Generated_Source\PSoC5/SleepTimer_1.c **** *  This function sets the CTW interval period. The first interval can range
 257:Generated_Source\PSoC5/SleepTimer_1.c **** *  from 1 to (period + 1) milliseconds. Additional intervals occur at the
 258:Generated_Source\PSoC5/SleepTimer_1.c **** *  nominal period. You can only change the interval value when CTW is disabled,
 259:Generated_Source\PSoC5/SleepTimer_1.c **** *  which you do by stopping the component.
 260:Generated_Source\PSoC5/SleepTimer_1.c **** *
 261:Generated_Source\PSoC5/SleepTimer_1.c **** * Parameters:
 262:Generated_Source\PSoC5/SleepTimer_1.c **** *  uint8 interval: interval?s value for the CTW.
 263:Generated_Source\PSoC5/SleepTimer_1.c **** *
 264:Generated_Source\PSoC5/SleepTimer_1.c **** *  PSoC 5:
 265:Generated_Source\PSoC5/SleepTimer_1.c **** *  Only the 4-, 8-, 16-, 32-, 64-, 128-, and 256-ms selections are supported.
ARM GAS  C:\Users\JEFFSN~1\AppData\Local\Temp\ccPxETUl.s 			page 9


 266:Generated_Source\PSoC5/SleepTimer_1.c **** *
 267:Generated_Source\PSoC5/SleepTimer_1.c **** *           Name                    Value        Period
 268:Generated_Source\PSoC5/SleepTimer_1.c **** *   SleepTimer_1__CTW_2_MS      4'b0001        2 ms
 269:Generated_Source\PSoC5/SleepTimer_1.c **** *   SleepTimer_1__CTW_4_MS      4'b0010        4 ms
 270:Generated_Source\PSoC5/SleepTimer_1.c **** *   SleepTimer_1__CTW_8_MS      4'b0011        8 ms
 271:Generated_Source\PSoC5/SleepTimer_1.c **** *   SleepTimer_1__CTW_16_MS     4'b0100        16 ms
 272:Generated_Source\PSoC5/SleepTimer_1.c **** *   SleepTimer_1__CTW_32_MS     4'b0101        32 ms
 273:Generated_Source\PSoC5/SleepTimer_1.c **** *   SleepTimer_1__CTW_64_MS     4'b0110        64 ms
 274:Generated_Source\PSoC5/SleepTimer_1.c **** *   SleepTimer_1__CTW_128_MS    4'b0111        128 ms
 275:Generated_Source\PSoC5/SleepTimer_1.c **** *   SleepTimer_1__CTW_256_MS    4'b1000        256 ms
 276:Generated_Source\PSoC5/SleepTimer_1.c **** *   SleepTimer_1__CTW_512_MS    4'b1001        512 ms
 277:Generated_Source\PSoC5/SleepTimer_1.c **** *   SleepTimer_1__CTW_1024_MS   4'b1010        1024 ms
 278:Generated_Source\PSoC5/SleepTimer_1.c **** *   SleepTimer_1__CTW_2048_MS   4'b1011        2048 ms
 279:Generated_Source\PSoC5/SleepTimer_1.c **** *   SleepTimer_1__CTW_4096_MS   4'b1100        4096 ms
 280:Generated_Source\PSoC5/SleepTimer_1.c **** *
 281:Generated_Source\PSoC5/SleepTimer_1.c **** * Return:
 282:Generated_Source\PSoC5/SleepTimer_1.c **** *  None
 283:Generated_Source\PSoC5/SleepTimer_1.c **** *
 284:Generated_Source\PSoC5/SleepTimer_1.c **** * Side Effects:
 285:Generated_Source\PSoC5/SleepTimer_1.c **** *  Interval value can be only changed when component is stopped (CTW is
 286:Generated_Source\PSoC5/SleepTimer_1.c **** *  disabled).
 287:Generated_Source\PSoC5/SleepTimer_1.c **** *
 288:Generated_Source\PSoC5/SleepTimer_1.c **** *******************************************************************************/
 289:Generated_Source\PSoC5/SleepTimer_1.c **** void SleepTimer_1_SetInterval(uint8 interval) 
 290:Generated_Source\PSoC5/SleepTimer_1.c **** {
 192              		.loc 1 290 0
 193              		.cfi_startproc
 194              		@ args = 0, pretend = 0, frame = 0
 195              		@ frame_needed = 0, uses_anonymous_args = 0
 196              		@ link register save eliminated.
 197              	.LVL10:
 291:Generated_Source\PSoC5/SleepTimer_1.c ****     /* Check if CTW is disabled */
 292:Generated_Source\PSoC5/SleepTimer_1.c ****     if (0u == (SleepTimer_1_TW_CFG_REG & SleepTimer_1_CTW_EN))
 198              		.loc 1 292 0
 199 0000 064B     		ldr	r3, .L21
 200 0002 1B78     		ldrb	r3, [r3]	@ zero_extendqisi2
 201 0004 13F0040F 		tst	r3, #4
 202 0008 07D1     		bne	.L19
 293:Generated_Source\PSoC5/SleepTimer_1.c ****     {
 294:Generated_Source\PSoC5/SleepTimer_1.c ****         #if(CY_PSOC5A)
 295:Generated_Source\PSoC5/SleepTimer_1.c **** 
 296:Generated_Source\PSoC5/SleepTimer_1.c ****             CYASSERT((SleepTimer_1__CTW_4_MS   == interval) ||
 297:Generated_Source\PSoC5/SleepTimer_1.c ****                      (SleepTimer_1__CTW_8_MS   == interval) ||
 298:Generated_Source\PSoC5/SleepTimer_1.c ****                      (SleepTimer_1__CTW_16_MS  == interval) ||
 299:Generated_Source\PSoC5/SleepTimer_1.c ****                      (SleepTimer_1__CTW_32_MS  == interval) ||
 300:Generated_Source\PSoC5/SleepTimer_1.c ****                      (SleepTimer_1__CTW_64_MS  == interval) ||
 301:Generated_Source\PSoC5/SleepTimer_1.c ****                      (SleepTimer_1__CTW_128_MS == interval) ||
 302:Generated_Source\PSoC5/SleepTimer_1.c ****                      (SleepTimer_1__CTW_256_MS == interval));
 303:Generated_Source\PSoC5/SleepTimer_1.c **** 
 304:Generated_Source\PSoC5/SleepTimer_1.c ****         #endif  /* (CY_PSOC5A) */
 305:Generated_Source\PSoC5/SleepTimer_1.c **** 
 306:Generated_Source\PSoC5/SleepTimer_1.c ****         /* Set CTW interval */
 307:Generated_Source\PSoC5/SleepTimer_1.c ****         SleepTimer_1_CTW_INTERVAL_REG = \
 308:Generated_Source\PSoC5/SleepTimer_1.c ****             (SleepTimer_1_CTW_INTERVAL_REG & ((uint8)~SleepTimer_1_INTERVAL_MASK)) | \
 203              		.loc 1 308 0
 204 000a 054A     		ldr	r2, .L21+4
 205 000c 1378     		ldrb	r3, [r2]	@ zero_extendqisi2
ARM GAS  C:\Users\JEFFSN~1\AppData\Local\Temp\ccPxETUl.s 			page 10


 307:Generated_Source\PSoC5/SleepTimer_1.c ****             (SleepTimer_1_CTW_INTERVAL_REG & ((uint8)~SleepTimer_1_INTERVAL_MASK)) | \
 206              		.loc 1 307 0
 207 000e 03F0F003 		and	r3, r3, #240
 208 0012 00F00F00 		and	r0, r0, #15
 209              	.LVL11:
 210 0016 1843     		orrs	r0, r0, r3
 211 0018 1070     		strb	r0, [r2]
 212              	.L19:
 213 001a 7047     		bx	lr
 214              	.L22:
 215              		.align	2
 216              	.L21:
 217 001c 82430040 		.word	1073759106
 218 0020 81430040 		.word	1073759105
 219              		.cfi_endproc
 220              	.LFE6:
 221              		.size	SleepTimer_1_SetInterval, .-SleepTimer_1_SetInterval
 222              		.section	.text.SleepTimer_1_Init,"ax",%progbits
 223              		.align	2
 224              		.global	SleepTimer_1_Init
 225              		.thumb
 226              		.thumb_func
 227              		.type	SleepTimer_1_Init, %function
 228              	SleepTimer_1_Init:
 229              	.LFB1:
  87:Generated_Source\PSoC5/SleepTimer_1.c ****     /* Sets default (passed from customizer) interval */
 230              		.loc 1 87 0
 231              		.cfi_startproc
 232              		@ args = 0, pretend = 0, frame = 0
 233              		@ frame_needed = 0, uses_anonymous_args = 0
 234 0000 08B5     		push	{r3, lr}
 235              		.cfi_def_cfa_offset 8
 236              		.cfi_offset 3, -8
 237              		.cfi_offset 14, -4
  89:Generated_Source\PSoC5/SleepTimer_1.c **** 
 238              		.loc 1 89 0
 239 0002 0420     		movs	r0, #4
 240 0004 FFF7FEFF 		bl	SleepTimer_1_SetInterval
 241              	.LVL12:
  95:Generated_Source\PSoC5/SleepTimer_1.c ****     }
 242              		.loc 1 95 0
 243 0008 FFF7FEFF 		bl	SleepTimer_1_EnableInt
 244              	.LVL13:
 245 000c 08BD     		pop	{r3, pc}
 246              		.cfi_endproc
 247              	.LFE1:
 248              		.size	SleepTimer_1_Init, .-SleepTimer_1_Init
 249 000e 00BF     		.section	.text.SleepTimer_1_Start,"ax",%progbits
 250              		.align	2
 251              		.global	SleepTimer_1_Start
 252              		.thumb
 253              		.thumb_func
 254              		.type	SleepTimer_1_Start, %function
 255              	SleepTimer_1_Start:
 256              	.LFB0:
  54:Generated_Source\PSoC5/SleepTimer_1.c ****     /* Execute once in normal flow */
 257              		.loc 1 54 0
ARM GAS  C:\Users\JEFFSN~1\AppData\Local\Temp\ccPxETUl.s 			page 11


 258              		.cfi_startproc
 259              		@ args = 0, pretend = 0, frame = 0
 260              		@ frame_needed = 0, uses_anonymous_args = 0
 261 0000 08B5     		push	{r3, lr}
 262              		.cfi_def_cfa_offset 8
 263              		.cfi_offset 3, -8
 264              		.cfi_offset 14, -4
  56:Generated_Source\PSoC5/SleepTimer_1.c ****     {
 265              		.loc 1 56 0
 266 0002 054B     		ldr	r3, .L28
 267 0004 1B78     		ldrb	r3, [r3]	@ zero_extendqisi2
 268 0006 23B9     		cbnz	r3, .L26
  58:Generated_Source\PSoC5/SleepTimer_1.c ****         SleepTimer_1_initVar = 1u;
 269              		.loc 1 58 0
 270 0008 FFF7FEFF 		bl	SleepTimer_1_Init
 271              	.LVL14:
  59:Generated_Source\PSoC5/SleepTimer_1.c ****     }
 272              		.loc 1 59 0
 273 000c 0122     		movs	r2, #1
 274 000e 024B     		ldr	r3, .L28
 275 0010 1A70     		strb	r2, [r3]
 276              	.L26:
  63:Generated_Source\PSoC5/SleepTimer_1.c **** }
 277              		.loc 1 63 0
 278 0012 FFF7FEFF 		bl	SleepTimer_1_Enable
 279              	.LVL15:
 280 0016 08BD     		pop	{r3, pc}
 281              	.L29:
 282              		.align	2
 283              	.L28:
 284 0018 00000000 		.word	.LANCHOR0
 285              		.cfi_endproc
 286              	.LFE0:
 287              		.size	SleepTimer_1_Start, .-SleepTimer_1_Start
 288              		.section	.text.SleepTimer_1_GetStatus,"ax",%progbits
 289              		.align	2
 290              		.global	SleepTimer_1_GetStatus
 291              		.thumb
 292              		.thumb_func
 293              		.type	SleepTimer_1_GetStatus, %function
 294              	SleepTimer_1_GetStatus:
 295              	.LFB7:
 309:Generated_Source\PSoC5/SleepTimer_1.c ****             (interval & SleepTimer_1_INTERVAL_MASK);
 310:Generated_Source\PSoC5/SleepTimer_1.c ****     }
 311:Generated_Source\PSoC5/SleepTimer_1.c ****     /* Do nothing if CTW is enabled. */
 312:Generated_Source\PSoC5/SleepTimer_1.c **** }
 313:Generated_Source\PSoC5/SleepTimer_1.c **** 
 314:Generated_Source\PSoC5/SleepTimer_1.c **** 
 315:Generated_Source\PSoC5/SleepTimer_1.c **** /*******************************************************************************
 316:Generated_Source\PSoC5/SleepTimer_1.c **** * Function Name: SleepTimer_1_GetStatus
 317:Generated_Source\PSoC5/SleepTimer_1.c **** ********************************************************************************
 318:Generated_Source\PSoC5/SleepTimer_1.c **** *
 319:Generated_Source\PSoC5/SleepTimer_1.c **** * Summary:
 320:Generated_Source\PSoC5/SleepTimer_1.c **** *  This function returns the state of the Sleep Timer's status register, and
 321:Generated_Source\PSoC5/SleepTimer_1.c **** *  clears the pending interrupt status bit. The application code must always
 322:Generated_Source\PSoC5/SleepTimer_1.c **** *  call this function after wakeup to clear the ctw_int status bit. The code
 323:Generated_Source\PSoC5/SleepTimer_1.c **** *  must call this function whether the Sleep Timer's interrupt is disabled or
ARM GAS  C:\Users\JEFFSN~1\AppData\Local\Temp\ccPxETUl.s 			page 12


 324:Generated_Source\PSoC5/SleepTimer_1.c **** *  enabled.
 325:Generated_Source\PSoC5/SleepTimer_1.c **** *
 326:Generated_Source\PSoC5/SleepTimer_1.c **** * Parameters:
 327:Generated_Source\PSoC5/SleepTimer_1.c **** *  None
 328:Generated_Source\PSoC5/SleepTimer_1.c **** *
 329:Generated_Source\PSoC5/SleepTimer_1.c **** * Return:
 330:Generated_Source\PSoC5/SleepTimer_1.c **** *  Returns an 8-bit value (uint8) with bits set if a corresponding event has
 331:Generated_Source\PSoC5/SleepTimer_1.c **** *  occurred. The constants shown in the following table describe the two-bit
 332:Generated_Source\PSoC5/SleepTimer_1.c **** *  masks for the two events that this return value can contain.
 333:Generated_Source\PSoC5/SleepTimer_1.c **** *
 334:Generated_Source\PSoC5/SleepTimer_1.c **** *            Name                             Description
 335:Generated_Source\PSoC5/SleepTimer_1.c **** *  SleepTimer_1_PM_INT_SR_ONEPPSP  A onepps event has occured
 336:Generated_Source\PSoC5/SleepTimer_1.c **** *  SleepTimer_1_PM_INT_SR_CTW      A central timewheel event occured
 337:Generated_Source\PSoC5/SleepTimer_1.c **** *  SleepTimer_1_PM_INT_SR_FTW      A fast timewheel event occured
 338:Generated_Source\PSoC5/SleepTimer_1.c **** *
 339:Generated_Source\PSoC5/SleepTimer_1.c **** * Side Effects:
 340:Generated_Source\PSoC5/SleepTimer_1.c **** *  If the SleepTimer_GetStatus() function is not called in an interrupt
 341:Generated_Source\PSoC5/SleepTimer_1.c **** *  associated with the SleepTimer, the interrupt is not cleared and as soon as
 342:Generated_Source\PSoC5/SleepTimer_1.c **** *  the interrupt is exited it is re-entered.
 343:Generated_Source\PSoC5/SleepTimer_1.c **** *
 344:Generated_Source\PSoC5/SleepTimer_1.c **** *  After the Sleep Timer has expired, the sleep interval is functionally 0 ms,
 345:Generated_Source\PSoC5/SleepTimer_1.c **** *  because the interrupt is called until the ctw_int flag is cleared by the
 346:Generated_Source\PSoC5/SleepTimer_1.c **** *  SleepTimer_GetStatus() function.
 347:Generated_Source\PSoC5/SleepTimer_1.c **** *
 348:Generated_Source\PSoC5/SleepTimer_1.c **** *  If an interrupt is generated at the same time as a register read/clear, the
 349:Generated_Source\PSoC5/SleepTimer_1.c **** *  bit remains set (which causes another interrupt).
 350:Generated_Source\PSoC5/SleepTimer_1.c **** *
 351:Generated_Source\PSoC5/SleepTimer_1.c **** *  Reports and then clears all interrupt status bits in the Power Manager
 352:Generated_Source\PSoC5/SleepTimer_1.c **** *  Interrupt Status register. Some of the bits are not relevant to this
 353:Generated_Source\PSoC5/SleepTimer_1.c **** *  component's operation.
 354:Generated_Source\PSoC5/SleepTimer_1.c **** *
 355:Generated_Source\PSoC5/SleepTimer_1.c **** *  The application code must always call this function (when the Sleep Timer's
 356:Generated_Source\PSoC5/SleepTimer_1.c **** *  interrupt is disabled or enabled) after wakeup to clear the ctw_int status
 357:Generated_Source\PSoC5/SleepTimer_1.c **** *  bit. The code must call SleepTimer_GetStatus() within 1 ms (1 clock cycle of
 358:Generated_Source\PSoC5/SleepTimer_1.c **** *  the ILO) after the CTW event occurred.
 359:Generated_Source\PSoC5/SleepTimer_1.c **** *
 360:Generated_Source\PSoC5/SleepTimer_1.c **** *******************************************************************************/
 361:Generated_Source\PSoC5/SleepTimer_1.c **** uint8 SleepTimer_1_GetStatus(void) 
 362:Generated_Source\PSoC5/SleepTimer_1.c **** {
 296              		.loc 1 362 0
 297              		.cfi_startproc
 298              		@ args = 0, pretend = 0, frame = 0
 299              		@ frame_needed = 0, uses_anonymous_args = 0
 300 0000 08B5     		push	{r3, lr}
 301              		.cfi_def_cfa_offset 8
 302              		.cfi_offset 3, -8
 303              		.cfi_offset 14, -4
 363:Generated_Source\PSoC5/SleepTimer_1.c ****     /* Read to clear  */
 364:Generated_Source\PSoC5/SleepTimer_1.c ****     return CyPmReadStatus(CY_PM_CTW_INT);
 304              		.loc 1 364 0
 305 0002 0220     		movs	r0, #2
 306 0004 FFF7FEFF 		bl	CyPmReadStatus
 307              	.LVL16:
 365:Generated_Source\PSoC5/SleepTimer_1.c **** }
 308              		.loc 1 365 0
 309 0008 08BD     		pop	{r3, pc}
 310              		.cfi_endproc
ARM GAS  C:\Users\JEFFSN~1\AppData\Local\Temp\ccPxETUl.s 			page 13


 311              	.LFE7:
 312              		.size	SleepTimer_1_GetStatus, .-SleepTimer_1_GetStatus
 313              		.global	SleepTimer_1_initVar
 314 000a 00BF     		.bss
 315              		.set	.LANCHOR0,. + 0
 316              		.type	SleepTimer_1_initVar, %object
 317              		.size	SleepTimer_1_initVar, 1
 318              	SleepTimer_1_initVar:
 319 0000 00       		.space	1
 320              		.text
 321              	.Letext0:
 322              		.file 2 "Generated_Source\\PSoC5\\cytypes.h"
 323              		.file 3 "Generated_Source\\PSoC5\\CyLib.h"
 324              		.file 4 "Generated_Source\\PSoC5\\cyPm.h"
 325              		.section	.debug_info,"",%progbits
 326              	.Ldebug_info0:
 327 0000 73020000 		.4byte	0x273
 328 0004 0400     		.2byte	0x4
 329 0006 00000000 		.4byte	.Ldebug_abbrev0
 330 000a 04       		.byte	0x4
 331 000b 01       		.uleb128 0x1
 332 000c 7A000000 		.4byte	.LASF27
 333 0010 0C       		.byte	0xc
 334 0011 48020000 		.4byte	.LASF28
 335 0015 34010000 		.4byte	.LASF29
 336 0019 00000000 		.4byte	.Ldebug_ranges0+0
 337 001d 00000000 		.4byte	0
 338 0021 00000000 		.4byte	.Ldebug_line0
 339 0025 02       		.uleb128 0x2
 340 0026 01       		.byte	0x1
 341 0027 06       		.byte	0x6
 342 0028 8C020000 		.4byte	.LASF0
 343 002c 02       		.uleb128 0x2
 344 002d 01       		.byte	0x1
 345 002e 08       		.byte	0x8
 346 002f 6C000000 		.4byte	.LASF1
 347 0033 02       		.uleb128 0x2
 348 0034 02       		.byte	0x2
 349 0035 05       		.byte	0x5
 350 0036 26020000 		.4byte	.LASF2
 351 003a 02       		.uleb128 0x2
 352 003b 02       		.byte	0x2
 353 003c 07       		.byte	0x7
 354 003d 13000000 		.4byte	.LASF3
 355 0041 02       		.uleb128 0x2
 356 0042 04       		.byte	0x4
 357 0043 05       		.byte	0x5
 358 0044 77020000 		.4byte	.LASF4
 359 0048 02       		.uleb128 0x2
 360 0049 04       		.byte	0x4
 361 004a 07       		.byte	0x7
 362 004b 1C010000 		.4byte	.LASF5
 363 004f 02       		.uleb128 0x2
 364 0050 08       		.byte	0x8
 365 0051 05       		.byte	0x5
 366 0052 EA010000 		.4byte	.LASF6
 367 0056 02       		.uleb128 0x2
ARM GAS  C:\Users\JEFFSN~1\AppData\Local\Temp\ccPxETUl.s 			page 14


 368 0057 08       		.byte	0x8
 369 0058 07       		.byte	0x7
 370 0059 41000000 		.4byte	.LASF7
 371 005d 03       		.uleb128 0x3
 372 005e 04       		.byte	0x4
 373 005f 05       		.byte	0x5
 374 0060 696E7400 		.ascii	"int\000"
 375 0064 02       		.uleb128 0x2
 376 0065 04       		.byte	0x4
 377 0066 07       		.byte	0x7
 378 0067 A7010000 		.4byte	.LASF8
 379 006b 04       		.uleb128 0x4
 380 006c 2E010000 		.4byte	.LASF12
 381 0070 02       		.byte	0x2
 382 0071 E401     		.2byte	0x1e4
 383 0073 2C000000 		.4byte	0x2c
 384 0077 02       		.uleb128 0x2
 385 0078 04       		.byte	0x4
 386 0079 04       		.byte	0x4
 387 007a 3B000000 		.4byte	.LASF9
 388 007e 02       		.uleb128 0x2
 389 007f 08       		.byte	0x8
 390 0080 04       		.byte	0x4
 391 0081 89010000 		.4byte	.LASF10
 392 0085 02       		.uleb128 0x2
 393 0086 01       		.byte	0x1
 394 0087 08       		.byte	0x8
 395 0088 F8010000 		.4byte	.LASF11
 396 008c 04       		.uleb128 0x4
 397 008d 08010000 		.4byte	.LASF13
 398 0091 02       		.byte	0x2
 399 0092 8E02     		.2byte	0x28e
 400 0094 98000000 		.4byte	0x98
 401 0098 05       		.uleb128 0x5
 402 0099 6B000000 		.4byte	0x6b
 403 009d 02       		.uleb128 0x2
 404 009e 08       		.byte	0x8
 405 009f 04       		.byte	0x4
 406 00a0 80020000 		.4byte	.LASF14
 407 00a4 02       		.uleb128 0x2
 408 00a5 04       		.byte	0x4
 409 00a6 07       		.byte	0x7
 410 00a7 E1010000 		.4byte	.LASF15
 411 00ab 06       		.uleb128 0x6
 412 00ac 58000000 		.4byte	.LASF16
 413 00b0 01       		.byte	0x1
 414 00b1 7E       		.byte	0x7e
 415 00b2 00000000 		.4byte	.LFB2
 416 00b6 48000000 		.4byte	.LFE2-.LFB2
 417 00ba 01       		.uleb128 0x1
 418 00bb 9C       		.byte	0x9c
 419 00bc F4000000 		.4byte	0xf4
 420 00c0 07       		.uleb128 0x7
 421 00c1 0D010000 		.4byte	.LASF18
 422 00c5 01       		.byte	0x1
 423 00c6 80       		.byte	0x80
 424 00c7 6B000000 		.4byte	0x6b
ARM GAS  C:\Users\JEFFSN~1\AppData\Local\Temp\ccPxETUl.s 			page 15


 425 00cb 00000000 		.4byte	.LLST0
 426 00cf 08       		.uleb128 0x8
 427 00d0 10000000 		.4byte	.LVL0
 428 00d4 55020000 		.4byte	0x255
 429 00d8 08       		.uleb128 0x8
 430 00d9 28000000 		.4byte	.LVL1
 431 00dd 60020000 		.4byte	0x260
 432 00e1 08       		.uleb128 0x8
 433 00e2 2E000000 		.4byte	.LVL2
 434 00e6 55020000 		.4byte	0x255
 435 00ea 08       		.uleb128 0x8
 436 00eb 3C000000 		.4byte	.LVL3
 437 00ef 60020000 		.4byte	0x260
 438 00f3 00       		.byte	0
 439 00f4 06       		.uleb128 0x6
 440 00f5 FD010000 		.4byte	.LASF17
 441 00f9 01       		.byte	0x1
 442 00fa B2       		.byte	0xb2
 443 00fb 00000000 		.4byte	.LFB3
 444 00ff 1C000000 		.4byte	.LFE3-.LFB3
 445 0103 01       		.uleb128 0x1
 446 0104 9C       		.byte	0x9c
 447 0105 2B010000 		.4byte	0x12b
 448 0109 07       		.uleb128 0x7
 449 010a 0D010000 		.4byte	.LASF18
 450 010e 01       		.byte	0x1
 451 010f B4       		.byte	0xb4
 452 0110 6B000000 		.4byte	0x6b
 453 0114 1E000000 		.4byte	.LLST1
 454 0118 08       		.uleb128 0x8
 455 0119 06000000 		.4byte	.LVL4
 456 011d 55020000 		.4byte	0x255
 457 0121 08       		.uleb128 0x8
 458 0122 14000000 		.4byte	.LVL5
 459 0126 60020000 		.4byte	0x260
 460 012a 00       		.byte	0
 461 012b 06       		.uleb128 0x6
 462 012c CA010000 		.4byte	.LASF19
 463 0130 01       		.byte	0x1
 464 0131 CF       		.byte	0xcf
 465 0132 00000000 		.4byte	.LFB4
 466 0136 1C000000 		.4byte	.LFE4-.LFB4
 467 013a 01       		.uleb128 0x1
 468 013b 9C       		.byte	0x9c
 469 013c 62010000 		.4byte	0x162
 470 0140 07       		.uleb128 0x7
 471 0141 0D010000 		.4byte	.LASF18
 472 0145 01       		.byte	0x1
 473 0146 D1       		.byte	0xd1
 474 0147 6B000000 		.4byte	0x6b
 475 014b 31000000 		.4byte	.LLST2
 476 014f 08       		.uleb128 0x8
 477 0150 06000000 		.4byte	.LVL6
 478 0154 55020000 		.4byte	0x255
 479 0158 08       		.uleb128 0x8
 480 0159 14000000 		.4byte	.LVL7
 481 015d 60020000 		.4byte	0x260
ARM GAS  C:\Users\JEFFSN~1\AppData\Local\Temp\ccPxETUl.s 			page 16


 482 0161 00       		.byte	0
 483 0162 06       		.uleb128 0x6
 484 0163 30020000 		.4byte	.LASF20
 485 0167 01       		.byte	0x1
 486 0168 EC       		.byte	0xec
 487 0169 00000000 		.4byte	.LFB5
 488 016d 1C000000 		.4byte	.LFE5-.LFB5
 489 0171 01       		.uleb128 0x1
 490 0172 9C       		.byte	0x9c
 491 0173 99010000 		.4byte	0x199
 492 0177 07       		.uleb128 0x7
 493 0178 0D010000 		.4byte	.LASF18
 494 017c 01       		.byte	0x1
 495 017d EE       		.byte	0xee
 496 017e 6B000000 		.4byte	0x6b
 497 0182 44000000 		.4byte	.LLST3
 498 0186 08       		.uleb128 0x8
 499 0187 06000000 		.4byte	.LVL8
 500 018b 55020000 		.4byte	0x255
 501 018f 08       		.uleb128 0x8
 502 0190 14000000 		.4byte	.LVL9
 503 0194 60020000 		.4byte	0x260
 504 0198 00       		.byte	0
 505 0199 09       		.uleb128 0x9
 506 019a A7020000 		.4byte	.LASF21
 507 019e 01       		.byte	0x1
 508 019f 2101     		.2byte	0x121
 509 01a1 00000000 		.4byte	.LFB6
 510 01a5 24000000 		.4byte	.LFE6-.LFB6
 511 01a9 01       		.uleb128 0x1
 512 01aa 9C       		.byte	0x9c
 513 01ab C0010000 		.4byte	0x1c0
 514 01af 0A       		.uleb128 0xa
 515 01b0 6E020000 		.4byte	.LASF30
 516 01b4 01       		.byte	0x1
 517 01b5 2101     		.2byte	0x121
 518 01b7 6B000000 		.4byte	0x6b
 519 01bb 57000000 		.4byte	.LLST4
 520 01bf 00       		.byte	0
 521 01c0 06       		.uleb128 0x6
 522 01c1 77010000 		.4byte	.LASF22
 523 01c5 01       		.byte	0x1
 524 01c6 56       		.byte	0x56
 525 01c7 00000000 		.4byte	.LFB1
 526 01cb 0E000000 		.4byte	.LFE1-.LFB1
 527 01cf 01       		.uleb128 0x1
 528 01d0 9C       		.byte	0x9c
 529 01d1 F2010000 		.4byte	0x1f2
 530 01d5 0B       		.uleb128 0xb
 531 01d6 08000000 		.4byte	.LVL12
 532 01da 99010000 		.4byte	0x199
 533 01de E8010000 		.4byte	0x1e8
 534 01e2 0C       		.uleb128 0xc
 535 01e3 01       		.uleb128 0x1
 536 01e4 50       		.byte	0x50
 537 01e5 01       		.uleb128 0x1
 538 01e6 34       		.byte	0x34
ARM GAS  C:\Users\JEFFSN~1\AppData\Local\Temp\ccPxETUl.s 			page 17


 539 01e7 00       		.byte	0
 540 01e8 08       		.uleb128 0x8
 541 01e9 0C000000 		.4byte	.LVL13
 542 01ed 2B010000 		.4byte	0x12b
 543 01f1 00       		.byte	0
 544 01f2 06       		.uleb128 0x6
 545 01f3 00000000 		.4byte	.LASF23
 546 01f7 01       		.byte	0x1
 547 01f8 35       		.byte	0x35
 548 01f9 00000000 		.4byte	.LFB0
 549 01fd 1C000000 		.4byte	.LFE0-.LFB0
 550 0201 01       		.uleb128 0x1
 551 0202 9C       		.byte	0x9c
 552 0203 1A020000 		.4byte	0x21a
 553 0207 08       		.uleb128 0x8
 554 0208 0C000000 		.4byte	.LVL14
 555 020c C0010000 		.4byte	0x1c0
 556 0210 08       		.uleb128 0x8
 557 0211 16000000 		.4byte	.LVL15
 558 0215 AB000000 		.4byte	0xab
 559 0219 00       		.byte	0
 560 021a 0D       		.uleb128 0xd
 561 021b 0F020000 		.4byte	.LASF31
 562 021f 01       		.byte	0x1
 563 0220 6901     		.2byte	0x169
 564 0222 6B000000 		.4byte	0x6b
 565 0226 00000000 		.4byte	.LFB7
 566 022a 0A000000 		.4byte	.LFE7-.LFB7
 567 022e 01       		.uleb128 0x1
 568 022f 9C       		.byte	0x9c
 569 0230 44020000 		.4byte	0x244
 570 0234 0E       		.uleb128 0xe
 571 0235 08000000 		.4byte	.LVL16
 572 0239 6B020000 		.4byte	0x26b
 573 023d 0C       		.uleb128 0xc
 574 023e 01       		.uleb128 0x1
 575 023f 50       		.byte	0x50
 576 0240 01       		.uleb128 0x1
 577 0241 32       		.byte	0x32
 578 0242 00       		.byte	0
 579 0243 00       		.byte	0
 580 0244 0F       		.uleb128 0xf
 581 0245 26000000 		.4byte	.LASF32
 582 0249 01       		.byte	0x1
 583 024a 13       		.byte	0x13
 584 024b 6B000000 		.4byte	0x6b
 585 024f 05       		.uleb128 0x5
 586 0250 03       		.byte	0x3
 587 0251 00000000 		.4byte	SleepTimer_1_initVar
 588 0255 10       		.uleb128 0x10
 589 0256 90010000 		.4byte	.LASF24
 590 025a 90010000 		.4byte	.LASF24
 591 025e 03       		.byte	0x3
 592 025f 7D       		.byte	0x7d
 593 0260 10       		.uleb128 0x10
 594 0261 B4010000 		.4byte	.LASF25
 595 0265 B4010000 		.4byte	.LASF25
ARM GAS  C:\Users\JEFFSN~1\AppData\Local\Temp\ccPxETUl.s 			page 18


 596 0269 03       		.byte	0x3
 597 026a 7E       		.byte	0x7e
 598 026b 10       		.uleb128 0x10
 599 026c 98020000 		.4byte	.LASF26
 600 0270 98020000 		.4byte	.LASF26
 601 0274 04       		.byte	0x4
 602 0275 26       		.byte	0x26
 603 0276 00       		.byte	0
 604              		.section	.debug_abbrev,"",%progbits
 605              	.Ldebug_abbrev0:
 606 0000 01       		.uleb128 0x1
 607 0001 11       		.uleb128 0x11
 608 0002 01       		.byte	0x1
 609 0003 25       		.uleb128 0x25
 610 0004 0E       		.uleb128 0xe
 611 0005 13       		.uleb128 0x13
 612 0006 0B       		.uleb128 0xb
 613 0007 03       		.uleb128 0x3
 614 0008 0E       		.uleb128 0xe
 615 0009 1B       		.uleb128 0x1b
 616 000a 0E       		.uleb128 0xe
 617 000b 55       		.uleb128 0x55
 618 000c 17       		.uleb128 0x17
 619 000d 11       		.uleb128 0x11
 620 000e 01       		.uleb128 0x1
 621 000f 10       		.uleb128 0x10
 622 0010 17       		.uleb128 0x17
 623 0011 00       		.byte	0
 624 0012 00       		.byte	0
 625 0013 02       		.uleb128 0x2
 626 0014 24       		.uleb128 0x24
 627 0015 00       		.byte	0
 628 0016 0B       		.uleb128 0xb
 629 0017 0B       		.uleb128 0xb
 630 0018 3E       		.uleb128 0x3e
 631 0019 0B       		.uleb128 0xb
 632 001a 03       		.uleb128 0x3
 633 001b 0E       		.uleb128 0xe
 634 001c 00       		.byte	0
 635 001d 00       		.byte	0
 636 001e 03       		.uleb128 0x3
 637 001f 24       		.uleb128 0x24
 638 0020 00       		.byte	0
 639 0021 0B       		.uleb128 0xb
 640 0022 0B       		.uleb128 0xb
 641 0023 3E       		.uleb128 0x3e
 642 0024 0B       		.uleb128 0xb
 643 0025 03       		.uleb128 0x3
 644 0026 08       		.uleb128 0x8
 645 0027 00       		.byte	0
 646 0028 00       		.byte	0
 647 0029 04       		.uleb128 0x4
 648 002a 16       		.uleb128 0x16
 649 002b 00       		.byte	0
 650 002c 03       		.uleb128 0x3
 651 002d 0E       		.uleb128 0xe
 652 002e 3A       		.uleb128 0x3a
ARM GAS  C:\Users\JEFFSN~1\AppData\Local\Temp\ccPxETUl.s 			page 19


 653 002f 0B       		.uleb128 0xb
 654 0030 3B       		.uleb128 0x3b
 655 0031 05       		.uleb128 0x5
 656 0032 49       		.uleb128 0x49
 657 0033 13       		.uleb128 0x13
 658 0034 00       		.byte	0
 659 0035 00       		.byte	0
 660 0036 05       		.uleb128 0x5
 661 0037 35       		.uleb128 0x35
 662 0038 00       		.byte	0
 663 0039 49       		.uleb128 0x49
 664 003a 13       		.uleb128 0x13
 665 003b 00       		.byte	0
 666 003c 00       		.byte	0
 667 003d 06       		.uleb128 0x6
 668 003e 2E       		.uleb128 0x2e
 669 003f 01       		.byte	0x1
 670 0040 3F       		.uleb128 0x3f
 671 0041 19       		.uleb128 0x19
 672 0042 03       		.uleb128 0x3
 673 0043 0E       		.uleb128 0xe
 674 0044 3A       		.uleb128 0x3a
 675 0045 0B       		.uleb128 0xb
 676 0046 3B       		.uleb128 0x3b
 677 0047 0B       		.uleb128 0xb
 678 0048 27       		.uleb128 0x27
 679 0049 19       		.uleb128 0x19
 680 004a 11       		.uleb128 0x11
 681 004b 01       		.uleb128 0x1
 682 004c 12       		.uleb128 0x12
 683 004d 06       		.uleb128 0x6
 684 004e 40       		.uleb128 0x40
 685 004f 18       		.uleb128 0x18
 686 0050 9742     		.uleb128 0x2117
 687 0052 19       		.uleb128 0x19
 688 0053 01       		.uleb128 0x1
 689 0054 13       		.uleb128 0x13
 690 0055 00       		.byte	0
 691 0056 00       		.byte	0
 692 0057 07       		.uleb128 0x7
 693 0058 34       		.uleb128 0x34
 694 0059 00       		.byte	0
 695 005a 03       		.uleb128 0x3
 696 005b 0E       		.uleb128 0xe
 697 005c 3A       		.uleb128 0x3a
 698 005d 0B       		.uleb128 0xb
 699 005e 3B       		.uleb128 0x3b
 700 005f 0B       		.uleb128 0xb
 701 0060 49       		.uleb128 0x49
 702 0061 13       		.uleb128 0x13
 703 0062 02       		.uleb128 0x2
 704 0063 17       		.uleb128 0x17
 705 0064 00       		.byte	0
 706 0065 00       		.byte	0
 707 0066 08       		.uleb128 0x8
 708 0067 898201   		.uleb128 0x4109
 709 006a 00       		.byte	0
ARM GAS  C:\Users\JEFFSN~1\AppData\Local\Temp\ccPxETUl.s 			page 20


 710 006b 11       		.uleb128 0x11
 711 006c 01       		.uleb128 0x1
 712 006d 31       		.uleb128 0x31
 713 006e 13       		.uleb128 0x13
 714 006f 00       		.byte	0
 715 0070 00       		.byte	0
 716 0071 09       		.uleb128 0x9
 717 0072 2E       		.uleb128 0x2e
 718 0073 01       		.byte	0x1
 719 0074 3F       		.uleb128 0x3f
 720 0075 19       		.uleb128 0x19
 721 0076 03       		.uleb128 0x3
 722 0077 0E       		.uleb128 0xe
 723 0078 3A       		.uleb128 0x3a
 724 0079 0B       		.uleb128 0xb
 725 007a 3B       		.uleb128 0x3b
 726 007b 05       		.uleb128 0x5
 727 007c 27       		.uleb128 0x27
 728 007d 19       		.uleb128 0x19
 729 007e 11       		.uleb128 0x11
 730 007f 01       		.uleb128 0x1
 731 0080 12       		.uleb128 0x12
 732 0081 06       		.uleb128 0x6
 733 0082 40       		.uleb128 0x40
 734 0083 18       		.uleb128 0x18
 735 0084 9742     		.uleb128 0x2117
 736 0086 19       		.uleb128 0x19
 737 0087 01       		.uleb128 0x1
 738 0088 13       		.uleb128 0x13
 739 0089 00       		.byte	0
 740 008a 00       		.byte	0
 741 008b 0A       		.uleb128 0xa
 742 008c 05       		.uleb128 0x5
 743 008d 00       		.byte	0
 744 008e 03       		.uleb128 0x3
 745 008f 0E       		.uleb128 0xe
 746 0090 3A       		.uleb128 0x3a
 747 0091 0B       		.uleb128 0xb
 748 0092 3B       		.uleb128 0x3b
 749 0093 05       		.uleb128 0x5
 750 0094 49       		.uleb128 0x49
 751 0095 13       		.uleb128 0x13
 752 0096 02       		.uleb128 0x2
 753 0097 17       		.uleb128 0x17
 754 0098 00       		.byte	0
 755 0099 00       		.byte	0
 756 009a 0B       		.uleb128 0xb
 757 009b 898201   		.uleb128 0x4109
 758 009e 01       		.byte	0x1
 759 009f 11       		.uleb128 0x11
 760 00a0 01       		.uleb128 0x1
 761 00a1 31       		.uleb128 0x31
 762 00a2 13       		.uleb128 0x13
 763 00a3 01       		.uleb128 0x1
 764 00a4 13       		.uleb128 0x13
 765 00a5 00       		.byte	0
 766 00a6 00       		.byte	0
ARM GAS  C:\Users\JEFFSN~1\AppData\Local\Temp\ccPxETUl.s 			page 21


 767 00a7 0C       		.uleb128 0xc
 768 00a8 8A8201   		.uleb128 0x410a
 769 00ab 00       		.byte	0
 770 00ac 02       		.uleb128 0x2
 771 00ad 18       		.uleb128 0x18
 772 00ae 9142     		.uleb128 0x2111
 773 00b0 18       		.uleb128 0x18
 774 00b1 00       		.byte	0
 775 00b2 00       		.byte	0
 776 00b3 0D       		.uleb128 0xd
 777 00b4 2E       		.uleb128 0x2e
 778 00b5 01       		.byte	0x1
 779 00b6 3F       		.uleb128 0x3f
 780 00b7 19       		.uleb128 0x19
 781 00b8 03       		.uleb128 0x3
 782 00b9 0E       		.uleb128 0xe
 783 00ba 3A       		.uleb128 0x3a
 784 00bb 0B       		.uleb128 0xb
 785 00bc 3B       		.uleb128 0x3b
 786 00bd 05       		.uleb128 0x5
 787 00be 27       		.uleb128 0x27
 788 00bf 19       		.uleb128 0x19
 789 00c0 49       		.uleb128 0x49
 790 00c1 13       		.uleb128 0x13
 791 00c2 11       		.uleb128 0x11
 792 00c3 01       		.uleb128 0x1
 793 00c4 12       		.uleb128 0x12
 794 00c5 06       		.uleb128 0x6
 795 00c6 40       		.uleb128 0x40
 796 00c7 18       		.uleb128 0x18
 797 00c8 9742     		.uleb128 0x2117
 798 00ca 19       		.uleb128 0x19
 799 00cb 01       		.uleb128 0x1
 800 00cc 13       		.uleb128 0x13
 801 00cd 00       		.byte	0
 802 00ce 00       		.byte	0
 803 00cf 0E       		.uleb128 0xe
 804 00d0 898201   		.uleb128 0x4109
 805 00d3 01       		.byte	0x1
 806 00d4 11       		.uleb128 0x11
 807 00d5 01       		.uleb128 0x1
 808 00d6 31       		.uleb128 0x31
 809 00d7 13       		.uleb128 0x13
 810 00d8 00       		.byte	0
 811 00d9 00       		.byte	0
 812 00da 0F       		.uleb128 0xf
 813 00db 34       		.uleb128 0x34
 814 00dc 00       		.byte	0
 815 00dd 03       		.uleb128 0x3
 816 00de 0E       		.uleb128 0xe
 817 00df 3A       		.uleb128 0x3a
 818 00e0 0B       		.uleb128 0xb
 819 00e1 3B       		.uleb128 0x3b
 820 00e2 0B       		.uleb128 0xb
 821 00e3 49       		.uleb128 0x49
 822 00e4 13       		.uleb128 0x13
 823 00e5 3F       		.uleb128 0x3f
ARM GAS  C:\Users\JEFFSN~1\AppData\Local\Temp\ccPxETUl.s 			page 22


 824 00e6 19       		.uleb128 0x19
 825 00e7 02       		.uleb128 0x2
 826 00e8 18       		.uleb128 0x18
 827 00e9 00       		.byte	0
 828 00ea 00       		.byte	0
 829 00eb 10       		.uleb128 0x10
 830 00ec 2E       		.uleb128 0x2e
 831 00ed 00       		.byte	0
 832 00ee 3F       		.uleb128 0x3f
 833 00ef 19       		.uleb128 0x19
 834 00f0 3C       		.uleb128 0x3c
 835 00f1 19       		.uleb128 0x19
 836 00f2 6E       		.uleb128 0x6e
 837 00f3 0E       		.uleb128 0xe
 838 00f4 03       		.uleb128 0x3
 839 00f5 0E       		.uleb128 0xe
 840 00f6 3A       		.uleb128 0x3a
 841 00f7 0B       		.uleb128 0xb
 842 00f8 3B       		.uleb128 0x3b
 843 00f9 0B       		.uleb128 0xb
 844 00fa 00       		.byte	0
 845 00fb 00       		.byte	0
 846 00fc 00       		.byte	0
 847              		.section	.debug_loc,"",%progbits
 848              	.Ldebug_loc0:
 849              	.LLST0:
 850 0000 10000000 		.4byte	.LVL0
 851 0004 27000000 		.4byte	.LVL1-1
 852 0008 0100     		.2byte	0x1
 853 000a 50       		.byte	0x50
 854 000b 2E000000 		.4byte	.LVL2
 855 000f 3B000000 		.4byte	.LVL3-1
 856 0013 0100     		.2byte	0x1
 857 0015 50       		.byte	0x50
 858 0016 00000000 		.4byte	0
 859 001a 00000000 		.4byte	0
 860              	.LLST1:
 861 001e 06000000 		.4byte	.LVL4
 862 0022 13000000 		.4byte	.LVL5-1
 863 0026 0100     		.2byte	0x1
 864 0028 50       		.byte	0x50
 865 0029 00000000 		.4byte	0
 866 002d 00000000 		.4byte	0
 867              	.LLST2:
 868 0031 06000000 		.4byte	.LVL6
 869 0035 13000000 		.4byte	.LVL7-1
 870 0039 0100     		.2byte	0x1
 871 003b 50       		.byte	0x50
 872 003c 00000000 		.4byte	0
 873 0040 00000000 		.4byte	0
 874              	.LLST3:
 875 0044 06000000 		.4byte	.LVL8
 876 0048 13000000 		.4byte	.LVL9-1
 877 004c 0100     		.2byte	0x1
 878 004e 50       		.byte	0x50
 879 004f 00000000 		.4byte	0
 880 0053 00000000 		.4byte	0
ARM GAS  C:\Users\JEFFSN~1\AppData\Local\Temp\ccPxETUl.s 			page 23


 881              	.LLST4:
 882 0057 00000000 		.4byte	.LVL10
 883 005b 16000000 		.4byte	.LVL11
 884 005f 0100     		.2byte	0x1
 885 0061 50       		.byte	0x50
 886 0062 16000000 		.4byte	.LVL11
 887 0066 24000000 		.4byte	.LFE6
 888 006a 0400     		.2byte	0x4
 889 006c F3       		.byte	0xf3
 890 006d 01       		.uleb128 0x1
 891 006e 50       		.byte	0x50
 892 006f 9F       		.byte	0x9f
 893 0070 00000000 		.4byte	0
 894 0074 00000000 		.4byte	0
 895              		.section	.debug_aranges,"",%progbits
 896 0000 54000000 		.4byte	0x54
 897 0004 0200     		.2byte	0x2
 898 0006 00000000 		.4byte	.Ldebug_info0
 899 000a 04       		.byte	0x4
 900 000b 00       		.byte	0
 901 000c 0000     		.2byte	0
 902 000e 0000     		.2byte	0
 903 0010 00000000 		.4byte	.LFB2
 904 0014 48000000 		.4byte	.LFE2-.LFB2
 905 0018 00000000 		.4byte	.LFB3
 906 001c 1C000000 		.4byte	.LFE3-.LFB3
 907 0020 00000000 		.4byte	.LFB4
 908 0024 1C000000 		.4byte	.LFE4-.LFB4
 909 0028 00000000 		.4byte	.LFB5
 910 002c 1C000000 		.4byte	.LFE5-.LFB5
 911 0030 00000000 		.4byte	.LFB6
 912 0034 24000000 		.4byte	.LFE6-.LFB6
 913 0038 00000000 		.4byte	.LFB1
 914 003c 0E000000 		.4byte	.LFE1-.LFB1
 915 0040 00000000 		.4byte	.LFB0
 916 0044 1C000000 		.4byte	.LFE0-.LFB0
 917 0048 00000000 		.4byte	.LFB7
 918 004c 0A000000 		.4byte	.LFE7-.LFB7
 919 0050 00000000 		.4byte	0
 920 0054 00000000 		.4byte	0
 921              		.section	.debug_ranges,"",%progbits
 922              	.Ldebug_ranges0:
 923 0000 00000000 		.4byte	.LFB2
 924 0004 48000000 		.4byte	.LFE2
 925 0008 00000000 		.4byte	.LFB3
 926 000c 1C000000 		.4byte	.LFE3
 927 0010 00000000 		.4byte	.LFB4
 928 0014 1C000000 		.4byte	.LFE4
 929 0018 00000000 		.4byte	.LFB5
 930 001c 1C000000 		.4byte	.LFE5
 931 0020 00000000 		.4byte	.LFB6
 932 0024 24000000 		.4byte	.LFE6
 933 0028 00000000 		.4byte	.LFB1
 934 002c 0E000000 		.4byte	.LFE1
 935 0030 00000000 		.4byte	.LFB0
 936 0034 1C000000 		.4byte	.LFE0
 937 0038 00000000 		.4byte	.LFB7
ARM GAS  C:\Users\JEFFSN~1\AppData\Local\Temp\ccPxETUl.s 			page 24


 938 003c 0A000000 		.4byte	.LFE7
 939 0040 00000000 		.4byte	0
 940 0044 00000000 		.4byte	0
 941              		.section	.debug_line,"",%progbits
 942              	.Ldebug_line0:
 943 0000 01010000 		.section	.debug_str,"MS",%progbits,1
 943      02005E00 
 943      00000201 
 943      FB0E0D00 
 943      01010101 
 944              	.LASF23:
 945 0000 536C6565 		.ascii	"SleepTimer_1_Start\000"
 945      7054696D 
 945      65725F31 
 945      5F537461 
 945      727400
 946              	.LASF3:
 947 0013 73686F72 		.ascii	"short unsigned int\000"
 947      7420756E 
 947      7369676E 
 947      65642069 
 947      6E7400
 948              	.LASF32:
 949 0026 536C6565 		.ascii	"SleepTimer_1_initVar\000"
 949      7054696D 
 949      65725F31 
 949      5F696E69 
 949      74566172 
 950              	.LASF9:
 951 003b 666C6F61 		.ascii	"float\000"
 951      7400
 952              	.LASF7:
 953 0041 6C6F6E67 		.ascii	"long long unsigned int\000"
 953      206C6F6E 
 953      6720756E 
 953      7369676E 
 953      65642069 
 954              	.LASF16:
 955 0058 536C6565 		.ascii	"SleepTimer_1_Enable\000"
 955      7054696D 
 955      65725F31 
 955      5F456E61 
 955      626C6500 
 956              	.LASF1:
 957 006c 756E7369 		.ascii	"unsigned char\000"
 957      676E6564 
 957      20636861 
 957      7200
 958              	.LASF27:
 959 007a 474E5520 		.ascii	"GNU C11 5.4.1 20160609 (release) [ARM/embedded-5-br"
 959      43313120 
 959      352E342E 
 959      31203230 
 959      31363036 
 960 00ad 616E6368 		.ascii	"anch revision 237715] -mcpu=cortex-m3 -mthumb -g -O"
 960      20726576 
 960      6973696F 
ARM GAS  C:\Users\JEFFSN~1\AppData\Local\Temp\ccPxETUl.s 			page 25


 960      6E203233 
 960      37373135 
 961 00e0 67202D66 		.ascii	"g -ffunction-sections -ffat-lto-objects\000"
 961      66756E63 
 961      74696F6E 
 961      2D736563 
 961      74696F6E 
 962              	.LASF13:
 963 0108 72656738 		.ascii	"reg8\000"
 963      00
 964              	.LASF18:
 965 010d 696E7465 		.ascii	"interruptState\000"
 965      72727570 
 965      74537461 
 965      746500
 966              	.LASF5:
 967 011c 6C6F6E67 		.ascii	"long unsigned int\000"
 967      20756E73 
 967      69676E65 
 967      6420696E 
 967      7400
 968              	.LASF12:
 969 012e 75696E74 		.ascii	"uint8\000"
 969      3800
 970              	.LASF29:
 971 0134 433A5C55 		.ascii	"C:\\Users\\JeffSnyder\\Documents\\PSoC Creator\\wes"
 971      73657273 
 971      5C4A6566 
 971      66536E79 
 971      6465725C 
 972 0162 746F6E5F 		.ascii	"ton_1\\weston_1.cydsn\000"
 972      315C7765 
 972      73746F6E 
 972      5F312E63 
 972      7964736E 
 973              	.LASF22:
 974 0177 536C6565 		.ascii	"SleepTimer_1_Init\000"
 974      7054696D 
 974      65725F31 
 974      5F496E69 
 974      7400
 975              	.LASF10:
 976 0189 646F7562 		.ascii	"double\000"
 976      6C6500
 977              	.LASF24:
 978 0190 4379456E 		.ascii	"CyEnterCriticalSection\000"
 978      74657243 
 978      72697469 
 978      63616C53 
 978      65637469 
 979              	.LASF8:
 980 01a7 756E7369 		.ascii	"unsigned int\000"
 980      676E6564 
 980      20696E74 
 980      00
 981              	.LASF25:
 982 01b4 43794578 		.ascii	"CyExitCriticalSection\000"
ARM GAS  C:\Users\JEFFSN~1\AppData\Local\Temp\ccPxETUl.s 			page 26


 982      69744372 
 982      69746963 
 982      616C5365 
 982      6374696F 
 983              	.LASF19:
 984 01ca 536C6565 		.ascii	"SleepTimer_1_EnableInt\000"
 984      7054696D 
 984      65725F31 
 984      5F456E61 
 984      626C6549 
 985              	.LASF15:
 986 01e1 73697A65 		.ascii	"sizetype\000"
 986      74797065 
 986      00
 987              	.LASF6:
 988 01ea 6C6F6E67 		.ascii	"long long int\000"
 988      206C6F6E 
 988      6720696E 
 988      7400
 989              	.LASF11:
 990 01f8 63686172 		.ascii	"char\000"
 990      00
 991              	.LASF17:
 992 01fd 536C6565 		.ascii	"SleepTimer_1_Stop\000"
 992      7054696D 
 992      65725F31 
 992      5F53746F 
 992      7000
 993              	.LASF31:
 994 020f 536C6565 		.ascii	"SleepTimer_1_GetStatus\000"
 994      7054696D 
 994      65725F31 
 994      5F476574 
 994      53746174 
 995              	.LASF2:
 996 0226 73686F72 		.ascii	"short int\000"
 996      7420696E 
 996      7400
 997              	.LASF20:
 998 0230 536C6565 		.ascii	"SleepTimer_1_DisableInt\000"
 998      7054696D 
 998      65725F31 
 998      5F446973 
 998      61626C65 
 999              	.LASF28:
 1000 0248 47656E65 		.ascii	"Generated_Source\\PSoC5\\SleepTimer_1.c\000"
 1000      72617465 
 1000      645F536F 
 1000      75726365 
 1000      5C50536F 
 1001              	.LASF30:
 1002 026e 696E7465 		.ascii	"interval\000"
 1002      7276616C 
 1002      00
 1003              	.LASF4:
 1004 0277 6C6F6E67 		.ascii	"long int\000"
 1004      20696E74 
ARM GAS  C:\Users\JEFFSN~1\AppData\Local\Temp\ccPxETUl.s 			page 27


 1004      00
 1005              	.LASF14:
 1006 0280 6C6F6E67 		.ascii	"long double\000"
 1006      20646F75 
 1006      626C6500 
 1007              	.LASF0:
 1008 028c 7369676E 		.ascii	"signed char\000"
 1008      65642063 
 1008      68617200 
 1009              	.LASF26:
 1010 0298 4379506D 		.ascii	"CyPmReadStatus\000"
 1010      52656164 
 1010      53746174 
 1010      757300
 1011              	.LASF21:
 1012 02a7 536C6565 		.ascii	"SleepTimer_1_SetInterval\000"
 1012      7054696D 
 1012      65725F31 
 1012      5F536574 
 1012      496E7465 
 1013              		.ident	"GCC: (GNU Tools for ARM Embedded Processors) 5.4.1 20160609 (release) [ARM/embedded-5-bran
