ARM GAS  C:\Users\JEFFSN~1\AppData\Local\Temp\cceK6mbo.s 			page 1


   1              		.syntax unified
   2              		.cpu cortex-m3
   3              		.fpu softvfp
   4              		.eabi_attribute 20, 1
   5              		.eabi_attribute 21, 1
   6              		.eabi_attribute 23, 3
   7              		.eabi_attribute 24, 1
   8              		.eabi_attribute 25, 1
   9              		.eabi_attribute 26, 1
  10              		.eabi_attribute 30, 1
  11              		.eabi_attribute 34, 1
  12              		.eabi_attribute 18, 4
  13              		.thumb
  14              		.syntax unified
  15              		.file	"USB_descr.c"
  16              		.text
  17              	.Ltext0:
  18              		.cfi_sections	.debug_frame
  19              		.comm	USB_idSerialNumberStringDescriptor,34,4
  20              		.global	USB_TABLE
  21              		.global	USB_DEVICE0_TABLE
  22              		.global	USB_DEVICE0_CONFIGURATION0_TABLE
  23              		.global	USB_DEVICE0_CONFIGURATION0_INTERFACE_CLASS
  24              		.global	USB_DEVICE0_CONFIGURATION0_EP_SETTINGS_TABLE
  25              		.global	USB_SN_STRING_DESCRIPTOR
  26              		.global	USB_STRING_DESCRIPTORS
  27              		.global	USB_DEVICE0_CONFIGURATION0_DESCR
  28              		.global	USB_DEVICE0_DESCR
  29              		.section	.rodata
  30              		.align	2
  31              		.type	USB_TABLE, %object
  32              		.size	USB_TABLE, 8
  33              	USB_TABLE:
  34 0000 01       		.byte	1
  35 0001 000000   		.space	3
  36 0004 00000000 		.word	USB_DEVICE0_TABLE
  37              		.type	USB_DEVICE0_TABLE, %object
  38              		.size	USB_DEVICE0_TABLE, 24
  39              	USB_DEVICE0_TABLE:
  40 0008 01       		.byte	1
  41 0009 000000   		.space	3
  42 000c 00000000 		.word	USB_DEVICE0_DESCR
  43 0010 00       		.byte	0
  44 0011 000000   		.space	3
  45 0014 00000000 		.word	0
  46 0018 01       		.byte	1
  47 0019 000000   		.space	3
  48 001c 00000000 		.word	USB_DEVICE0_CONFIGURATION0_TABLE
  49              		.type	USB_DEVICE0_CONFIGURATION0_TABLE, %object
  50              		.size	USB_DEVICE0_CONFIGURATION0_TABLE, 40
  51              	USB_DEVICE0_CONFIGURATION0_TABLE:
  52 0020 01       		.byte	1
  53 0021 000000   		.space	3
  54 0024 00000000 		.word	USB_DEVICE0_CONFIGURATION0_DESCR
  55 0028 02       		.byte	2
  56 0029 000000   		.space	3
  57 002c 00000000 		.word	USB_DEVICE0_CONFIGURATION0_EP_SETTINGS_TABLE
ARM GAS  C:\Users\JEFFSN~1\AppData\Local\Temp\cceK6mbo.s 			page 2


  58 0030 00       		.byte	0
  59 0031 000000   		.space	3
  60 0034 00000000 		.word	0
  61 0038 00       		.byte	0
  62 0039 000000   		.space	3
  63 003c 00000000 		.word	0
  64 0040 00       		.byte	0
  65 0041 000000   		.space	3
  66 0044 00000000 		.word	USB_DEVICE0_CONFIGURATION0_INTERFACE_CLASS
  67              		.type	USB_DEVICE0_CONFIGURATION0_INTERFACE_CLASS, %object
  68              		.size	USB_DEVICE0_CONFIGURATION0_INTERFACE_CLASS, 2
  69              	USB_DEVICE0_CONFIGURATION0_INTERFACE_CLASS:
  70 0048 01       		.byte	1
  71 0049 01       		.byte	1
  72 004a 0000     		.space	2
  73              		.type	USB_DEVICE0_CONFIGURATION0_EP_SETTINGS_TABLE, %object
  74              		.size	USB_DEVICE0_CONFIGURATION0_EP_SETTINGS_TABLE, 16
  75              	USB_DEVICE0_CONFIGURATION0_EP_SETTINGS_TABLE:
  76 004c 01       		.byte	1
  77 004d 00       		.byte	0
  78 004e 81       		.byte	-127
  79 004f 02       		.byte	2
  80 0050 2000     		.short	32
  81 0052 01       		.byte	1
  82 0053 00       		.space	1
  83 0054 01       		.byte	1
  84 0055 00       		.byte	0
  85 0056 02       		.byte	2
  86 0057 02       		.byte	2
  87 0058 2000     		.short	32
  88 005a 01       		.byte	1
  89 005b 00       		.space	1
  90              		.type	USB_SN_STRING_DESCRIPTOR, %object
  91              		.size	USB_SN_STRING_DESCRIPTOR, 2
  92              	USB_SN_STRING_DESCRIPTOR:
  93 005c 02       		.byte	2
  94 005d 03       		.byte	3
  95 005e 0000     		.space	2
  96              		.type	USB_STRING_DESCRIPTORS, %object
  97              		.size	USB_STRING_DESCRIPTORS, 237
  98              	USB_STRING_DESCRIPTORS:
  99 0060 04       		.byte	4
 100 0061 03       		.byte	3
 101 0062 09       		.byte	9
 102 0063 04       		.byte	4
 103 0064 2A       		.byte	42
 104 0065 03       		.byte	3
 105 0066 53       		.byte	83
 106 0067 00       		.byte	0
 107 0068 6E       		.byte	110
 108 0069 00       		.byte	0
 109 006a 79       		.byte	121
 110 006b 00       		.byte	0
 111 006c 64       		.byte	100
 112 006d 00       		.byte	0
 113 006e 65       		.byte	101
 114 006f 00       		.byte	0
ARM GAS  C:\Users\JEFFSN~1\AppData\Local\Temp\cceK6mbo.s 			page 3


 115 0070 72       		.byte	114
 116 0071 00       		.byte	0
 117 0072 70       		.byte	112
 118 0073 00       		.byte	0
 119 0074 68       		.byte	104
 120 0075 00       		.byte	0
 121 0076 6F       		.byte	111
 122 0077 00       		.byte	0
 123 0078 6E       		.byte	110
 124 0079 00       		.byte	0
 125 007a 69       		.byte	105
 126 007b 00       		.byte	0
 127 007c 63       		.byte	99
 128 007d 00       		.byte	0
 129 007e 73       		.byte	115
 130 007f 00       		.byte	0
 131 0080 20       		.byte	32
 132 0081 00       		.byte	0
 133 0082 44       		.byte	68
 134 0083 00       		.byte	0
 135 0084 65       		.byte	101
 136 0085 00       		.byte	0
 137 0086 76       		.byte	118
 138 0087 00       		.byte	0
 139 0088 6B       		.byte	107
 140 0089 00       		.byte	0
 141 008a 69       		.byte	105
 142 008b 00       		.byte	0
 143 008c 74       		.byte	116
 144 008d 00       		.byte	0
 145 008e 12       		.byte	18
 146 008f 03       		.byte	3
 147 0090 55       		.byte	85
 148 0091 00       		.byte	0
 149 0092 53       		.byte	83
 150 0093 00       		.byte	0
 151 0094 42       		.byte	66
 152 0095 00       		.byte	0
 153 0096 20       		.byte	32
 154 0097 00       		.byte	0
 155 0098 4D       		.byte	77
 156 0099 00       		.byte	0
 157 009a 49       		.byte	73
 158 009b 00       		.byte	0
 159 009c 44       		.byte	68
 160 009d 00       		.byte	0
 161 009e 49       		.byte	73
 162 009f 00       		.byte	0
 163 00a0 24       		.byte	36
 164 00a1 03       		.byte	3
 165 00a2 4D       		.byte	77
 166 00a3 00       		.byte	0
 167 00a4 49       		.byte	73
 168 00a5 00       		.byte	0
 169 00a6 44       		.byte	68
 170 00a7 00       		.byte	0
 171 00a8 49       		.byte	73
ARM GAS  C:\Users\JEFFSN~1\AppData\Local\Temp\cceK6mbo.s 			page 4


 172 00a9 00       		.byte	0
 173 00aa 20       		.byte	32
 174 00ab 00       		.byte	0
 175 00ac 43       		.byte	67
 176 00ad 00       		.byte	0
 177 00ae 6F       		.byte	111
 178 00af 00       		.byte	0
 179 00b0 6E       		.byte	110
 180 00b1 00       		.byte	0
 181 00b2 74       		.byte	116
 182 00b3 00       		.byte	0
 183 00b4 72       		.byte	114
 184 00b5 00       		.byte	0
 185 00b6 6F       		.byte	111
 186 00b7 00       		.byte	0
 187 00b8 6C       		.byte	108
 188 00b9 00       		.byte	0
 189 00ba 20       		.byte	32
 190 00bb 00       		.byte	0
 191 00bc 49       		.byte	73
 192 00bd 00       		.byte	0
 193 00be 6E       		.byte	110
 194 00bf 00       		.byte	0
 195 00c0 74       		.byte	116
 196 00c1 00       		.byte	0
 197 00c2 66       		.byte	102
 198 00c3 00       		.byte	0
 199 00c4 28       		.byte	40
 200 00c5 03       		.byte	3
 201 00c6 4D       		.byte	77
 202 00c7 00       		.byte	0
 203 00c8 49       		.byte	73
 204 00c9 00       		.byte	0
 205 00ca 44       		.byte	68
 206 00cb 00       		.byte	0
 207 00cc 49       		.byte	73
 208 00cd 00       		.byte	0
 209 00ce 20       		.byte	32
 210 00cf 00       		.byte	0
 211 00d0 53       		.byte	83
 212 00d1 00       		.byte	0
 213 00d2 74       		.byte	116
 214 00d3 00       		.byte	0
 215 00d4 72       		.byte	114
 216 00d5 00       		.byte	0
 217 00d6 65       		.byte	101
 218 00d7 00       		.byte	0
 219 00d8 61       		.byte	97
 220 00d9 00       		.byte	0
 221 00da 6D       		.byte	109
 222 00db 00       		.byte	0
 223 00dc 69       		.byte	105
 224 00dd 00       		.byte	0
 225 00de 6E       		.byte	110
 226 00df 00       		.byte	0
 227 00e0 67       		.byte	103
 228 00e1 00       		.byte	0
ARM GAS  C:\Users\JEFFSN~1\AppData\Local\Temp\cceK6mbo.s 			page 5


 229 00e2 20       		.byte	32
 230 00e3 00       		.byte	0
 231 00e4 49       		.byte	73
 232 00e5 00       		.byte	0
 233 00e6 6E       		.byte	110
 234 00e7 00       		.byte	0
 235 00e8 74       		.byte	116
 236 00e9 00       		.byte	0
 237 00ea 66       		.byte	102
 238 00eb 00       		.byte	0
 239 00ec 2E       		.byte	46
 240 00ed 03       		.byte	3
 241 00ee 54       		.byte	84
 242 00ef 00       		.byte	0
 243 00f0 6F       		.byte	111
 244 00f1 00       		.byte	0
 245 00f2 20       		.byte	32
 246 00f3 00       		.byte	0
 247 00f4 53       		.byte	83
 248 00f5 00       		.byte	0
 249 00f6 6E       		.byte	110
 250 00f7 00       		.byte	0
 251 00f8 79       		.byte	121
 252 00f9 00       		.byte	0
 253 00fa 64       		.byte	100
 254 00fb 00       		.byte	0
 255 00fc 65       		.byte	101
 256 00fd 00       		.byte	0
 257 00fe 72       		.byte	114
 258 00ff 00       		.byte	0
 259 0100 70       		.byte	112
 260 0101 00       		.byte	0
 261 0102 68       		.byte	104
 262 0103 00       		.byte	0
 263 0104 6F       		.byte	111
 264 0105 00       		.byte	0
 265 0106 6E       		.byte	110
 266 0107 00       		.byte	0
 267 0108 69       		.byte	105
 268 0109 00       		.byte	0
 269 010a 63       		.byte	99
 270 010b 00       		.byte	0
 271 010c 73       		.byte	115
 272 010d 00       		.byte	0
 273 010e 44       		.byte	68
 274 010f 00       		.byte	0
 275 0110 65       		.byte	101
 276 0111 00       		.byte	0
 277 0112 76       		.byte	118
 278 0113 00       		.byte	0
 279 0114 4B       		.byte	75
 280 0115 00       		.byte	0
 281 0116 69       		.byte	105
 282 0117 00       		.byte	0
 283 0118 74       		.byte	116
 284 0119 00       		.byte	0
 285 011a 32       		.byte	50
ARM GAS  C:\Users\JEFFSN~1\AppData\Local\Temp\cceK6mbo.s 			page 6


 286 011b 03       		.byte	3
 287 011c 46       		.byte	70
 288 011d 00       		.byte	0
 289 011e 72       		.byte	114
 290 011f 00       		.byte	0
 291 0120 6F       		.byte	111
 292 0121 00       		.byte	0
 293 0122 6D       		.byte	109
 294 0123 00       		.byte	0
 295 0124 20       		.byte	32
 296 0125 00       		.byte	0
 297 0126 53       		.byte	83
 298 0127 00       		.byte	0
 299 0128 6E       		.byte	110
 300 0129 00       		.byte	0
 301 012a 79       		.byte	121
 302 012b 00       		.byte	0
 303 012c 64       		.byte	100
 304 012d 00       		.byte	0
 305 012e 65       		.byte	101
 306 012f 00       		.byte	0
 307 0130 72       		.byte	114
 308 0131 00       		.byte	0
 309 0132 70       		.byte	112
 310 0133 00       		.byte	0
 311 0134 68       		.byte	104
 312 0135 00       		.byte	0
 313 0136 6F       		.byte	111
 314 0137 00       		.byte	0
 315 0138 6E       		.byte	110
 316 0139 00       		.byte	0
 317 013a 69       		.byte	105
 318 013b 00       		.byte	0
 319 013c 63       		.byte	99
 320 013d 00       		.byte	0
 321 013e 73       		.byte	115
 322 013f 00       		.byte	0
 323 0140 44       		.byte	68
 324 0141 00       		.byte	0
 325 0142 65       		.byte	101
 326 0143 00       		.byte	0
 327 0144 76       		.byte	118
 328 0145 00       		.byte	0
 329 0146 4B       		.byte	75
 330 0147 00       		.byte	0
 331 0148 69       		.byte	105
 332 0149 00       		.byte	0
 333 014a 74       		.byte	116
 334 014b 00       		.byte	0
 335 014c 00       		.byte	0
 336 014d 000000   		.space	3
 337              		.type	USB_DEVICE0_CONFIGURATION0_DESCR, %object
 338              		.size	USB_DEVICE0_CONFIGURATION0_DESCR, 101
 339              	USB_DEVICE0_CONFIGURATION0_DESCR:
 340 0150 09       		.byte	9
 341 0151 02       		.byte	2
 342 0152 65       		.byte	101
ARM GAS  C:\Users\JEFFSN~1\AppData\Local\Temp\cceK6mbo.s 			page 7


 343 0153 00       		.byte	0
 344 0154 02       		.byte	2
 345 0155 01       		.byte	1
 346 0156 01       		.byte	1
 347 0157 80       		.byte	-128
 348 0158 32       		.byte	50
 349 0159 09       		.byte	9
 350 015a 04       		.byte	4
 351 015b 00       		.byte	0
 352 015c 00       		.byte	0
 353 015d 00       		.byte	0
 354 015e 01       		.byte	1
 355 015f 01       		.byte	1
 356 0160 00       		.byte	0
 357 0161 03       		.byte	3
 358 0162 09       		.byte	9
 359 0163 24       		.byte	36
 360 0164 01       		.byte	1
 361 0165 00       		.byte	0
 362 0166 01       		.byte	1
 363 0167 09       		.byte	9
 364 0168 00       		.byte	0
 365 0169 01       		.byte	1
 366 016a 01       		.byte	1
 367 016b 09       		.byte	9
 368 016c 04       		.byte	4
 369 016d 01       		.byte	1
 370 016e 00       		.byte	0
 371 016f 02       		.byte	2
 372 0170 01       		.byte	1
 373 0171 03       		.byte	3
 374 0172 00       		.byte	0
 375 0173 04       		.byte	4
 376 0174 07       		.byte	7
 377 0175 24       		.byte	36
 378 0176 01       		.byte	1
 379 0177 00       		.byte	0
 380 0178 01       		.byte	1
 381 0179 25       		.byte	37
 382 017a 00       		.byte	0
 383 017b 06       		.byte	6
 384 017c 24       		.byte	36
 385 017d 02       		.byte	2
 386 017e 01       		.byte	1
 387 017f 01       		.byte	1
 388 0180 05       		.byte	5
 389 0181 06       		.byte	6
 390 0182 24       		.byte	36
 391 0183 02       		.byte	2
 392 0184 02       		.byte	2
 393 0185 02       		.byte	2
 394 0186 05       		.byte	5
 395 0187 09       		.byte	9
 396 0188 24       		.byte	36
 397 0189 03       		.byte	3
 398 018a 01       		.byte	1
 399 018b 03       		.byte	3
ARM GAS  C:\Users\JEFFSN~1\AppData\Local\Temp\cceK6mbo.s 			page 8


 400 018c 01       		.byte	1
 401 018d 02       		.byte	2
 402 018e 01       		.byte	1
 403 018f 06       		.byte	6
 404 0190 09       		.byte	9
 405 0191 24       		.byte	36
 406 0192 03       		.byte	3
 407 0193 02       		.byte	2
 408 0194 04       		.byte	4
 409 0195 01       		.byte	1
 410 0196 01       		.byte	1
 411 0197 01       		.byte	1
 412 0198 06       		.byte	6
 413 0199 09       		.byte	9
 414 019a 05       		.byte	5
 415 019b 81       		.byte	-127
 416 019c 02       		.byte	2
 417 019d 20       		.byte	32
 418 019e 00       		.byte	0
 419 019f 00       		.byte	0
 420 01a0 00       		.byte	0
 421 01a1 00       		.byte	0
 422 01a2 05       		.byte	5
 423 01a3 25       		.byte	37
 424 01a4 01       		.byte	1
 425 01a5 01       		.byte	1
 426 01a6 03       		.byte	3
 427 01a7 09       		.byte	9
 428 01a8 05       		.byte	5
 429 01a9 02       		.byte	2
 430 01aa 02       		.byte	2
 431 01ab 20       		.byte	32
 432 01ac 00       		.byte	0
 433 01ad 00       		.byte	0
 434 01ae 00       		.byte	0
 435 01af 00       		.byte	0
 436 01b0 05       		.byte	5
 437 01b1 25       		.byte	37
 438 01b2 01       		.byte	1
 439 01b3 01       		.byte	1
 440 01b4 01       		.byte	1
 441 01b5 000000   		.space	3
 442              		.type	USB_DEVICE0_DESCR, %object
 443              		.size	USB_DEVICE0_DESCR, 18
 444              	USB_DEVICE0_DESCR:
 445 01b8 12       		.byte	18
 446 01b9 01       		.byte	1
 447 01ba 00       		.byte	0
 448 01bb 02       		.byte	2
 449 01bc 00       		.byte	0
 450 01bd 00       		.byte	0
 451 01be 00       		.byte	0
 452 01bf 08       		.byte	8
 453 01c0 24       		.byte	36
 454 01c1 24       		.byte	36
 455 01c2 26       		.byte	38
 456 01c3 24       		.byte	36
ARM GAS  C:\Users\JEFFSN~1\AppData\Local\Temp\cceK6mbo.s 			page 9


 457 01c4 01       		.byte	1
 458 01c5 00       		.byte	0
 459 01c6 01       		.byte	1
 460 01c7 02       		.byte	2
 461 01c8 80       		.byte	-128
 462 01c9 01       		.byte	1
 463              		.text
 464              	.Letext0:
 465              		.file 1 "Generated_Source\\PSoC5\\cytypes.h"
 466              		.file 2 "Generated_Source\\PSoC5\\USB.h"
 467              		.file 3 "Generated_Source\\PSoC5\\USB_descr.c"
 468              		.section	.debug_info,"",%progbits
 469              	.Ldebug_info0:
 470 0000 A5020000 		.4byte	0x2a5
 471 0004 0400     		.2byte	0x4
 472 0006 00000000 		.4byte	.Ldebug_abbrev0
 473 000a 04       		.byte	0x4
 474 000b 01       		.uleb128 0x1
 475 000c A9000000 		.4byte	.LASF35
 476 0010 0C       		.byte	0xc
 477 0011 3A020000 		.4byte	.LASF36
 478 0015 71010000 		.4byte	.LASF37
 479 0019 00000000 		.4byte	.Ldebug_line0
 480 001d 02       		.uleb128 0x2
 481 001e 01       		.byte	0x1
 482 001f 06       		.byte	0x6
 483 0020 14030000 		.4byte	.LASF0
 484 0024 02       		.uleb128 0x2
 485 0025 01       		.byte	0x1
 486 0026 08       		.byte	0x8
 487 0027 9B000000 		.4byte	.LASF1
 488 002b 02       		.uleb128 0x2
 489 002c 02       		.byte	0x2
 490 002d 05       		.byte	0x5
 491 002e BA020000 		.4byte	.LASF2
 492 0032 02       		.uleb128 0x2
 493 0033 02       		.byte	0x2
 494 0034 07       		.byte	0x7
 495 0035 23000000 		.4byte	.LASF3
 496 0039 02       		.uleb128 0x2
 497 003a 04       		.byte	0x4
 498 003b 05       		.byte	0x5
 499 003c FF020000 		.4byte	.LASF4
 500 0040 02       		.uleb128 0x2
 501 0041 04       		.byte	0x4
 502 0042 07       		.byte	0x7
 503 0043 42010000 		.4byte	.LASF5
 504 0047 02       		.uleb128 0x2
 505 0048 08       		.byte	0x8
 506 0049 05       		.byte	0x5
 507 004a 84020000 		.4byte	.LASF6
 508 004e 02       		.uleb128 0x2
 509 004f 08       		.byte	0x8
 510 0050 07       		.byte	0x7
 511 0051 5D020000 		.4byte	.LASF7
 512 0055 03       		.uleb128 0x3
 513 0056 04       		.byte	0x4
ARM GAS  C:\Users\JEFFSN~1\AppData\Local\Temp\cceK6mbo.s 			page 10


 514 0057 05       		.byte	0x5
 515 0058 696E7400 		.ascii	"int\000"
 516 005c 02       		.uleb128 0x2
 517 005d 04       		.byte	0x4
 518 005e 07       		.byte	0x7
 519 005f 2D020000 		.4byte	.LASF8
 520 0063 04       		.uleb128 0x4
 521 0064 C4020000 		.4byte	.LASF9
 522 0068 01       		.byte	0x1
 523 0069 E401     		.2byte	0x1e4
 524 006b 24000000 		.4byte	0x24
 525 006f 04       		.uleb128 0x4
 526 0070 26020000 		.4byte	.LASF10
 527 0074 01       		.byte	0x1
 528 0075 E501     		.2byte	0x1e5
 529 0077 32000000 		.4byte	0x32
 530 007b 02       		.uleb128 0x2
 531 007c 04       		.byte	0x4
 532 007d 04       		.byte	0x4
 533 007e 69000000 		.4byte	.LASF11
 534 0082 02       		.uleb128 0x2
 535 0083 08       		.byte	0x8
 536 0084 04       		.byte	0x4
 537 0085 E7010000 		.4byte	.LASF12
 538 0089 02       		.uleb128 0x2
 539 008a 01       		.byte	0x1
 540 008b 08       		.byte	0x8
 541 008c 92020000 		.4byte	.LASF13
 542 0090 02       		.uleb128 0x2
 543 0091 08       		.byte	0x8
 544 0092 04       		.byte	0x4
 545 0093 08030000 		.4byte	.LASF14
 546 0097 02       		.uleb128 0x2
 547 0098 04       		.byte	0x4
 548 0099 07       		.byte	0x7
 549 009a 7B020000 		.4byte	.LASF15
 550 009e 05       		.uleb128 0x5
 551 009f 08       		.byte	0x8
 552 00a0 02       		.byte	0x2
 553 00a1 9A       		.byte	0x9a
 554 00a2 EF000000 		.4byte	0xef
 555 00a6 06       		.uleb128 0x6
 556 00a7 CA020000 		.4byte	.LASF16
 557 00ab 02       		.byte	0x2
 558 00ac 9C       		.byte	0x9c
 559 00ad 63000000 		.4byte	0x63
 560 00b1 00       		.byte	0
 561 00b2 06       		.uleb128 0x6
 562 00b3 6F000000 		.4byte	.LASF17
 563 00b7 02       		.byte	0x2
 564 00b8 9D       		.byte	0x9d
 565 00b9 63000000 		.4byte	0x63
 566 00bd 01       		.byte	0x1
 567 00be 06       		.uleb128 0x6
 568 00bf 54010000 		.4byte	.LASF18
 569 00c3 02       		.byte	0x2
 570 00c4 9E       		.byte	0x9e
ARM GAS  C:\Users\JEFFSN~1\AppData\Local\Temp\cceK6mbo.s 			page 11


 571 00c5 63000000 		.4byte	0x63
 572 00c9 02       		.byte	0x2
 573 00ca 06       		.uleb128 0x6
 574 00cb 37010000 		.4byte	.LASF19
 575 00cf 02       		.byte	0x2
 576 00d0 9F       		.byte	0x9f
 577 00d1 63000000 		.4byte	0x63
 578 00d5 03       		.byte	0x3
 579 00d6 06       		.uleb128 0x6
 580 00d7 EE010000 		.4byte	.LASF20
 581 00db 02       		.byte	0x2
 582 00dc A0       		.byte	0xa0
 583 00dd 6F000000 		.4byte	0x6f
 584 00e1 04       		.byte	0x4
 585 00e2 06       		.uleb128 0x6
 586 00e3 20030000 		.4byte	.LASF21
 587 00e7 02       		.byte	0x2
 588 00e8 A1       		.byte	0xa1
 589 00e9 63000000 		.4byte	0x63
 590 00ed 06       		.byte	0x6
 591 00ee 00       		.byte	0
 592 00ef 07       		.uleb128 0x7
 593 00f0 59010000 		.4byte	.LASF22
 594 00f4 02       		.byte	0x2
 595 00f5 A2       		.byte	0xa2
 596 00f6 9E000000 		.4byte	0x9e
 597 00fa 05       		.uleb128 0x5
 598 00fb 08       		.byte	0x8
 599 00fc 02       		.byte	0x2
 600 00fd B1       		.byte	0xb1
 601 00fe 19010000 		.4byte	0x119
 602 0102 08       		.uleb128 0x8
 603 0103 6300     		.ascii	"c\000"
 604 0105 02       		.byte	0x2
 605 0106 B3       		.byte	0xb3
 606 0107 63000000 		.4byte	0x63
 607 010b 00       		.byte	0
 608 010c 06       		.uleb128 0x6
 609 010d 74020000 		.4byte	.LASF23
 610 0111 02       		.byte	0x2
 611 0112 B4       		.byte	0xb4
 612 0113 19010000 		.4byte	0x119
 613 0117 04       		.byte	0x4
 614 0118 00       		.byte	0
 615 0119 09       		.uleb128 0x9
 616 011a 04       		.byte	0x4
 617 011b 1F010000 		.4byte	0x11f
 618 011f 0A       		.uleb128 0xa
 619 0120 07       		.uleb128 0x7
 620 0121 91000000 		.4byte	.LASF24
 621 0125 02       		.byte	0x2
 622 0126 B5       		.byte	0xb5
 623 0127 FA000000 		.4byte	0xfa
 624 012b 0B       		.uleb128 0xb
 625 012c 3B010000 		.4byte	0x13b
 626 0130 3B010000 		.4byte	0x13b
 627 0134 0C       		.uleb128 0xc
ARM GAS  C:\Users\JEFFSN~1\AppData\Local\Temp\cceK6mbo.s 			page 12


 628 0135 97000000 		.4byte	0x97
 629 0139 11       		.byte	0x11
 630 013a 00       		.byte	0
 631 013b 0D       		.uleb128 0xd
 632 013c 63000000 		.4byte	0x63
 633 0140 0E       		.uleb128 0xe
 634 0141 B4010000 		.4byte	.LASF25
 635 0145 03       		.byte	0x3
 636 0146 24       		.byte	0x24
 637 0147 51010000 		.4byte	0x151
 638 014b 05       		.uleb128 0x5
 639 014c 03       		.byte	0x3
 640 014d 00000000 		.4byte	USB_DEVICE0_DESCR
 641 0151 0D       		.uleb128 0xd
 642 0152 2B010000 		.4byte	0x12b
 643 0156 0B       		.uleb128 0xb
 644 0157 3B010000 		.4byte	0x13b
 645 015b 66010000 		.4byte	0x166
 646 015f 0C       		.uleb128 0xc
 647 0160 97000000 		.4byte	0x97
 648 0164 64       		.byte	0x64
 649 0165 00       		.byte	0
 650 0166 0E       		.uleb128 0xe
 651 0167 C6010000 		.4byte	.LASF26
 652 016b 03       		.byte	0x3
 653 016c 37       		.byte	0x37
 654 016d 77010000 		.4byte	0x177
 655 0171 05       		.uleb128 0x5
 656 0172 03       		.byte	0x3
 657 0173 00000000 		.4byte	USB_DEVICE0_CONFIGURATION0_DESCR
 658 0177 0D       		.uleb128 0xd
 659 0178 56010000 		.4byte	0x156
 660 017c 0B       		.uleb128 0xb
 661 017d 8C010000 		.4byte	0x18c
 662 0181 8C010000 		.4byte	0x18c
 663 0185 0C       		.uleb128 0xc
 664 0186 97000000 		.4byte	0x97
 665 018a 01       		.byte	0x1
 666 018b 00       		.byte	0
 667 018c 0D       		.uleb128 0xd
 668 018d EF000000 		.4byte	0xef
 669 0191 0F       		.uleb128 0xf
 670 0192 F9010000 		.4byte	.LASF27
 671 0196 03       		.byte	0x3
 672 0197 1201     		.2byte	0x112
 673 0199 A3010000 		.4byte	0x1a3
 674 019d 05       		.uleb128 0x5
 675 019e 03       		.byte	0x3
 676 019f 00000000 		.4byte	USB_DEVICE0_CONFIGURATION0_EP_SETTINGS_TABLE
 677 01a3 0D       		.uleb128 0xd
 678 01a4 7C010000 		.4byte	0x17c
 679 01a8 0B       		.uleb128 0xb
 680 01a9 3B010000 		.4byte	0x13b
 681 01ad B8010000 		.4byte	0x1b8
 682 01b1 0C       		.uleb128 0xc
 683 01b2 97000000 		.4byte	0x97
 684 01b6 01       		.byte	0x1
ARM GAS  C:\Users\JEFFSN~1\AppData\Local\Temp\cceK6mbo.s 			page 13


 685 01b7 00       		.byte	0
 686 01b8 0F       		.uleb128 0xf
 687 01b9 D4020000 		.4byte	.LASF28
 688 01bd 03       		.byte	0x3
 689 01be 1701     		.2byte	0x117
 690 01c0 CA010000 		.4byte	0x1ca
 691 01c4 05       		.uleb128 0x5
 692 01c5 03       		.byte	0x3
 693 01c6 00000000 		.4byte	USB_DEVICE0_CONFIGURATION0_INTERFACE_CLASS
 694 01ca 0D       		.uleb128 0xd
 695 01cb A8010000 		.4byte	0x1a8
 696 01cf 0B       		.uleb128 0xb
 697 01d0 DF010000 		.4byte	0x1df
 698 01d4 DF010000 		.4byte	0x1df
 699 01d8 0C       		.uleb128 0xc
 700 01d9 97000000 		.4byte	0x97
 701 01dd 04       		.byte	0x4
 702 01de 00       		.byte	0
 703 01df 0D       		.uleb128 0xd
 704 01e0 20010000 		.4byte	0x120
 705 01e4 0F       		.uleb128 0xf
 706 01e5 48000000 		.4byte	.LASF29
 707 01e9 03       		.byte	0x3
 708 01ea 1F01     		.2byte	0x11f
 709 01ec F6010000 		.4byte	0x1f6
 710 01f0 05       		.uleb128 0x5
 711 01f1 03       		.byte	0x3
 712 01f2 00000000 		.4byte	USB_DEVICE0_CONFIGURATION0_TABLE
 713 01f6 0D       		.uleb128 0xd
 714 01f7 CF010000 		.4byte	0x1cf
 715 01fb 0B       		.uleb128 0xb
 716 01fc DF010000 		.4byte	0x1df
 717 0200 0B020000 		.4byte	0x20b
 718 0204 0C       		.uleb128 0xc
 719 0205 97000000 		.4byte	0x97
 720 0209 02       		.byte	0x2
 721 020a 00       		.byte	0
 722 020b 0F       		.uleb128 0xf
 723 020c 36000000 		.4byte	.LASF30
 724 0210 03       		.byte	0x3
 725 0211 2A01     		.2byte	0x12a
 726 0213 1D020000 		.4byte	0x21d
 727 0217 05       		.uleb128 0x5
 728 0218 03       		.byte	0x3
 729 0219 00000000 		.4byte	USB_DEVICE0_TABLE
 730 021d 0D       		.uleb128 0xd
 731 021e FB010000 		.4byte	0x1fb
 732 0222 0B       		.uleb128 0xb
 733 0223 DF010000 		.4byte	0x1df
 734 0227 32020000 		.4byte	0x232
 735 022b 0C       		.uleb128 0xc
 736 022c 97000000 		.4byte	0x97
 737 0230 00       		.byte	0
 738 0231 00       		.byte	0
 739 0232 0F       		.uleb128 0xf
 740 0233 B0020000 		.4byte	.LASF31
 741 0237 03       		.byte	0x3
ARM GAS  C:\Users\JEFFSN~1\AppData\Local\Temp\cceK6mbo.s 			page 14


 742 0238 3201     		.2byte	0x132
 743 023a 44020000 		.4byte	0x244
 744 023e 05       		.uleb128 0x5
 745 023f 03       		.byte	0x3
 746 0240 00000000 		.4byte	USB_TABLE
 747 0244 0D       		.uleb128 0xd
 748 0245 22020000 		.4byte	0x222
 749 0249 0F       		.uleb128 0xf
 750 024a 97020000 		.4byte	.LASF32
 751 024e 03       		.byte	0x3
 752 024f 0301     		.2byte	0x103
 753 0251 5B020000 		.4byte	0x25b
 754 0255 05       		.uleb128 0x5
 755 0256 03       		.byte	0x3
 756 0257 00000000 		.4byte	USB_SN_STRING_DESCRIPTOR
 757 025b 0D       		.uleb128 0xd
 758 025c A8010000 		.4byte	0x1a8
 759 0260 0B       		.uleb128 0xb
 760 0261 3B010000 		.4byte	0x13b
 761 0265 70020000 		.4byte	0x270
 762 0269 0C       		.uleb128 0xc
 763 026a 97000000 		.4byte	0x97
 764 026e EC       		.byte	0xec
 765 026f 00       		.byte	0
 766 0270 0E       		.uleb128 0xe
 767 0271 7A000000 		.4byte	.LASF33
 768 0275 03       		.byte	0x3
 769 0276 BF       		.byte	0xbf
 770 0277 81020000 		.4byte	0x281
 771 027b 05       		.uleb128 0x5
 772 027c 03       		.byte	0x3
 773 027d 00000000 		.4byte	USB_STRING_DESCRIPTORS
 774 0281 0D       		.uleb128 0xd
 775 0282 60020000 		.4byte	0x260
 776 0286 0B       		.uleb128 0xb
 777 0287 63000000 		.4byte	0x63
 778 028b 96020000 		.4byte	0x296
 779 028f 0C       		.uleb128 0xc
 780 0290 97000000 		.4byte	0x97
 781 0294 21       		.byte	0x21
 782 0295 00       		.byte	0
 783 0296 0F       		.uleb128 0xf
 784 0297 00000000 		.4byte	.LASF34
 785 029b 03       		.byte	0x3
 786 029c 6001     		.2byte	0x160
 787 029e 86020000 		.4byte	0x286
 788 02a2 05       		.uleb128 0x5
 789 02a3 03       		.byte	0x3
 790 02a4 00000000 		.4byte	USB_idSerialNumberStringDescriptor
 791 02a8 00       		.byte	0
 792              		.section	.debug_abbrev,"",%progbits
 793              	.Ldebug_abbrev0:
 794 0000 01       		.uleb128 0x1
 795 0001 11       		.uleb128 0x11
 796 0002 01       		.byte	0x1
 797 0003 25       		.uleb128 0x25
 798 0004 0E       		.uleb128 0xe
ARM GAS  C:\Users\JEFFSN~1\AppData\Local\Temp\cceK6mbo.s 			page 15


 799 0005 13       		.uleb128 0x13
 800 0006 0B       		.uleb128 0xb
 801 0007 03       		.uleb128 0x3
 802 0008 0E       		.uleb128 0xe
 803 0009 1B       		.uleb128 0x1b
 804 000a 0E       		.uleb128 0xe
 805 000b 10       		.uleb128 0x10
 806 000c 17       		.uleb128 0x17
 807 000d 00       		.byte	0
 808 000e 00       		.byte	0
 809 000f 02       		.uleb128 0x2
 810 0010 24       		.uleb128 0x24
 811 0011 00       		.byte	0
 812 0012 0B       		.uleb128 0xb
 813 0013 0B       		.uleb128 0xb
 814 0014 3E       		.uleb128 0x3e
 815 0015 0B       		.uleb128 0xb
 816 0016 03       		.uleb128 0x3
 817 0017 0E       		.uleb128 0xe
 818 0018 00       		.byte	0
 819 0019 00       		.byte	0
 820 001a 03       		.uleb128 0x3
 821 001b 24       		.uleb128 0x24
 822 001c 00       		.byte	0
 823 001d 0B       		.uleb128 0xb
 824 001e 0B       		.uleb128 0xb
 825 001f 3E       		.uleb128 0x3e
 826 0020 0B       		.uleb128 0xb
 827 0021 03       		.uleb128 0x3
 828 0022 08       		.uleb128 0x8
 829 0023 00       		.byte	0
 830 0024 00       		.byte	0
 831 0025 04       		.uleb128 0x4
 832 0026 16       		.uleb128 0x16
 833 0027 00       		.byte	0
 834 0028 03       		.uleb128 0x3
 835 0029 0E       		.uleb128 0xe
 836 002a 3A       		.uleb128 0x3a
 837 002b 0B       		.uleb128 0xb
 838 002c 3B       		.uleb128 0x3b
 839 002d 05       		.uleb128 0x5
 840 002e 49       		.uleb128 0x49
 841 002f 13       		.uleb128 0x13
 842 0030 00       		.byte	0
 843 0031 00       		.byte	0
 844 0032 05       		.uleb128 0x5
 845 0033 13       		.uleb128 0x13
 846 0034 01       		.byte	0x1
 847 0035 0B       		.uleb128 0xb
 848 0036 0B       		.uleb128 0xb
 849 0037 3A       		.uleb128 0x3a
 850 0038 0B       		.uleb128 0xb
 851 0039 3B       		.uleb128 0x3b
 852 003a 0B       		.uleb128 0xb
 853 003b 01       		.uleb128 0x1
 854 003c 13       		.uleb128 0x13
 855 003d 00       		.byte	0
ARM GAS  C:\Users\JEFFSN~1\AppData\Local\Temp\cceK6mbo.s 			page 16


 856 003e 00       		.byte	0
 857 003f 06       		.uleb128 0x6
 858 0040 0D       		.uleb128 0xd
 859 0041 00       		.byte	0
 860 0042 03       		.uleb128 0x3
 861 0043 0E       		.uleb128 0xe
 862 0044 3A       		.uleb128 0x3a
 863 0045 0B       		.uleb128 0xb
 864 0046 3B       		.uleb128 0x3b
 865 0047 0B       		.uleb128 0xb
 866 0048 49       		.uleb128 0x49
 867 0049 13       		.uleb128 0x13
 868 004a 38       		.uleb128 0x38
 869 004b 0B       		.uleb128 0xb
 870 004c 00       		.byte	0
 871 004d 00       		.byte	0
 872 004e 07       		.uleb128 0x7
 873 004f 16       		.uleb128 0x16
 874 0050 00       		.byte	0
 875 0051 03       		.uleb128 0x3
 876 0052 0E       		.uleb128 0xe
 877 0053 3A       		.uleb128 0x3a
 878 0054 0B       		.uleb128 0xb
 879 0055 3B       		.uleb128 0x3b
 880 0056 0B       		.uleb128 0xb
 881 0057 49       		.uleb128 0x49
 882 0058 13       		.uleb128 0x13
 883 0059 00       		.byte	0
 884 005a 00       		.byte	0
 885 005b 08       		.uleb128 0x8
 886 005c 0D       		.uleb128 0xd
 887 005d 00       		.byte	0
 888 005e 03       		.uleb128 0x3
 889 005f 08       		.uleb128 0x8
 890 0060 3A       		.uleb128 0x3a
 891 0061 0B       		.uleb128 0xb
 892 0062 3B       		.uleb128 0x3b
 893 0063 0B       		.uleb128 0xb
 894 0064 49       		.uleb128 0x49
 895 0065 13       		.uleb128 0x13
 896 0066 38       		.uleb128 0x38
 897 0067 0B       		.uleb128 0xb
 898 0068 00       		.byte	0
 899 0069 00       		.byte	0
 900 006a 09       		.uleb128 0x9
 901 006b 0F       		.uleb128 0xf
 902 006c 00       		.byte	0
 903 006d 0B       		.uleb128 0xb
 904 006e 0B       		.uleb128 0xb
 905 006f 49       		.uleb128 0x49
 906 0070 13       		.uleb128 0x13
 907 0071 00       		.byte	0
 908 0072 00       		.byte	0
 909 0073 0A       		.uleb128 0xa
 910 0074 26       		.uleb128 0x26
 911 0075 00       		.byte	0
 912 0076 00       		.byte	0
ARM GAS  C:\Users\JEFFSN~1\AppData\Local\Temp\cceK6mbo.s 			page 17


 913 0077 00       		.byte	0
 914 0078 0B       		.uleb128 0xb
 915 0079 01       		.uleb128 0x1
 916 007a 01       		.byte	0x1
 917 007b 49       		.uleb128 0x49
 918 007c 13       		.uleb128 0x13
 919 007d 01       		.uleb128 0x1
 920 007e 13       		.uleb128 0x13
 921 007f 00       		.byte	0
 922 0080 00       		.byte	0
 923 0081 0C       		.uleb128 0xc
 924 0082 21       		.uleb128 0x21
 925 0083 00       		.byte	0
 926 0084 49       		.uleb128 0x49
 927 0085 13       		.uleb128 0x13
 928 0086 2F       		.uleb128 0x2f
 929 0087 0B       		.uleb128 0xb
 930 0088 00       		.byte	0
 931 0089 00       		.byte	0
 932 008a 0D       		.uleb128 0xd
 933 008b 26       		.uleb128 0x26
 934 008c 00       		.byte	0
 935 008d 49       		.uleb128 0x49
 936 008e 13       		.uleb128 0x13
 937 008f 00       		.byte	0
 938 0090 00       		.byte	0
 939 0091 0E       		.uleb128 0xe
 940 0092 34       		.uleb128 0x34
 941 0093 00       		.byte	0
 942 0094 03       		.uleb128 0x3
 943 0095 0E       		.uleb128 0xe
 944 0096 3A       		.uleb128 0x3a
 945 0097 0B       		.uleb128 0xb
 946 0098 3B       		.uleb128 0x3b
 947 0099 0B       		.uleb128 0xb
 948 009a 49       		.uleb128 0x49
 949 009b 13       		.uleb128 0x13
 950 009c 3F       		.uleb128 0x3f
 951 009d 19       		.uleb128 0x19
 952 009e 02       		.uleb128 0x2
 953 009f 18       		.uleb128 0x18
 954 00a0 00       		.byte	0
 955 00a1 00       		.byte	0
 956 00a2 0F       		.uleb128 0xf
 957 00a3 34       		.uleb128 0x34
 958 00a4 00       		.byte	0
 959 00a5 03       		.uleb128 0x3
 960 00a6 0E       		.uleb128 0xe
 961 00a7 3A       		.uleb128 0x3a
 962 00a8 0B       		.uleb128 0xb
 963 00a9 3B       		.uleb128 0x3b
 964 00aa 05       		.uleb128 0x5
 965 00ab 49       		.uleb128 0x49
 966 00ac 13       		.uleb128 0x13
 967 00ad 3F       		.uleb128 0x3f
 968 00ae 19       		.uleb128 0x19
 969 00af 02       		.uleb128 0x2
ARM GAS  C:\Users\JEFFSN~1\AppData\Local\Temp\cceK6mbo.s 			page 18


 970 00b0 18       		.uleb128 0x18
 971 00b1 00       		.byte	0
 972 00b2 00       		.byte	0
 973 00b3 00       		.byte	0
 974              		.section	.debug_aranges,"",%progbits
 975 0000 14000000 		.4byte	0x14
 976 0004 0200     		.2byte	0x2
 977 0006 00000000 		.4byte	.Ldebug_info0
 978 000a 04       		.byte	0x4
 979 000b 00       		.byte	0
 980 000c 0000     		.2byte	0
 981 000e 0000     		.2byte	0
 982 0010 00000000 		.4byte	0
 983 0014 00000000 		.4byte	0
 984              		.section	.debug_line,"",%progbits
 985              	.Ldebug_line0:
 986 0000 55000000 		.section	.debug_str,"MS",%progbits,1
 986      02004F00 
 986      00000201 
 986      FB0E0D00 
 986      01010101 
 987              	.LASF34:
 988 0000 5553425F 		.ascii	"USB_idSerialNumberStringDescriptor\000"
 988      69645365 
 988      7269616C 
 988      4E756D62 
 988      65725374 
 989              	.LASF3:
 990 0023 73686F72 		.ascii	"short unsigned int\000"
 990      7420756E 
 990      7369676E 
 990      65642069 
 990      6E7400
 991              	.LASF30:
 992 0036 5553425F 		.ascii	"USB_DEVICE0_TABLE\000"
 992      44455649 
 992      4345305F 
 992      5441424C 
 992      4500
 993              	.LASF29:
 994 0048 5553425F 		.ascii	"USB_DEVICE0_CONFIGURATION0_TABLE\000"
 994      44455649 
 994      4345305F 
 994      434F4E46 
 994      49475552 
 995              	.LASF11:
 996 0069 666C6F61 		.ascii	"float\000"
 996      7400
 997              	.LASF17:
 998 006f 616C7453 		.ascii	"altSetting\000"
 998      65747469 
 998      6E6700
 999              	.LASF33:
 1000 007a 5553425F 		.ascii	"USB_STRING_DESCRIPTORS\000"
 1000      53545249 
 1000      4E475F44 
 1000      45534352 
ARM GAS  C:\Users\JEFFSN~1\AppData\Local\Temp\cceK6mbo.s 			page 19


 1000      4950544F 
 1001              	.LASF24:
 1002 0091 545F5553 		.ascii	"T_USB_LUT\000"
 1002      425F4C55 
 1002      5400
 1003              	.LASF1:
 1004 009b 756E7369 		.ascii	"unsigned char\000"
 1004      676E6564 
 1004      20636861 
 1004      7200
 1005              	.LASF35:
 1006 00a9 474E5520 		.ascii	"GNU C11 5.4.1 20160609 (release) [ARM/embedded-5-br"
 1006      43313120 
 1006      352E342E 
 1006      31203230 
 1006      31363036 
 1007 00dc 616E6368 		.ascii	"anch revision 237715] -mcpu=cortex-m3 -mthumb -g -O"
 1007      20726576 
 1007      6973696F 
 1007      6E203233 
 1007      37373135 
 1008 010f 67202D66 		.ascii	"g -ffunction-sections -ffat-lto-objects\000"
 1008      66756E63 
 1008      74696F6E 
 1008      2D736563 
 1008      74696F6E 
 1009              	.LASF19:
 1010 0137 61747472 		.ascii	"attributes\000"
 1010      69627574 
 1010      657300
 1011              	.LASF5:
 1012 0142 6C6F6E67 		.ascii	"long unsigned int\000"
 1012      20756E73 
 1012      69676E65 
 1012      6420696E 
 1012      7400
 1013              	.LASF18:
 1014 0154 61646472 		.ascii	"addr\000"
 1014      00
 1015              	.LASF22:
 1016 0159 545F5553 		.ascii	"T_USB_EP_SETTINGS_BLOCK\000"
 1016      425F4550 
 1016      5F534554 
 1016      54494E47 
 1016      535F424C 
 1017              	.LASF37:
 1018 0171 433A5C55 		.ascii	"C:\\Users\\JeffSnyder\\Documents\\PSoC Creator\\wes"
 1018      73657273 
 1018      5C4A6566 
 1018      66536E79 
 1018      6465725C 
 1019 019f 746F6E5F 		.ascii	"ton_1\\weston_1.cydsn\000"
 1019      315C7765 
 1019      73746F6E 
 1019      5F312E63 
 1019      7964736E 
 1020              	.LASF25:
ARM GAS  C:\Users\JEFFSN~1\AppData\Local\Temp\cceK6mbo.s 			page 20


 1021 01b4 5553425F 		.ascii	"USB_DEVICE0_DESCR\000"
 1021      44455649 
 1021      4345305F 
 1021      44455343 
 1021      5200
 1022              	.LASF26:
 1023 01c6 5553425F 		.ascii	"USB_DEVICE0_CONFIGURATION0_DESCR\000"
 1023      44455649 
 1023      4345305F 
 1023      434F4E46 
 1023      49475552 
 1024              	.LASF12:
 1025 01e7 646F7562 		.ascii	"double\000"
 1025      6C6500
 1026              	.LASF20:
 1027 01ee 62756666 		.ascii	"bufferSize\000"
 1027      65725369 
 1027      7A6500
 1028              	.LASF27:
 1029 01f9 5553425F 		.ascii	"USB_DEVICE0_CONFIGURATION0_EP_SETTINGS_TABLE\000"
 1029      44455649 
 1029      4345305F 
 1029      434F4E46 
 1029      49475552 
 1030              	.LASF10:
 1031 0226 75696E74 		.ascii	"uint16\000"
 1031      313600
 1032              	.LASF8:
 1033 022d 756E7369 		.ascii	"unsigned int\000"
 1033      676E6564 
 1033      20696E74 
 1033      00
 1034              	.LASF36:
 1035 023a 47656E65 		.ascii	"Generated_Source\\PSoC5\\USB_descr.c\000"
 1035      72617465 
 1035      645F536F 
 1035      75726365 
 1035      5C50536F 
 1036              	.LASF7:
 1037 025d 6C6F6E67 		.ascii	"long long unsigned int\000"
 1037      206C6F6E 
 1037      6720756E 
 1037      7369676E 
 1037      65642069 
 1038              	.LASF23:
 1039 0274 705F6C69 		.ascii	"p_list\000"
 1039      737400
 1040              	.LASF15:
 1041 027b 73697A65 		.ascii	"sizetype\000"
 1041      74797065 
 1041      00
 1042              	.LASF6:
 1043 0284 6C6F6E67 		.ascii	"long long int\000"
 1043      206C6F6E 
 1043      6720696E 
 1043      7400
 1044              	.LASF13:
ARM GAS  C:\Users\JEFFSN~1\AppData\Local\Temp\cceK6mbo.s 			page 21


 1045 0292 63686172 		.ascii	"char\000"
 1045      00
 1046              	.LASF32:
 1047 0297 5553425F 		.ascii	"USB_SN_STRING_DESCRIPTOR\000"
 1047      534E5F53 
 1047      5452494E 
 1047      475F4445 
 1047      53435249 
 1048              	.LASF31:
 1049 02b0 5553425F 		.ascii	"USB_TABLE\000"
 1049      5441424C 
 1049      4500
 1050              	.LASF2:
 1051 02ba 73686F72 		.ascii	"short int\000"
 1051      7420696E 
 1051      7400
 1052              	.LASF9:
 1053 02c4 75696E74 		.ascii	"uint8\000"
 1053      3800
 1054              	.LASF16:
 1055 02ca 696E7465 		.ascii	"interface\000"
 1055      72666163 
 1055      6500
 1056              	.LASF28:
 1057 02d4 5553425F 		.ascii	"USB_DEVICE0_CONFIGURATION0_INTERFACE_CLASS\000"
 1057      44455649 
 1057      4345305F 
 1057      434F4E46 
 1057      49475552 
 1058              	.LASF4:
 1059 02ff 6C6F6E67 		.ascii	"long int\000"
 1059      20696E74 
 1059      00
 1060              	.LASF14:
 1061 0308 6C6F6E67 		.ascii	"long double\000"
 1061      20646F75 
 1061      626C6500 
 1062              	.LASF0:
 1063 0314 7369676E 		.ascii	"signed char\000"
 1063      65642063 
 1063      68617200 
 1064              	.LASF21:
 1065 0320 624D6973 		.ascii	"bMisc\000"
 1065      6300
 1066              		.ident	"GCC: (GNU Tools for ARM Embedded Processors) 5.4.1 20160609 (release) [ARM/embedded-5-bran
