ARM GAS  C:\Users\JEFFSN~1\AppData\Local\Temp\cc0CR6Ue.s 			page 1


   1              		.syntax unified
   2              		.cpu cortex-m3
   3              		.fpu softvfp
   4              		.eabi_attribute 20, 1
   5              		.eabi_attribute 21, 1
   6              		.eabi_attribute 23, 3
   7              		.eabi_attribute 24, 1
   8              		.eabi_attribute 25, 1
   9              		.eabi_attribute 26, 1
  10              		.eabi_attribute 30, 1
  11              		.eabi_attribute 34, 1
  12              		.eabi_attribute 18, 4
  13              		.thumb
  14              		.syntax unified
  15              		.file	"USBMIDI_descr.c"
  16              		.text
  17              	.Ltext0:
  18              		.cfi_sections	.debug_frame
  19              		.comm	USBMIDI_idSerialNumberStringDescriptor,34,4
  20              		.global	USBMIDI_TABLE
  21              		.global	USBMIDI_DEVICE0_TABLE
  22              		.global	USBMIDI_DEVICE0_CONFIGURATION0_TABLE
  23              		.global	USBMIDI_DEVICE0_CONFIGURATION0_INTERFACE_CLASS
  24              		.global	USBMIDI_DEVICE0_CONFIGURATION0_EP_SETTINGS_TABLE
  25              		.global	USBMIDI_SN_STRING_DESCRIPTOR
  26              		.global	USBMIDI_STRING_DESCRIPTORS
  27              		.global	USBMIDI_DEVICE0_CONFIGURATION0_DESCR
  28              		.global	USBMIDI_DEVICE0_DESCR
  29              		.section	.rodata
  30              		.align	2
  31              		.type	USBMIDI_TABLE, %object
  32              		.size	USBMIDI_TABLE, 8
  33              	USBMIDI_TABLE:
  34 0000 01       		.byte	1
  35 0001 000000   		.space	3
  36 0004 00000000 		.word	USBMIDI_DEVICE0_TABLE
  37              		.type	USBMIDI_DEVICE0_TABLE, %object
  38              		.size	USBMIDI_DEVICE0_TABLE, 24
  39              	USBMIDI_DEVICE0_TABLE:
  40 0008 01       		.byte	1
  41 0009 000000   		.space	3
  42 000c 00000000 		.word	USBMIDI_DEVICE0_DESCR
  43 0010 00       		.byte	0
  44 0011 000000   		.space	3
  45 0014 00000000 		.word	0
  46 0018 01       		.byte	1
  47 0019 000000   		.space	3
  48 001c 00000000 		.word	USBMIDI_DEVICE0_CONFIGURATION0_TABLE
  49              		.type	USBMIDI_DEVICE0_CONFIGURATION0_TABLE, %object
  50              		.size	USBMIDI_DEVICE0_CONFIGURATION0_TABLE, 40
  51              	USBMIDI_DEVICE0_CONFIGURATION0_TABLE:
  52 0020 01       		.byte	1
  53 0021 000000   		.space	3
  54 0024 00000000 		.word	USBMIDI_DEVICE0_CONFIGURATION0_DESCR
  55 0028 02       		.byte	2
  56 0029 000000   		.space	3
  57 002c 00000000 		.word	USBMIDI_DEVICE0_CONFIGURATION0_EP_SETTINGS_TABLE
ARM GAS  C:\Users\JEFFSN~1\AppData\Local\Temp\cc0CR6Ue.s 			page 2


  58 0030 00       		.byte	0
  59 0031 000000   		.space	3
  60 0034 00000000 		.word	0
  61 0038 00       		.byte	0
  62 0039 000000   		.space	3
  63 003c 00000000 		.word	0
  64 0040 00       		.byte	0
  65 0041 000000   		.space	3
  66 0044 00000000 		.word	USBMIDI_DEVICE0_CONFIGURATION0_INTERFACE_CLASS
  67              		.type	USBMIDI_DEVICE0_CONFIGURATION0_INTERFACE_CLASS, %object
  68              		.size	USBMIDI_DEVICE0_CONFIGURATION0_INTERFACE_CLASS, 2
  69              	USBMIDI_DEVICE0_CONFIGURATION0_INTERFACE_CLASS:
  70 0048 01       		.byte	1
  71 0049 01       		.byte	1
  72 004a 0000     		.space	2
  73              		.type	USBMIDI_DEVICE0_CONFIGURATION0_EP_SETTINGS_TABLE, %object
  74              		.size	USBMIDI_DEVICE0_CONFIGURATION0_EP_SETTINGS_TABLE, 16
  75              	USBMIDI_DEVICE0_CONFIGURATION0_EP_SETTINGS_TABLE:
  76 004c 01       		.byte	1
  77 004d 00       		.byte	0
  78 004e 81       		.byte	-127
  79 004f 02       		.byte	2
  80 0050 2000     		.short	32
  81 0052 01       		.byte	1
  82 0053 00       		.space	1
  83 0054 01       		.byte	1
  84 0055 00       		.byte	0
  85 0056 02       		.byte	2
  86 0057 02       		.byte	2
  87 0058 2000     		.short	32
  88 005a 01       		.byte	1
  89 005b 00       		.space	1
  90              		.type	USBMIDI_SN_STRING_DESCRIPTOR, %object
  91              		.size	USBMIDI_SN_STRING_DESCRIPTOR, 2
  92              	USBMIDI_SN_STRING_DESCRIPTOR:
  93 005c 02       		.byte	2
  94 005d 03       		.byte	3
  95 005e 0000     		.space	2
  96              		.type	USBMIDI_STRING_DESCRIPTORS, %object
  97              		.size	USBMIDI_STRING_DESCRIPTORS, 175
  98              	USBMIDI_STRING_DESCRIPTORS:
  99 0060 04       		.byte	4
 100 0061 03       		.byte	3
 101 0062 09       		.byte	9
 102 0063 04       		.byte	4
 103 0064 2A       		.byte	42
 104 0065 03       		.byte	3
 105 0066 53       		.byte	83
 106 0067 00       		.byte	0
 107 0068 6E       		.byte	110
 108 0069 00       		.byte	0
 109 006a 79       		.byte	121
 110 006b 00       		.byte	0
 111 006c 64       		.byte	100
 112 006d 00       		.byte	0
 113 006e 65       		.byte	101
 114 006f 00       		.byte	0
ARM GAS  C:\Users\JEFFSN~1\AppData\Local\Temp\cc0CR6Ue.s 			page 3


 115 0070 72       		.byte	114
 116 0071 00       		.byte	0
 117 0072 70       		.byte	112
 118 0073 00       		.byte	0
 119 0074 68       		.byte	104
 120 0075 00       		.byte	0
 121 0076 6F       		.byte	111
 122 0077 00       		.byte	0
 123 0078 6E       		.byte	110
 124 0079 00       		.byte	0
 125 007a 69       		.byte	105
 126 007b 00       		.byte	0
 127 007c 63       		.byte	99
 128 007d 00       		.byte	0
 129 007e 73       		.byte	115
 130 007f 00       		.byte	0
 131 0080 20       		.byte	32
 132 0081 00       		.byte	0
 133 0082 44       		.byte	68
 134 0083 00       		.byte	0
 135 0084 65       		.byte	101
 136 0085 00       		.byte	0
 137 0086 76       		.byte	118
 138 0087 00       		.byte	0
 139 0088 6B       		.byte	107
 140 0089 00       		.byte	0
 141 008a 69       		.byte	105
 142 008b 00       		.byte	0
 143 008c 74       		.byte	116
 144 008d 00       		.byte	0
 145 008e 12       		.byte	18
 146 008f 03       		.byte	3
 147 0090 55       		.byte	85
 148 0091 00       		.byte	0
 149 0092 53       		.byte	83
 150 0093 00       		.byte	0
 151 0094 42       		.byte	66
 152 0095 00       		.byte	0
 153 0096 20       		.byte	32
 154 0097 00       		.byte	0
 155 0098 4D       		.byte	77
 156 0099 00       		.byte	0
 157 009a 49       		.byte	73
 158 009b 00       		.byte	0
 159 009c 44       		.byte	68
 160 009d 00       		.byte	0
 161 009e 49       		.byte	73
 162 009f 00       		.byte	0
 163 00a0 24       		.byte	36
 164 00a1 03       		.byte	3
 165 00a2 4D       		.byte	77
 166 00a3 00       		.byte	0
 167 00a4 49       		.byte	73
 168 00a5 00       		.byte	0
 169 00a6 44       		.byte	68
 170 00a7 00       		.byte	0
 171 00a8 49       		.byte	73
ARM GAS  C:\Users\JEFFSN~1\AppData\Local\Temp\cc0CR6Ue.s 			page 4


 172 00a9 00       		.byte	0
 173 00aa 20       		.byte	32
 174 00ab 00       		.byte	0
 175 00ac 43       		.byte	67
 176 00ad 00       		.byte	0
 177 00ae 6F       		.byte	111
 178 00af 00       		.byte	0
 179 00b0 6E       		.byte	110
 180 00b1 00       		.byte	0
 181 00b2 74       		.byte	116
 182 00b3 00       		.byte	0
 183 00b4 72       		.byte	114
 184 00b5 00       		.byte	0
 185 00b6 6F       		.byte	111
 186 00b7 00       		.byte	0
 187 00b8 6C       		.byte	108
 188 00b9 00       		.byte	0
 189 00ba 20       		.byte	32
 190 00bb 00       		.byte	0
 191 00bc 49       		.byte	73
 192 00bd 00       		.byte	0
 193 00be 6E       		.byte	110
 194 00bf 00       		.byte	0
 195 00c0 74       		.byte	116
 196 00c1 00       		.byte	0
 197 00c2 66       		.byte	102
 198 00c3 00       		.byte	0
 199 00c4 28       		.byte	40
 200 00c5 03       		.byte	3
 201 00c6 4D       		.byte	77
 202 00c7 00       		.byte	0
 203 00c8 49       		.byte	73
 204 00c9 00       		.byte	0
 205 00ca 44       		.byte	68
 206 00cb 00       		.byte	0
 207 00cc 49       		.byte	73
 208 00cd 00       		.byte	0
 209 00ce 20       		.byte	32
 210 00cf 00       		.byte	0
 211 00d0 53       		.byte	83
 212 00d1 00       		.byte	0
 213 00d2 74       		.byte	116
 214 00d3 00       		.byte	0
 215 00d4 72       		.byte	114
 216 00d5 00       		.byte	0
 217 00d6 65       		.byte	101
 218 00d7 00       		.byte	0
 219 00d8 61       		.byte	97
 220 00d9 00       		.byte	0
 221 00da 6D       		.byte	109
 222 00db 00       		.byte	0
 223 00dc 69       		.byte	105
 224 00dd 00       		.byte	0
 225 00de 6E       		.byte	110
 226 00df 00       		.byte	0
 227 00e0 67       		.byte	103
 228 00e1 00       		.byte	0
ARM GAS  C:\Users\JEFFSN~1\AppData\Local\Temp\cc0CR6Ue.s 			page 5


 229 00e2 20       		.byte	32
 230 00e3 00       		.byte	0
 231 00e4 49       		.byte	73
 232 00e5 00       		.byte	0
 233 00e6 6E       		.byte	110
 234 00e7 00       		.byte	0
 235 00e8 74       		.byte	116
 236 00e9 00       		.byte	0
 237 00ea 66       		.byte	102
 238 00eb 00       		.byte	0
 239 00ec 10       		.byte	16
 240 00ed 03       		.byte	3
 241 00ee 4D       		.byte	77
 242 00ef 00       		.byte	0
 243 00f0 49       		.byte	73
 244 00f1 00       		.byte	0
 245 00f2 44       		.byte	68
 246 00f3 00       		.byte	0
 247 00f4 49       		.byte	73
 248 00f5 00       		.byte	0
 249 00f6 20       		.byte	32
 250 00f7 00       		.byte	0
 251 00f8 49       		.byte	73
 252 00f9 00       		.byte	0
 253 00fa 4E       		.byte	78
 254 00fb 00       		.byte	0
 255 00fc 12       		.byte	18
 256 00fd 03       		.byte	3
 257 00fe 4D       		.byte	77
 258 00ff 00       		.byte	0
 259 0100 49       		.byte	73
 260 0101 00       		.byte	0
 261 0102 44       		.byte	68
 262 0103 00       		.byte	0
 263 0104 49       		.byte	73
 264 0105 00       		.byte	0
 265 0106 20       		.byte	32
 266 0107 00       		.byte	0
 267 0108 4F       		.byte	79
 268 0109 00       		.byte	0
 269 010a 55       		.byte	85
 270 010b 00       		.byte	0
 271 010c 54       		.byte	84
 272 010d 00       		.byte	0
 273 010e 00       		.byte	0
 274 010f 00       		.space	1
 275              		.type	USBMIDI_DEVICE0_CONFIGURATION0_DESCR, %object
 276              		.size	USBMIDI_DEVICE0_CONFIGURATION0_DESCR, 101
 277              	USBMIDI_DEVICE0_CONFIGURATION0_DESCR:
 278 0110 09       		.byte	9
 279 0111 02       		.byte	2
 280 0112 65       		.byte	101
 281 0113 00       		.byte	0
 282 0114 02       		.byte	2
 283 0115 01       		.byte	1
 284 0116 01       		.byte	1
 285 0117 80       		.byte	-128
ARM GAS  C:\Users\JEFFSN~1\AppData\Local\Temp\cc0CR6Ue.s 			page 6


 286 0118 32       		.byte	50
 287 0119 09       		.byte	9
 288 011a 04       		.byte	4
 289 011b 00       		.byte	0
 290 011c 00       		.byte	0
 291 011d 00       		.byte	0
 292 011e 01       		.byte	1
 293 011f 01       		.byte	1
 294 0120 00       		.byte	0
 295 0121 03       		.byte	3
 296 0122 09       		.byte	9
 297 0123 24       		.byte	36
 298 0124 01       		.byte	1
 299 0125 00       		.byte	0
 300 0126 01       		.byte	1
 301 0127 09       		.byte	9
 302 0128 00       		.byte	0
 303 0129 01       		.byte	1
 304 012a 01       		.byte	1
 305 012b 09       		.byte	9
 306 012c 04       		.byte	4
 307 012d 01       		.byte	1
 308 012e 00       		.byte	0
 309 012f 02       		.byte	2
 310 0130 01       		.byte	1
 311 0131 03       		.byte	3
 312 0132 00       		.byte	0
 313 0133 04       		.byte	4
 314 0134 07       		.byte	7
 315 0135 24       		.byte	36
 316 0136 01       		.byte	1
 317 0137 00       		.byte	0
 318 0138 01       		.byte	1
 319 0139 25       		.byte	37
 320 013a 00       		.byte	0
 321 013b 06       		.byte	6
 322 013c 24       		.byte	36
 323 013d 02       		.byte	2
 324 013e 01       		.byte	1
 325 013f 01       		.byte	1
 326 0140 05       		.byte	5
 327 0141 06       		.byte	6
 328 0142 24       		.byte	36
 329 0143 02       		.byte	2
 330 0144 02       		.byte	2
 331 0145 02       		.byte	2
 332 0146 05       		.byte	5
 333 0147 09       		.byte	9
 334 0148 24       		.byte	36
 335 0149 03       		.byte	3
 336 014a 01       		.byte	1
 337 014b 03       		.byte	3
 338 014c 01       		.byte	1
 339 014d 02       		.byte	2
 340 014e 01       		.byte	1
 341 014f 06       		.byte	6
 342 0150 09       		.byte	9
ARM GAS  C:\Users\JEFFSN~1\AppData\Local\Temp\cc0CR6Ue.s 			page 7


 343 0151 24       		.byte	36
 344 0152 03       		.byte	3
 345 0153 02       		.byte	2
 346 0154 04       		.byte	4
 347 0155 01       		.byte	1
 348 0156 01       		.byte	1
 349 0157 01       		.byte	1
 350 0158 06       		.byte	6
 351 0159 09       		.byte	9
 352 015a 05       		.byte	5
 353 015b 81       		.byte	-127
 354 015c 02       		.byte	2
 355 015d 20       		.byte	32
 356 015e 00       		.byte	0
 357 015f 00       		.byte	0
 358 0160 00       		.byte	0
 359 0161 00       		.byte	0
 360 0162 05       		.byte	5
 361 0163 25       		.byte	37
 362 0164 01       		.byte	1
 363 0165 01       		.byte	1
 364 0166 03       		.byte	3
 365 0167 09       		.byte	9
 366 0168 05       		.byte	5
 367 0169 02       		.byte	2
 368 016a 02       		.byte	2
 369 016b 20       		.byte	32
 370 016c 00       		.byte	0
 371 016d 00       		.byte	0
 372 016e 00       		.byte	0
 373 016f 00       		.byte	0
 374 0170 05       		.byte	5
 375 0171 25       		.byte	37
 376 0172 01       		.byte	1
 377 0173 01       		.byte	1
 378 0174 01       		.byte	1
 379 0175 000000   		.space	3
 380              		.type	USBMIDI_DEVICE0_DESCR, %object
 381              		.size	USBMIDI_DEVICE0_DESCR, 18
 382              	USBMIDI_DEVICE0_DESCR:
 383 0178 12       		.byte	18
 384 0179 01       		.byte	1
 385 017a 00       		.byte	0
 386 017b 02       		.byte	2
 387 017c 00       		.byte	0
 388 017d 00       		.byte	0
 389 017e 00       		.byte	0
 390 017f 08       		.byte	8
 391 0180 B4       		.byte	-76
 392 0181 04       		.byte	4
 393 0182 32       		.byte	50
 394 0183 D2       		.byte	-46
 395 0184 01       		.byte	1
 396 0185 00       		.byte	0
 397 0186 01       		.byte	1
 398 0187 02       		.byte	2
 399 0188 80       		.byte	-128
ARM GAS  C:\Users\JEFFSN~1\AppData\Local\Temp\cc0CR6Ue.s 			page 8


 400 0189 01       		.byte	1
 401              		.text
 402              	.Letext0:
 403              		.file 1 "Generated_Source\\PSoC5\\cytypes.h"
 404              		.file 2 "Generated_Source\\PSoC5\\USBMIDI.h"
 405              		.file 3 "Generated_Source\\PSoC5\\USBMIDI_descr.c"
 406              		.section	.debug_info,"",%progbits
 407              	.Ldebug_info0:
 408 0000 A4020000 		.4byte	0x2a4
 409 0004 0400     		.2byte	0x4
 410 0006 00000000 		.4byte	.Ldebug_abbrev0
 411 000a 04       		.byte	0x4
 412 000b 01       		.uleb128 0x1
 413 000c 83000000 		.4byte	.LASF35
 414 0010 0C       		.byte	0xc
 415 0011 F9020000 		.4byte	.LASF36
 416 0015 62010000 		.4byte	.LASF37
 417 0019 00000000 		.4byte	.Ldebug_line0
 418 001d 02       		.uleb128 0x2
 419 001e 01       		.byte	0x1
 420 001f 06       		.byte	0x6
 421 0020 48030000 		.4byte	.LASF0
 422 0024 02       		.uleb128 0x2
 423 0025 01       		.byte	0x1
 424 0026 08       		.byte	0x8
 425 0027 75000000 		.4byte	.LASF1
 426 002b 02       		.uleb128 0x2
 427 002c 02       		.byte	0x2
 428 002d 05       		.byte	0x5
 429 002e D6020000 		.4byte	.LASF2
 430 0032 02       		.uleb128 0x2
 431 0033 02       		.byte	0x2
 432 0034 07       		.byte	0x7
 433 0035 3B000000 		.4byte	.LASF3
 434 0039 02       		.uleb128 0x2
 435 003a 04       		.byte	0x4
 436 003b 05       		.byte	0x5
 437 003c F0020000 		.4byte	.LASF4
 438 0040 02       		.uleb128 0x2
 439 0041 04       		.byte	0x4
 440 0042 07       		.byte	0x7
 441 0043 4B010000 		.4byte	.LASF5
 442 0047 02       		.uleb128 0x2
 443 0048 08       		.byte	0x8
 444 0049 05       		.byte	0x5
 445 004a 9D020000 		.4byte	.LASF6
 446 004e 02       		.uleb128 0x2
 447 004f 08       		.byte	0x8
 448 0050 07       		.byte	0x7
 449 0051 76020000 		.4byte	.LASF7
 450 0055 03       		.uleb128 0x3
 451 0056 04       		.byte	0x4
 452 0057 05       		.byte	0x5
 453 0058 696E7400 		.ascii	"int\000"
 454 005c 02       		.uleb128 0x2
 455 005d 04       		.byte	0x4
 456 005e 07       		.byte	0x7
ARM GAS  C:\Users\JEFFSN~1\AppData\Local\Temp\cc0CR6Ue.s 			page 9


 457 005f 36020000 		.4byte	.LASF8
 458 0063 04       		.uleb128 0x4
 459 0064 E0020000 		.4byte	.LASF9
 460 0068 01       		.byte	0x1
 461 0069 E401     		.2byte	0x1e4
 462 006b 24000000 		.4byte	0x24
 463 006f 04       		.uleb128 0x4
 464 0070 12020000 		.4byte	.LASF10
 465 0074 01       		.byte	0x1
 466 0075 E501     		.2byte	0x1e5
 467 0077 32000000 		.4byte	0x32
 468 007b 02       		.uleb128 0x2
 469 007c 04       		.byte	0x4
 470 007d 04       		.byte	0x4
 471 007e 64000000 		.4byte	.LASF11
 472 0082 02       		.uleb128 0x2
 473 0083 08       		.byte	0x8
 474 0084 04       		.byte	0x4
 475 0085 FD010000 		.4byte	.LASF12
 476 0089 02       		.uleb128 0x2
 477 008a 01       		.byte	0x1
 478 008b 08       		.byte	0x8
 479 008c AB020000 		.4byte	.LASF13
 480 0090 02       		.uleb128 0x2
 481 0091 08       		.byte	0x8
 482 0092 04       		.byte	0x4
 483 0093 3C030000 		.4byte	.LASF14
 484 0097 02       		.uleb128 0x2
 485 0098 04       		.byte	0x4
 486 0099 07       		.byte	0x7
 487 009a 94020000 		.4byte	.LASF15
 488 009e 05       		.uleb128 0x5
 489 009f 08       		.byte	0x8
 490 00a0 02       		.byte	0x2
 491 00a1 9A       		.byte	0x9a
 492 00a2 EF000000 		.4byte	0xef
 493 00a6 06       		.uleb128 0x6
 494 00a7 E6020000 		.4byte	.LASF16
 495 00ab 02       		.byte	0x2
 496 00ac 9C       		.byte	0x9c
 497 00ad 63000000 		.4byte	0x63
 498 00b1 00       		.byte	0
 499 00b2 06       		.uleb128 0x6
 500 00b3 6A000000 		.4byte	.LASF17
 501 00b7 02       		.byte	0x2
 502 00b8 9D       		.byte	0x9d
 503 00b9 63000000 		.4byte	0x63
 504 00bd 01       		.byte	0x1
 505 00be 06       		.uleb128 0x6
 506 00bf 5D010000 		.4byte	.LASF18
 507 00c3 02       		.byte	0x2
 508 00c4 9E       		.byte	0x9e
 509 00c5 63000000 		.4byte	0x63
 510 00c9 02       		.byte	0x2
 511 00ca 06       		.uleb128 0x6
 512 00cb 40010000 		.4byte	.LASF19
 513 00cf 02       		.byte	0x2
ARM GAS  C:\Users\JEFFSN~1\AppData\Local\Temp\cc0CR6Ue.s 			page 10


 514 00d0 9F       		.byte	0x9f
 515 00d1 63000000 		.4byte	0x63
 516 00d5 03       		.byte	0x3
 517 00d6 06       		.uleb128 0x6
 518 00d7 CB020000 		.4byte	.LASF20
 519 00db 02       		.byte	0x2
 520 00dc A0       		.byte	0xa0
 521 00dd 6F000000 		.4byte	0x6f
 522 00e1 04       		.byte	0x4
 523 00e2 06       		.uleb128 0x6
 524 00e3 54030000 		.4byte	.LASF21
 525 00e7 02       		.byte	0x2
 526 00e8 A1       		.byte	0xa1
 527 00e9 63000000 		.4byte	0x63
 528 00ed 06       		.byte	0x6
 529 00ee 00       		.byte	0
 530 00ef 07       		.uleb128 0x7
 531 00f0 20030000 		.4byte	.LASF22
 532 00f4 02       		.byte	0x2
 533 00f5 A2       		.byte	0xa2
 534 00f6 9E000000 		.4byte	0x9e
 535 00fa 05       		.uleb128 0x5
 536 00fb 08       		.byte	0x8
 537 00fc 02       		.byte	0x2
 538 00fd B1       		.byte	0xb1
 539 00fe 19010000 		.4byte	0x119
 540 0102 08       		.uleb128 0x8
 541 0103 6300     		.ascii	"c\000"
 542 0105 02       		.byte	0x2
 543 0106 B3       		.byte	0xb3
 544 0107 63000000 		.4byte	0x63
 545 010b 00       		.byte	0
 546 010c 06       		.uleb128 0x6
 547 010d 8D020000 		.4byte	.LASF23
 548 0111 02       		.byte	0x2
 549 0112 B4       		.byte	0xb4
 550 0113 19010000 		.4byte	0x119
 551 0117 04       		.byte	0x4
 552 0118 00       		.byte	0
 553 0119 09       		.uleb128 0x9
 554 011a 04       		.byte	0x4
 555 011b 1F010000 		.4byte	0x11f
 556 011f 0A       		.uleb128 0xa
 557 0120 07       		.uleb128 0x7
 558 0121 04020000 		.4byte	.LASF24
 559 0125 02       		.byte	0x2
 560 0126 B5       		.byte	0xb5
 561 0127 FA000000 		.4byte	0xfa
 562 012b 0B       		.uleb128 0xb
 563 012c 3B010000 		.4byte	0x13b
 564 0130 3B010000 		.4byte	0x13b
 565 0134 0C       		.uleb128 0xc
 566 0135 97000000 		.4byte	0x97
 567 0139 11       		.byte	0x11
 568 013a 00       		.byte	0
 569 013b 0D       		.uleb128 0xd
 570 013c 63000000 		.4byte	0x63
ARM GAS  C:\Users\JEFFSN~1\AppData\Local\Temp\cc0CR6Ue.s 			page 11


 571 0140 0E       		.uleb128 0xe
 572 0141 4E000000 		.4byte	.LASF25
 573 0145 03       		.byte	0x3
 574 0146 24       		.byte	0x24
 575 0147 51010000 		.4byte	0x151
 576 014b 05       		.uleb128 0x5
 577 014c 03       		.byte	0x3
 578 014d 00000000 		.4byte	USBMIDI_DEVICE0_DESCR
 579 0151 0D       		.uleb128 0xd
 580 0152 2B010000 		.4byte	0x12b
 581 0156 0B       		.uleb128 0xb
 582 0157 3B010000 		.4byte	0x13b
 583 015b 66010000 		.4byte	0x166
 584 015f 0C       		.uleb128 0xc
 585 0160 97000000 		.4byte	0x97
 586 0164 64       		.byte	0x64
 587 0165 00       		.byte	0
 588 0166 0E       		.uleb128 0xe
 589 0167 43020000 		.4byte	.LASF26
 590 016b 03       		.byte	0x3
 591 016c 37       		.byte	0x37
 592 016d 77010000 		.4byte	0x177
 593 0171 05       		.uleb128 0x5
 594 0172 03       		.byte	0x3
 595 0173 00000000 		.4byte	USBMIDI_DEVICE0_CONFIGURATION0_DESCR
 596 0177 0D       		.uleb128 0xd
 597 0178 56010000 		.4byte	0x156
 598 017c 0B       		.uleb128 0xb
 599 017d 8C010000 		.4byte	0x18c
 600 0181 8C010000 		.4byte	0x18c
 601 0185 0C       		.uleb128 0xc
 602 0186 97000000 		.4byte	0x97
 603 018a 01       		.byte	0x1
 604 018b 00       		.byte	0
 605 018c 0D       		.uleb128 0xd
 606 018d EF000000 		.4byte	0xef
 607 0191 0F       		.uleb128 0xf
 608 0192 CC010000 		.4byte	.LASF27
 609 0196 03       		.byte	0x3
 610 0197 0C01     		.2byte	0x10c
 611 0199 A3010000 		.4byte	0x1a3
 612 019d 05       		.uleb128 0x5
 613 019e 03       		.byte	0x3
 614 019f 00000000 		.4byte	USBMIDI_DEVICE0_CONFIGURATION0_EP_SETTINGS_TABLE
 615 01a3 0D       		.uleb128 0xd
 616 01a4 7C010000 		.4byte	0x17c
 617 01a8 0B       		.uleb128 0xb
 618 01a9 3B010000 		.4byte	0x13b
 619 01ad B8010000 		.4byte	0x1b8
 620 01b1 0C       		.uleb128 0xc
 621 01b2 97000000 		.4byte	0x97
 622 01b6 01       		.byte	0x1
 623 01b7 00       		.byte	0
 624 01b8 0F       		.uleb128 0xf
 625 01b9 11010000 		.4byte	.LASF28
 626 01bd 03       		.byte	0x3
 627 01be 1101     		.2byte	0x111
ARM GAS  C:\Users\JEFFSN~1\AppData\Local\Temp\cc0CR6Ue.s 			page 12


 628 01c0 CA010000 		.4byte	0x1ca
 629 01c4 05       		.uleb128 0x5
 630 01c5 03       		.byte	0x3
 631 01c6 00000000 		.4byte	USBMIDI_DEVICE0_CONFIGURATION0_INTERFACE_CLASS
 632 01ca 0D       		.uleb128 0xd
 633 01cb A8010000 		.4byte	0x1a8
 634 01cf 0B       		.uleb128 0xb
 635 01d0 DF010000 		.4byte	0x1df
 636 01d4 DF010000 		.4byte	0x1df
 637 01d8 0C       		.uleb128 0xc
 638 01d9 97000000 		.4byte	0x97
 639 01dd 04       		.byte	0x4
 640 01de 00       		.byte	0
 641 01df 0D       		.uleb128 0xd
 642 01e0 20010000 		.4byte	0x120
 643 01e4 0F       		.uleb128 0xf
 644 01e5 16000000 		.4byte	.LASF29
 645 01e9 03       		.byte	0x3
 646 01ea 1901     		.2byte	0x119
 647 01ec F6010000 		.4byte	0x1f6
 648 01f0 05       		.uleb128 0x5
 649 01f1 03       		.byte	0x3
 650 01f2 00000000 		.4byte	USBMIDI_DEVICE0_CONFIGURATION0_TABLE
 651 01f6 0D       		.uleb128 0xd
 652 01f7 CF010000 		.4byte	0x1cf
 653 01fb 0B       		.uleb128 0xb
 654 01fc DF010000 		.4byte	0x1df
 655 0200 0B020000 		.4byte	0x20b
 656 0204 0C       		.uleb128 0xc
 657 0205 97000000 		.4byte	0x97
 658 0209 02       		.byte	0x2
 659 020a 00       		.byte	0
 660 020b 0F       		.uleb128 0xf
 661 020c 00000000 		.4byte	.LASF30
 662 0210 03       		.byte	0x3
 663 0211 2401     		.2byte	0x124
 664 0213 1D020000 		.4byte	0x21d
 665 0217 05       		.uleb128 0x5
 666 0218 03       		.byte	0x3
 667 0219 00000000 		.4byte	USBMIDI_DEVICE0_TABLE
 668 021d 0D       		.uleb128 0xd
 669 021e FB010000 		.4byte	0x1fb
 670 0222 0B       		.uleb128 0xb
 671 0223 DF010000 		.4byte	0x1df
 672 0227 32020000 		.4byte	0x232
 673 022b 0C       		.uleb128 0xc
 674 022c 97000000 		.4byte	0x97
 675 0230 00       		.byte	0
 676 0231 00       		.byte	0
 677 0232 0F       		.uleb128 0xf
 678 0233 68020000 		.4byte	.LASF31
 679 0237 03       		.byte	0x3
 680 0238 2C01     		.2byte	0x12c
 681 023a 44020000 		.4byte	0x244
 682 023e 05       		.uleb128 0x5
 683 023f 03       		.byte	0x3
 684 0240 00000000 		.4byte	USBMIDI_TABLE
ARM GAS  C:\Users\JEFFSN~1\AppData\Local\Temp\cc0CR6Ue.s 			page 13


 685 0244 0D       		.uleb128 0xd
 686 0245 22020000 		.4byte	0x222
 687 0249 0E       		.uleb128 0xe
 688 024a 19020000 		.4byte	.LASF32
 689 024e 03       		.byte	0x3
 690 024f FD       		.byte	0xfd
 691 0250 5A020000 		.4byte	0x25a
 692 0254 05       		.uleb128 0x5
 693 0255 03       		.byte	0x3
 694 0256 00000000 		.4byte	USBMIDI_SN_STRING_DESCRIPTOR
 695 025a 0D       		.uleb128 0xd
 696 025b A8010000 		.4byte	0x1a8
 697 025f 0B       		.uleb128 0xb
 698 0260 3B010000 		.4byte	0x13b
 699 0264 6F020000 		.4byte	0x26f
 700 0268 0C       		.uleb128 0xc
 701 0269 97000000 		.4byte	0x97
 702 026d AE       		.byte	0xae
 703 026e 00       		.byte	0
 704 026f 0E       		.uleb128 0xe
 705 0270 B0020000 		.4byte	.LASF33
 706 0274 03       		.byte	0x3
 707 0275 BF       		.byte	0xbf
 708 0276 80020000 		.4byte	0x280
 709 027a 05       		.uleb128 0x5
 710 027b 03       		.byte	0x3
 711 027c 00000000 		.4byte	USBMIDI_STRING_DESCRIPTORS
 712 0280 0D       		.uleb128 0xd
 713 0281 5F020000 		.4byte	0x25f
 714 0285 0B       		.uleb128 0xb
 715 0286 63000000 		.4byte	0x63
 716 028a 95020000 		.4byte	0x295
 717 028e 0C       		.uleb128 0xc
 718 028f 97000000 		.4byte	0x97
 719 0293 21       		.byte	0x21
 720 0294 00       		.byte	0
 721 0295 0F       		.uleb128 0xf
 722 0296 A5010000 		.4byte	.LASF34
 723 029a 03       		.byte	0x3
 724 029b 5A01     		.2byte	0x15a
 725 029d 85020000 		.4byte	0x285
 726 02a1 05       		.uleb128 0x5
 727 02a2 03       		.byte	0x3
 728 02a3 00000000 		.4byte	USBMIDI_idSerialNumberStringDescriptor
 729 02a7 00       		.byte	0
 730              		.section	.debug_abbrev,"",%progbits
 731              	.Ldebug_abbrev0:
 732 0000 01       		.uleb128 0x1
 733 0001 11       		.uleb128 0x11
 734 0002 01       		.byte	0x1
 735 0003 25       		.uleb128 0x25
 736 0004 0E       		.uleb128 0xe
 737 0005 13       		.uleb128 0x13
 738 0006 0B       		.uleb128 0xb
 739 0007 03       		.uleb128 0x3
 740 0008 0E       		.uleb128 0xe
 741 0009 1B       		.uleb128 0x1b
ARM GAS  C:\Users\JEFFSN~1\AppData\Local\Temp\cc0CR6Ue.s 			page 14


 742 000a 0E       		.uleb128 0xe
 743 000b 10       		.uleb128 0x10
 744 000c 17       		.uleb128 0x17
 745 000d 00       		.byte	0
 746 000e 00       		.byte	0
 747 000f 02       		.uleb128 0x2
 748 0010 24       		.uleb128 0x24
 749 0011 00       		.byte	0
 750 0012 0B       		.uleb128 0xb
 751 0013 0B       		.uleb128 0xb
 752 0014 3E       		.uleb128 0x3e
 753 0015 0B       		.uleb128 0xb
 754 0016 03       		.uleb128 0x3
 755 0017 0E       		.uleb128 0xe
 756 0018 00       		.byte	0
 757 0019 00       		.byte	0
 758 001a 03       		.uleb128 0x3
 759 001b 24       		.uleb128 0x24
 760 001c 00       		.byte	0
 761 001d 0B       		.uleb128 0xb
 762 001e 0B       		.uleb128 0xb
 763 001f 3E       		.uleb128 0x3e
 764 0020 0B       		.uleb128 0xb
 765 0021 03       		.uleb128 0x3
 766 0022 08       		.uleb128 0x8
 767 0023 00       		.byte	0
 768 0024 00       		.byte	0
 769 0025 04       		.uleb128 0x4
 770 0026 16       		.uleb128 0x16
 771 0027 00       		.byte	0
 772 0028 03       		.uleb128 0x3
 773 0029 0E       		.uleb128 0xe
 774 002a 3A       		.uleb128 0x3a
 775 002b 0B       		.uleb128 0xb
 776 002c 3B       		.uleb128 0x3b
 777 002d 05       		.uleb128 0x5
 778 002e 49       		.uleb128 0x49
 779 002f 13       		.uleb128 0x13
 780 0030 00       		.byte	0
 781 0031 00       		.byte	0
 782 0032 05       		.uleb128 0x5
 783 0033 13       		.uleb128 0x13
 784 0034 01       		.byte	0x1
 785 0035 0B       		.uleb128 0xb
 786 0036 0B       		.uleb128 0xb
 787 0037 3A       		.uleb128 0x3a
 788 0038 0B       		.uleb128 0xb
 789 0039 3B       		.uleb128 0x3b
 790 003a 0B       		.uleb128 0xb
 791 003b 01       		.uleb128 0x1
 792 003c 13       		.uleb128 0x13
 793 003d 00       		.byte	0
 794 003e 00       		.byte	0
 795 003f 06       		.uleb128 0x6
 796 0040 0D       		.uleb128 0xd
 797 0041 00       		.byte	0
 798 0042 03       		.uleb128 0x3
ARM GAS  C:\Users\JEFFSN~1\AppData\Local\Temp\cc0CR6Ue.s 			page 15


 799 0043 0E       		.uleb128 0xe
 800 0044 3A       		.uleb128 0x3a
 801 0045 0B       		.uleb128 0xb
 802 0046 3B       		.uleb128 0x3b
 803 0047 0B       		.uleb128 0xb
 804 0048 49       		.uleb128 0x49
 805 0049 13       		.uleb128 0x13
 806 004a 38       		.uleb128 0x38
 807 004b 0B       		.uleb128 0xb
 808 004c 00       		.byte	0
 809 004d 00       		.byte	0
 810 004e 07       		.uleb128 0x7
 811 004f 16       		.uleb128 0x16
 812 0050 00       		.byte	0
 813 0051 03       		.uleb128 0x3
 814 0052 0E       		.uleb128 0xe
 815 0053 3A       		.uleb128 0x3a
 816 0054 0B       		.uleb128 0xb
 817 0055 3B       		.uleb128 0x3b
 818 0056 0B       		.uleb128 0xb
 819 0057 49       		.uleb128 0x49
 820 0058 13       		.uleb128 0x13
 821 0059 00       		.byte	0
 822 005a 00       		.byte	0
 823 005b 08       		.uleb128 0x8
 824 005c 0D       		.uleb128 0xd
 825 005d 00       		.byte	0
 826 005e 03       		.uleb128 0x3
 827 005f 08       		.uleb128 0x8
 828 0060 3A       		.uleb128 0x3a
 829 0061 0B       		.uleb128 0xb
 830 0062 3B       		.uleb128 0x3b
 831 0063 0B       		.uleb128 0xb
 832 0064 49       		.uleb128 0x49
 833 0065 13       		.uleb128 0x13
 834 0066 38       		.uleb128 0x38
 835 0067 0B       		.uleb128 0xb
 836 0068 00       		.byte	0
 837 0069 00       		.byte	0
 838 006a 09       		.uleb128 0x9
 839 006b 0F       		.uleb128 0xf
 840 006c 00       		.byte	0
 841 006d 0B       		.uleb128 0xb
 842 006e 0B       		.uleb128 0xb
 843 006f 49       		.uleb128 0x49
 844 0070 13       		.uleb128 0x13
 845 0071 00       		.byte	0
 846 0072 00       		.byte	0
 847 0073 0A       		.uleb128 0xa
 848 0074 26       		.uleb128 0x26
 849 0075 00       		.byte	0
 850 0076 00       		.byte	0
 851 0077 00       		.byte	0
 852 0078 0B       		.uleb128 0xb
 853 0079 01       		.uleb128 0x1
 854 007a 01       		.byte	0x1
 855 007b 49       		.uleb128 0x49
ARM GAS  C:\Users\JEFFSN~1\AppData\Local\Temp\cc0CR6Ue.s 			page 16


 856 007c 13       		.uleb128 0x13
 857 007d 01       		.uleb128 0x1
 858 007e 13       		.uleb128 0x13
 859 007f 00       		.byte	0
 860 0080 00       		.byte	0
 861 0081 0C       		.uleb128 0xc
 862 0082 21       		.uleb128 0x21
 863 0083 00       		.byte	0
 864 0084 49       		.uleb128 0x49
 865 0085 13       		.uleb128 0x13
 866 0086 2F       		.uleb128 0x2f
 867 0087 0B       		.uleb128 0xb
 868 0088 00       		.byte	0
 869 0089 00       		.byte	0
 870 008a 0D       		.uleb128 0xd
 871 008b 26       		.uleb128 0x26
 872 008c 00       		.byte	0
 873 008d 49       		.uleb128 0x49
 874 008e 13       		.uleb128 0x13
 875 008f 00       		.byte	0
 876 0090 00       		.byte	0
 877 0091 0E       		.uleb128 0xe
 878 0092 34       		.uleb128 0x34
 879 0093 00       		.byte	0
 880 0094 03       		.uleb128 0x3
 881 0095 0E       		.uleb128 0xe
 882 0096 3A       		.uleb128 0x3a
 883 0097 0B       		.uleb128 0xb
 884 0098 3B       		.uleb128 0x3b
 885 0099 0B       		.uleb128 0xb
 886 009a 49       		.uleb128 0x49
 887 009b 13       		.uleb128 0x13
 888 009c 3F       		.uleb128 0x3f
 889 009d 19       		.uleb128 0x19
 890 009e 02       		.uleb128 0x2
 891 009f 18       		.uleb128 0x18
 892 00a0 00       		.byte	0
 893 00a1 00       		.byte	0
 894 00a2 0F       		.uleb128 0xf
 895 00a3 34       		.uleb128 0x34
 896 00a4 00       		.byte	0
 897 00a5 03       		.uleb128 0x3
 898 00a6 0E       		.uleb128 0xe
 899 00a7 3A       		.uleb128 0x3a
 900 00a8 0B       		.uleb128 0xb
 901 00a9 3B       		.uleb128 0x3b
 902 00aa 05       		.uleb128 0x5
 903 00ab 49       		.uleb128 0x49
 904 00ac 13       		.uleb128 0x13
 905 00ad 3F       		.uleb128 0x3f
 906 00ae 19       		.uleb128 0x19
 907 00af 02       		.uleb128 0x2
 908 00b0 18       		.uleb128 0x18
 909 00b1 00       		.byte	0
 910 00b2 00       		.byte	0
 911 00b3 00       		.byte	0
 912              		.section	.debug_aranges,"",%progbits
ARM GAS  C:\Users\JEFFSN~1\AppData\Local\Temp\cc0CR6Ue.s 			page 17


 913 0000 14000000 		.4byte	0x14
 914 0004 0200     		.2byte	0x2
 915 0006 00000000 		.4byte	.Ldebug_info0
 916 000a 04       		.byte	0x4
 917 000b 00       		.byte	0
 918 000c 0000     		.2byte	0
 919 000e 0000     		.2byte	0
 920 0010 00000000 		.4byte	0
 921 0014 00000000 		.4byte	0
 922              		.section	.debug_line,"",%progbits
 923              	.Ldebug_line0:
 924 0000 5D000000 		.section	.debug_str,"MS",%progbits,1
 924      02005700 
 924      00000201 
 924      FB0E0D00 
 924      01010101 
 925              	.LASF30:
 926 0000 5553424D 		.ascii	"USBMIDI_DEVICE0_TABLE\000"
 926      4944495F 
 926      44455649 
 926      4345305F 
 926      5441424C 
 927              	.LASF29:
 928 0016 5553424D 		.ascii	"USBMIDI_DEVICE0_CONFIGURATION0_TABLE\000"
 928      4944495F 
 928      44455649 
 928      4345305F 
 928      434F4E46 
 929              	.LASF3:
 930 003b 73686F72 		.ascii	"short unsigned int\000"
 930      7420756E 
 930      7369676E 
 930      65642069 
 930      6E7400
 931              	.LASF25:
 932 004e 5553424D 		.ascii	"USBMIDI_DEVICE0_DESCR\000"
 932      4944495F 
 932      44455649 
 932      4345305F 
 932      44455343 
 933              	.LASF11:
 934 0064 666C6F61 		.ascii	"float\000"
 934      7400
 935              	.LASF17:
 936 006a 616C7453 		.ascii	"altSetting\000"
 936      65747469 
 936      6E6700
 937              	.LASF1:
 938 0075 756E7369 		.ascii	"unsigned char\000"
 938      676E6564 
 938      20636861 
 938      7200
 939              	.LASF35:
 940 0083 474E5520 		.ascii	"GNU C11 5.4.1 20160609 (release) [ARM/embedded-5-br"
 940      43313120 
 940      352E342E 
 940      31203230 
ARM GAS  C:\Users\JEFFSN~1\AppData\Local\Temp\cc0CR6Ue.s 			page 18


 940      31363036 
 941 00b6 616E6368 		.ascii	"anch revision 237715] -mcpu=cortex-m3 -mthumb -g -O"
 941      20726576 
 941      6973696F 
 941      6E203233 
 941      37373135 
 942 00e9 67202D66 		.ascii	"g -ffunction-sections -ffat-lto-objects\000"
 942      66756E63 
 942      74696F6E 
 942      2D736563 
 942      74696F6E 
 943              	.LASF28:
 944 0111 5553424D 		.ascii	"USBMIDI_DEVICE0_CONFIGURATION0_INTERFACE_CLASS\000"
 944      4944495F 
 944      44455649 
 944      4345305F 
 944      434F4E46 
 945              	.LASF19:
 946 0140 61747472 		.ascii	"attributes\000"
 946      69627574 
 946      657300
 947              	.LASF5:
 948 014b 6C6F6E67 		.ascii	"long unsigned int\000"
 948      20756E73 
 948      69676E65 
 948      6420696E 
 948      7400
 949              	.LASF18:
 950 015d 61646472 		.ascii	"addr\000"
 950      00
 951              	.LASF37:
 952 0162 433A5C55 		.ascii	"C:\\Users\\JeffSnyder\\Documents\\PSoC Creator\\wes"
 952      73657273 
 952      5C4A6566 
 952      66536E79 
 952      6465725C 
 953 0190 746F6E5F 		.ascii	"ton_1\\weston_1.cydsn\000"
 953      315C7765 
 953      73746F6E 
 953      5F312E63 
 953      7964736E 
 954              	.LASF34:
 955 01a5 5553424D 		.ascii	"USBMIDI_idSerialNumberStringDescriptor\000"
 955      4944495F 
 955      69645365 
 955      7269616C 
 955      4E756D62 
 956              	.LASF27:
 957 01cc 5553424D 		.ascii	"USBMIDI_DEVICE0_CONFIGURATION0_EP_SETTINGS_TABLE\000"
 957      4944495F 
 957      44455649 
 957      4345305F 
 957      434F4E46 
 958              	.LASF12:
 959 01fd 646F7562 		.ascii	"double\000"
 959      6C6500
 960              	.LASF24:
ARM GAS  C:\Users\JEFFSN~1\AppData\Local\Temp\cc0CR6Ue.s 			page 19


 961 0204 545F5553 		.ascii	"T_USBMIDI_LUT\000"
 961      424D4944 
 961      495F4C55 
 961      5400
 962              	.LASF10:
 963 0212 75696E74 		.ascii	"uint16\000"
 963      313600
 964              	.LASF32:
 965 0219 5553424D 		.ascii	"USBMIDI_SN_STRING_DESCRIPTOR\000"
 965      4944495F 
 965      534E5F53 
 965      5452494E 
 965      475F4445 
 966              	.LASF8:
 967 0236 756E7369 		.ascii	"unsigned int\000"
 967      676E6564 
 967      20696E74 
 967      00
 968              	.LASF26:
 969 0243 5553424D 		.ascii	"USBMIDI_DEVICE0_CONFIGURATION0_DESCR\000"
 969      4944495F 
 969      44455649 
 969      4345305F 
 969      434F4E46 
 970              	.LASF31:
 971 0268 5553424D 		.ascii	"USBMIDI_TABLE\000"
 971      4944495F 
 971      5441424C 
 971      4500
 972              	.LASF7:
 973 0276 6C6F6E67 		.ascii	"long long unsigned int\000"
 973      206C6F6E 
 973      6720756E 
 973      7369676E 
 973      65642069 
 974              	.LASF23:
 975 028d 705F6C69 		.ascii	"p_list\000"
 975      737400
 976              	.LASF15:
 977 0294 73697A65 		.ascii	"sizetype\000"
 977      74797065 
 977      00
 978              	.LASF6:
 979 029d 6C6F6E67 		.ascii	"long long int\000"
 979      206C6F6E 
 979      6720696E 
 979      7400
 980              	.LASF13:
 981 02ab 63686172 		.ascii	"char\000"
 981      00
 982              	.LASF33:
 983 02b0 5553424D 		.ascii	"USBMIDI_STRING_DESCRIPTORS\000"
 983      4944495F 
 983      53545249 
 983      4E475F44 
 983      45534352 
 984              	.LASF20:
ARM GAS  C:\Users\JEFFSN~1\AppData\Local\Temp\cc0CR6Ue.s 			page 20


 985 02cb 62756666 		.ascii	"bufferSize\000"
 985      65725369 
 985      7A6500
 986              	.LASF2:
 987 02d6 73686F72 		.ascii	"short int\000"
 987      7420696E 
 987      7400
 988              	.LASF9:
 989 02e0 75696E74 		.ascii	"uint8\000"
 989      3800
 990              	.LASF16:
 991 02e6 696E7465 		.ascii	"interface\000"
 991      72666163 
 991      6500
 992              	.LASF4:
 993 02f0 6C6F6E67 		.ascii	"long int\000"
 993      20696E74 
 993      00
 994              	.LASF36:
 995 02f9 47656E65 		.ascii	"Generated_Source\\PSoC5\\USBMIDI_descr.c\000"
 995      72617465 
 995      645F536F 
 995      75726365 
 995      5C50536F 
 996              	.LASF22:
 997 0320 545F5553 		.ascii	"T_USBMIDI_EP_SETTINGS_BLOCK\000"
 997      424D4944 
 997      495F4550 
 997      5F534554 
 997      54494E47 
 998              	.LASF14:
 999 033c 6C6F6E67 		.ascii	"long double\000"
 999      20646F75 
 999      626C6500 
 1000              	.LASF0:
 1001 0348 7369676E 		.ascii	"signed char\000"
 1001      65642063 
 1001      68617200 
 1002              	.LASF21:
 1003 0354 624D6973 		.ascii	"bMisc\000"
 1003      6300
 1004              		.ident	"GCC: (GNU Tools for ARM Embedded Processors) 5.4.1 20160609 (release) [ARM/embedded-5-bran
